1384 5963 7155 4624
1384 3404 5963 4624
1384 3404 7353 4624
1384 3404 5613 4624
1384 3404 5101 4624
3404 4440 5101 4624
347 3404 5101 4440
347 5101 7165 4440
545 5101 7165 4440
545 2564 5101 4440
545 2564 5101 8189
545 2564 9406 8189
545 2564 9406 8358
545 2371 2564 8358
545 2371 2564 8784
2371 6585 2564 8784
2371 5969 2564 8784
2371 5969 7081 8784
2371 5969 3827 8784
2371 5719 3827 8784
1638 2371 3827 8784
1638 3827 8332 8784
86 1638 3827 8784
86 347 3827 8784
86 347 4886 8784
86 341 4886 347
86 341 6391 347
86 347 6391 9159
86 347 6391 1087
86 1087 6391 1531
1087 2194 6391 1531
1087 2385 6391 1531
1087 6391 8971 1531
1531 6391 8971 8364
1531 6253 6391 8364
1531 6253 6391 5527
1531 5513 6253 5527
1531 5513 6253 6775
1531 5513 6253 1820
710 1531 5513 1820
28 1531 5513 1820
28 1820 5513 3020
28 1820 5513 6034
28 3255 5513 6034
28 3255 751 6034
28 5832 751 6034
28 3875 751 6034
28 4231 751 6034
28 3855 751 6034
28 3855 751 5700
28 3855 6100 5700
28 3855 3234 5700
28 3855 3234 6523
3234 3855 6280 6523
3234 3855 4311 6523
558 3855 3234 6523
558 3855 6713 6523
558 3855 9858 6523
558 3855 2185 6523
558 3855 1198 6523
558 3267 1198 3855
1198 3267 3496 3855
1198 3267 2422 3855
2422 3267 9501 3855
2422 3855 9501 7072
2182 2422 9501 7072
2182 2422 9274 7072
2182 2422 9274 6626
2422 6626 9274 8786
2422 3862 9274 6626
3862 7130 9274 6626
3862 4087 7130 6626
2382 3862 7130 6626
2382 6626 7130 9874
2382 6626 2882 9874
1117 2382 2882 9874
1117 2382 2868 9874
1117 2382 2868 9107
1117 2382 2868 2820
2382 2820 2868 3367
2382 3367 2868 7929
2382 3367 4045 7929
3367 4045 6597 7929
705 4045 6597 3367
705 3359 6597 3367
705 3359 6597 2228
705 3359 5185 2228
2228 3359 5185 5406
3359 3428 5185 5406
3359 3428 5185 7429
1563 3359 5185 7429
3359 7429 5185 7790
2311 3359 5185 7429
2311 5185 9126 7429
2289 5185 9126 7429
2289 3920 9126 7429
3920 7429 9126 7749
1109 7429 9126 7749
1109 5240 9126 7749
210 5240 9126 7749
210 5240 8306 7749
210 5240 9407 7749
5240 9407 9853 7749
4481 9407 9853 7749
4481 6364 9853 7749
1543 6364 9853 4481
1543 5463 9853 4481
1543 5463 9853 2837
1543 5463 9853 7998
1543 2807 9853 7998
2807 6701 9853 7998
1907 6701 9853 7998
1324 1907 9853 6701
1324 5341 9853 6701
1324 5341 9853 8099
1324 7254 9853 8099
1324 7254 7259 8099
1324 6911 7259 8099
6369 6911 7259 8099
3896 6369 7259 8099
3896 6369 7259 8041
6369 7259 7858 8041
3019 7259 7858 6369
3019 7259 7858 7901
3019 7858 8585 7901
3714 7858 8585 7901
3714 7241 7858 7901
3714 7241 7858 7480
3714 4295 7858 7480
3714 4295 4918 7480
3714 4295 4918 5834
3714 4295 4918 3778
2545 4295 4918 3714
2545 4295 9860 3714
2545 7697 9860 3714
826 7697 9860 2545
2545 7697 9860 8378
1123 2545 9860 8378
1123 2545 9860 9887
1123 2545 3143 9887
1123 2545 5028 9887
1123 5660 5028 9887
5028 5660 7835 9887
5028 7385 7835 9887
3488 5028 7835 9887
2001 3488 7835 9887
2001 7528 7835 9887
1252 2001 7835 7528
1252 7835 8335 7528
4063 7835 8335 7528
4862 7835 8335 7528
933 7835 8335 7528
933 7835 8335 4644
933 7103 7835 4644
933 4743 7103 4644
933 3166 4743 4644
53 3166 4743 933
933 3166 4743 2732
933 3166 4743 1061
933 3166 9663 1061
933 8881 9663 1061
933 8784 8881 1061
933 8784 8881 1353
933 3548 8784 1353
933 3106 8784 1353
933 3106 8784 3408
933 3106 8784 2596
933 3106 8784 7925
933 3106 4807 7925
3106 4775 4807 7925
4775 4807 6514 7925
1689 4775 6514 7925
1689 4775 5642 7925
1689 6874 5642 7925
1689 2664 5642 6874
1689 6874 5642 9055
1689 6874 1694 9055
1689 3177 1694 6874
1689 3177 1694 7603
1689 3177 6856 7603
3177 6856 8413 7603
3177 6856 8413 3779
3779 6856 8413 6990
6541 6856 8413 6990
3817 6541 8413 6990
3817 6541 8413 8927
824 3817 8413 6541
824 3817 8413 2910
824 6667 8413 2910
824 6667 8413 6412
824 885 8413 6412
824 885 1518 6412
824 885 1518 6306
824 885 1518 2202
824 1518 2402 2202
1518 2202 2402 8002
1518 6256 2402 8002
1518 6095 2402 6256
1518 6256 2402 6608
2402 6256 9418 6608
6256 9328 9418 6608
11 9328 9418 6608
11 9328 9418 224
11 21 9418 224
11 8030 9418 224
224 8030 9418 5775
224 8030 9418 9377
224 1574 8030 9377
224 4483 8030 9377
224 4483 6605 9377
224 2572 6605 9377
2572 6645 6605 9377
6605 6645 7524 9377
4999 6605 7524 9377
6605 7220 7524 9377
4826 6605 7524 7220
3659 4826 7524 7220
3659 7220 7524 8630
3659 7220 6928 8630
3659 8630 6928 9434
1827 8630 3659 9434
1827 6301 3659 9434
1372 6301 3659 9434
1372 6026 3659 6301
3659 6026 9531 6301
2321 6026 3659 6301
609 6026 3659 6301
609 4777 3659 6026
609 4777 3659 9797
609 4336 3659 9797
3659 4336 7983 9797
984 3659 7983 9797
984 3659 7983 6786
984 3659 7983 8381
984 3659 7983 6383
984 3659 8757 6383
984 3659 8757 1369
984 3659 8757 4917
3659 4917 8757 8388
3659 4917 8757 5914
3659 4917 8757 8425
1022 3659 8757 4917
1022 5403 8757 4917
1022 2249 8757 4917
1353 2249 8757 4917
1353 2249 8757 5765
1106 2249 8757 1353
1106 2249 3273 1353
1106 2249 3273 9132
2249 4481 3273 9132
2249 2683 3273 9132
1642 2683 2249 9132
1642 6337 2249 9132
2249 6337 3246 9132
3246 6337 9094 9132
1792 6337 9094 9132
1792 6244 9094 9132
1457 1792 9094 9132
1457 1792 9094 9372
1792 2296 9094 9372
1792 2296 9094 2383
2139 2296 9094 2383
2139 2383 9094 8572
2139 8572 9094 8984
1903 2139 9094 8572
1903 2139 7123 8572
1903 7123 8287 8572
1903 7123 9974 8572
1903 7123 7561 8572
864 1903 7123 8572
864 1903 7123 3681
864 3681 7123 9169
864 5860 7123 9169
864 5860 7163 9169
839 5860 864 9169
864 5860 5343 9169
864 1116 5343 9169
864 1116 2689 9169
1116 2689 3010 9169
1116 2689 8789 9169
1116 6868 8789 9169
1116 3344 8789 9169
1116 1794 8789 9169
1116 1794 8789 8804
1794 7415 8789 8804
481 7415 8789 8804
481 8745 8789 8804
481 1146 8789 8804
141 481 8789 1146
141 1460 8789 1146
141 967 8789 1146
967 1146 8789 2073
889 1146 967 2073
967 1146 6093 2073
967 1146 3079 2073
967 2073 3079 4811
817 967 3079 2073
312 967 3079 817
312 3079 5403 817
312 5403 9607 817
312 5403 9120 817
312 5403 9120 392
312 5403 9120 3243
312 5403 9120 2967
1 312 9120 2967
1 312 2609 2967
312 2609 5652 2967
312 2609 7819 2967
312 2609 2632 2967
312 2632 5352 2967
2632 2967 5352 3175
2632 2967 8836 3175
876 2632 8836 2967
876 2057 2632 2967
876 2057 6943 2967
876 2057 5380 2967
556 876 2057 2967
556 876 8151 2967
556 2967 8151 6600
2967 7635 8151 6600
2439 7635 8151 6600
6600 7635 8151 7953
6330 6600 8151 7953
6330 6600 9034 7953
2912 6600 6330 7953
2766 2912 6330 6600
2015 2912 6330 6600
2015 6330 8186 6600
1648 2015 6330 6600
1648 2015 4856 6600
530 1648 4856 2015
530 4856 6816 2015
530 6796 6816 2015
122 530 6816 2015
122 1770 6816 2015
208 1770 6816 2015
208 2015 6816 2624
208 2015 6816 5528
2015 6816 7307 5528
2015 5210 7307 5528
2015 5210 7875 5528
2015 5210 6370 5528
2015 5210 8624 5528
2015 5210 9756 5528
1441 2015 5210 5528
2015 5210 6568 5528
2015 6568 8272 5528
1530 6568 8272 2015
1530 6568 8272 8249
1998 6568 8272 8249
1998 6568 8272 8672
6568 8672 8272 9739
6568 8305 8272 8672
1048 8305 6568 8672
1048 8038 6568 8305
1048 2423 6568 8305
1048 2423 1223 8305
1048 2423 6552 8305
2423 6552 6678 8305
2423 6552 6678 4386
4386 6552 6678 9122
4386 6678 7213 9122
4386 5373 6678 9122
2213 4386 5373 9122
2213 3700 5373 9122
1783 3700 5373 9122
3700 3723 5373 9122
3723 8914 5373 9122
3723 7505 5373 8914
3361 7505 5373 8914
3361 7280 5373 8914
5373 7280 7794 8914
5373 7280 7794 8622
5373 5440 7794 7280
5440 7121 7794 7280
2039 7121 7794 5440
2039 7121 7794 9205
2039 4066 7794 9205
1667 2039 4066 9205
897 1667 4066 2039
897 1667 4066 2024
1667 2024 4066 9828
1667 2024 4066 4350
1667 4350 4066 5959
675 1667 4066 5959
675 1667 4066 5390
675 1667 5651 5390
27 675 1667 5390
27 2662 1667 5390
27 2662 1667 8846
27 2662 3537 8846
2662 3279 3537 8846
3279 8439 3537 8846
3279 8439 3537 9041
2999 3279 3537 8439
2999 3537 6571 8439
2999 3537 6571 6128
2999 6571 9828 6128
3427 6571 9828 6128
879 3427 6571 6128
1950 3427 6571 6128
914 3427 1950 6128
914 3427 2890 6128
914 3427 7816 6128
914 6128 7816 6444
914 5264 7816 6128
914 5264 7262 6128
1944 5264 7262 6128
1944 2387 7262 5264
1944 2387 7526 5264
1944 5264 7526 9094
1944 4804 7526 5264
4804 6605 7526 5264
4939 6605 7526 5264
4939 6605 7526 6396
4939 6605 9423 6396
6396 6605 9423 9604
4775 6605 9423 9604
712 6605 9423 4775
712 6605 9423 5588
712 8540 9423 5588
712 7700 9423 5588
712 919 9423 5588
919 2754 9423 5588
919 2754 9423 6448
919 1776 9423 6448
919 1776 9423 9440
919 1776 9261 9440
919 1626 9261 1776
1626 3674 9261 1776
1626 3674 9261 6427
3674 6427 9261 7562
246 6427 9261 7562
34 6427 9261 7562
34 6427 5934 7562
34 7395 5934 7562
3030 7395 5934 7562
2556 7395 5934 7562
2556 7562 5934 8272
5934 7562 8216 8272
4262 5934 8216 8272
205 5934 8216 8272
205 5844 5934 8272
205 2321 5844 8272
2321 6718 5844 8272
3601 6718 5844 8272
5844 6718 6996 8272
5844 7690 6996 8272
53 7690 6996 8272
53 7690 7320 8272
3883 7690 7320 8272
3883 7690 8783 8272
1522 7690 3883 8272
1522 6794 3883 8272
389 6794 1522 8272
389 6650 1522 6794
389 6650 6607 6794
6607 6650 8884 6794
6293 6607 8884 6794
2190 6293 8884 6794
2190 6293 4318 6794
2021 2190 4318 6794
2021 2190 7562 6794
2021 5637 7562 6794
665 5637 7562 6794
5637 6513 7562 6794
5637 6513 7562 7459
5637 6513 9564 7459
5122 6513 9564 7459
896 5122 9564 7459
896 5122 9564 9798
896 5396 9564 9798
896 5396 9564 2746
896 5396 9564 2467
896 8722 9564 2467
896 8722 9564 5398
896 5154 9564 5398
896 3213 9564 5398
338 3213 9564 5398
3213 4697 9564 5398
2660 4697 9564 5398
4697 6494 9564 5398
4697 5988 6494 5398
4274 5988 6494 4697
2529 4274 5988 4697
908 2529 5988 4697
908 2529 5988 4272
2529 4272 5988 7078
2529 4272 5988 9804
4272 4908 5988 9804
4272 4908 8424 9804
4272 6382 8424 9804
4272 4692 6382 9804
1132 4692 6382 9804
566 4692 6382 1132
1132 4692 6382 8080
4692 7306 6382 8080
4692 7306 7681 8080
3851 4692 7681 8080
422 4692 7681 8080
1287 4692 7681 8080
1287 4692 8163 8080
1287 4692 8891 8080
1287 4692 8891 6891
1287 6558 8891 6891
1287 6558 8891 5721
1287 6558 8891 4490
1287 6558 8891 1699
1287 1678 6558 1699
1287 1678 5516 1699
1678 1699 5516 4486
1678 4486 5516 5786
1678 5786 5516 6916
1533 1678 5516 6916
1533 1678 4062 6916
78 1678 4062 6916
78 1678 4062 3213
1678 2560 4062 3213
1678 2560 4062 4985
1678 1737 4062 4985
1678 4985 4062 9095
4062 4985 8189 9095
4062 6507 8189 9095
6213 6507 8189 9095
6213 6507 6605 9095
785 6507 6605 9095
785 6507 1166 9095
214 785 1166 6507
214 785 1166 3003
214 785 854 3003
214 785 854 8206
785 3281 854 8206
785 3281 854 8484
785 3281 8856 8484
785 3281 8856 5368
3281 4613 8856 5368
3281 8746 8856 5368
5368 8746 8856 9684
5368 8746 8856 8967
2882 5368 8856 8967
2882 2948 8856 8967
2882 8967 8856 9438
4717 8967 8856 9438
4717 8809 8856 9438
1887 8809 4717 9438
4230 8809 4717 9438
532 8809 4230 9438
532 8809 949 9438
532 3251 949 8809
532 831 949 3251
532 831 2855 3251
532 831 5228 3251
532 3251 5228 7463
1240 3251 5228 7463
1240 4957 5228 7463
1240 4957 4273 7463
1240 3130 4273 4957
3130 4273 4457 4957
3130 4273 4457 7767
4273 7767 4457 8828
4273 7767 5422 8828
1410 7767 5422 8828
1073 7767 1410 8828
1073 4617 1410 8828
1410 4617 8163 8828
1410 3673 8163 8828
1376 1410 8163 8828
1376 1410 8163 3487
1376 1410 8163 9554
1222 1376 1410 9554
69 1376 1222 9554
1222 1376 1865 9554
1222 5272 1865 9554
1222 4741 1865 9554
1222 5660 1865 9554
1222 5660 4230 9554
1222 9236 4230 9554
4230 9236 6926 9554
306 4230 6926 9236
306 3786 6926 9236
3786 9236 6926 9352
3618 3786 6926 9236
2042 3618 3786 9236
274 3618 3786 9236
274 3618 1885 9236
274 3618 1885 7071
274 893 1885 3618
274 3618 1885 6653
274 3618 1885 9998
274 7241 1885 9998
1885 7241 5872 9998
1885 7241 4485 9998
1885 9606 4485 9998
1885 4778 4485 9998
1811 4778 4485 9998
1811 2343 4485 4778
600 1811 4485 4778
600 1811 2662 4778
600 2662 5308 4778
600 2662 8719 4778
600 1450 2662 4778
525 1450 2662 4778
1450 1874 2662 4778
1450 1874 3759 4778
424 1450 3759 4778
424 3759 7595 4778
424 3248 3759 4778
424 1960 3248 4778
424 2449 3248 4778
424 2528 3248 4778
389 424 3248 4778
389 424 6926 4778
389 424 6926 6424
389 424 6926 7621
36 389 6926 7621
36 389 8631 7621
389 7621 8631 9545
389 2948 8631 9545
389 1190 8631 9545
389 1190 3919 9545
1190 3120 3919 9545
3120 9038 3919 9545
1797 9038 3120 9545
3120 9038 4107 9545
3120 8184 4107 9038
862 8184 4107 9038
3445 8184 4107 9038
542 3445 4107 8184
542 4107 6455 8184
4107 8184 6455 8999
2332 8184 6455 8999
538 8184 6455 8999
3250 8184 6455 8999
3071 8184 6455 8999
1792 8184 6455 8999
316 8184 6455 8999
316 4658 6455 8999
2013 4658 6455 8999
2013 4658 7943 8999
2013 6722 7943 8999
1250 2013 7943 8999
1250 2037 7943 8999
350 1250 2037 8999
350 1250 7329 8999
350 1250 7329 8527
350 1755 7329 8527
350 8527 7329 9816
350 3943 7329 8527
350 3943 1405 8527
350 8527 1405 9831
350 8527 7036 9831
350 8125 7036 8527
350 8125 7036 9142
350 8125 1405 9142
350 9142 1405 9330
1405 9142 8445 9330
1405 3262 8445 9142
1405 3262 1708 9142
1405 3262 2252 9142
1405 9142 2252 9425
1405 4654 2252 9425
1162 4654 1405 9425
1162 9425 1405 9613
1405 9425 9816 9613
1405 9425 9816 9692
1405 2289 9816 9425
1405 2289 1815 9425
1405 2289 2956 9425
2289 2956 4403 9425
2289 2956 4403 9254
2289 2956 9021 9254
2956 3693 9021 9254
2956 3693 9608 9254
2956 3693 8506 9254
2956 3693 7137 9254
2956 3076 7137 9254
910 2956 7137 3076
910 2956 6345 3076
646 910 6345 3076
646 1851 6345 3076
646 1851 6345 5342
646 4314 6345 5342
646 1375 6345 5342
646 2018 6345 5342
2018 6345 7739 5342
1325 6345 7739 2018
1100 1325 6345 2018
908 1100 6345 1325
908 1100 6345 8510
108 908 6345 8510
908 6345 6985 8510
6345 8343 6985 8510
2718 6345 6985 8510
2718 6345 7225 8510
1536 2718 6345 8510
813 1536 6345 8510
1536 8510 6345 9718
1536 8510 4607 9718
1536 8510 8508 9718
1536 8510 6199 9718
1536 8510 1926 9718
1536 1831 1926 8510
1536 7534 1926 8510
1536 7534 9105 8510
25 7534 9105 8510
25 7534 9105 8823
1256 7534 9105 8823
1256 7534 9105 9511
1256 1643 9105 9511
1256 1643 2544 9511
235 1256 2544 1643
1256 1643 2544 9644
1256 1643 2544 7430
1643 2501 2544 7430
814 1643 2501 7430
1643 2501 7760 7430
1643 7760 7859 7430
6498 7760 7859 7430
241 7760 7859 7430
7430 7760 7859 8926
5927 7760 7859 8926
4760 7760 7859 8926
2625 7760 7859 8926
7760 8077 7859 8926
7760 8077 7859 9603
7248 8077 7760 9603
284 7248 7760 9603
6863 7248 7760 9603
6470 7248 7760 9603
3606 7248 7760 9603
7131 7248 7760 9603
3335 7131 7760 9603
3335 7131 8793 9603
2448 3335 8793 7131
2448 3335 3927 7131
2448 3335 8337 7131
2448 2924 3335 7131
2448 2468 3335 7131
2448 2468 3335 2591
2448 3335 5506 2591
2448 5130 5506 2591
2448 5506 8893 2591
597 2448 5506 2591
597 2448 6783 2591
2448 5057 6783 2591
2448 5057 6783 4732
2448 6783 8598 4732
4732 6783 8598 5193
3367 4732 6783 5193
1536 4732 6783 5193
2676 4732 6783 5193
2396 4732 2676 5193
2396 5193 2676 9530
2396 5193 2676 8025
2676 5193 3152 8025
2676 5193 5772 8025
2676 5757 5772 8025
2506 5757 2676 8025
1056 2506 2676 5757
1056 2506 2884 5757
56 2506 2884 1056
56 2506 2884 6200
2506 6200 2884 8038
2884 6200 3090 8038
2884 3732 3090 6200
1673 2884 3090 3732
1673 2884 3090 5509
1715 2884 3090 5509
1715 2884 3090 4811
1694 2884 3090 4811
685 2884 3090 1694
1694 2884 3090 2812
1694 3090 9269 2812
1694 4028 9269 2812
1694 4028 5977 2812
1694 3375 4028 2812
2764 3375 4028 2812
2764 3375 4282 2812
2764 4282 9794 2812
548 2764 9794 2812
548 1409 9794 2812
548 2812 9794 6889
548 2812 2502 6889
548 6889 2502 7666
548 6177 2502 6889
2502 6177 8992 6889
2502 6889 8992 8875
2502 6889 8992 8377
870 6889 2502 8377
870 6889 5519 8377
870 4016 5519 8377
870 4016 5519 6646
870 4016 9731 6646
3083 4016 9731 6646
1353 4016 3083 6646
2542 4016 3083 6646
2542 4016 4993 6646
2161 2542 4993 4016
2073 2542 4993 4016
2542 4016 4993 6574
2542 3325 4993 6574
2542 3325 4993 3517
2542 3517 4993 4225
2542 4225 4993 4452
4225 4993 8775 4452
4452 4993 8775 8552
4452 4993 8775 4459
2425 4452 8775 4459
2052 4452 2425 4459
159 4452 2425 4459
159 4459 2425 4642
159 1420 2425 4459
159 1420 2425 8888
159 1420 2836 8888
159 1420 1687 8888
159 1420 1687 3424
159 1420 1687 5422
159 1420 1687 6983
159 1420 1216 6983
159 1420 1216 6666
159 1420 1216 3704
159 3704 1216 8125
159 4496 1216 8125
159 4496 1789 8125
159 4496 1789 8453
159 8453 1789 9038
159 8078 1789 9038
1789 8078 9464 9038
8078 8441 9464 9038
2781 8441 9464 8078
2781 8441 9464 6344
2321 2781 9464 6344
2321 2815 9464 6344
2321 2815 9464 7723
2321 2815 6941 7723
2321 7024 6941 7723
2321 5851 6941 7723
314 2321 6941 7723
314 2321 8984 7723
314 7315 8984 7723
314 1605 8984 7723
314 1605 8984 4065
314 1605 4801 4065
314 2487 4801 4065
2487 4065 4801 7677
2487 7677 4801 8317
2487 7677 7457 8317
1225 7677 7457 8317
1225 7677 7457 8146
1225 7677 7457 7711
1225 4543 7457 7677
2695 4543 7457 7677
2695 7546 7457 7677
2695 2975 7457 7546
1636 2695 7457 2975
1636 2695 3838 2975
1636 2695 8601 2975
1636 8601 9697 2975
1636 8601 9697 8199
1636 4640 9697 8199
1550 4640 9697 1636
612 1550 9697 1636
612 1550 3267 1636
612 1550 6601 1636
612 1550 2745 1636
525 1550 612 1636
525 1636 612 3438
525 3438 612 7603
525 5668 612 7603
525 4499 612 7603
525 4499 9200 7603
525 650 9200 4499
525 650 748 4499
525 650 7198 4499
525 650 1378 4499
525 650 4810 4499
525 650 6580 4499
525 650 4675 4499
525 3634 4675 4499
3634 4675 9361 4499
3634 4482 9361 4499
3634 6716 9361 4499
3634 6716 9361 4188
1475 6716 9361 4188
1475 6716 9361 7349
1475 6258 9361 7349
6258 7349 9361 7509
6258 7349 7323 7509
6258 7509 7323 7600
939 6258 7323 7600
939 3154 7323 7600
939 3154 9194 7600
939 3154 7217 7600
939 3009 7217 7600
3009 5030 7217 7600
5030 7123 7217 7600
5030 7123 7584 7600
5030 7123 7584 7813
7123 7813 7584 8817
7008 7123 7584 8817
2263 7123 7584 8817
2263 7123 7584 7285
2263 7584 8399 7285
5318 7584 8399 7285
346 5318 8399 7285
346 5318 8399 5811
346 5318 2417 5811
346 1378 2417 5318
346 5318 2417 8337
346 5318 1453 8337
1453 5318 8987 8337
1453 6967 8987 8337
1453 5360 8987 8337
1453 4584 8987 5360
4584 5878 8987 5360
5360 5878 8987 7659
5878 7659 8987 7868
5878 6635 8987 7868
1517 6635 5878 7868
1517 2310 5878 6635
1517 2310 9072 6635
1517 2310 4378 6635
609 2310 1517 6635
609 4450 1517 6635
1517 4450 3726 6635
1517 4450 3726 4865
1517 4450 3473 4865
3177 4450 3473 4865
3177 4450 5297 4865
3177 4865 5297 7204
4865 5297 8597 7204
