28 1060 1957 264 4561 2897 2226 2061 2537 4615 8049 4738 2945 249 5981 4868 7917 6122 5090 7278 8508 2119 6442 6969 2852 4631 1717 3670 6477 8827 6002 4583
28 1060 1957 264 4561 2897 2226 2061 2537 4615 8049 3586 2945 249 5981 4868 7917 6122 5090 7278 8508 2119 4738 6969 2852 4631 1717 3670 6477 8827 6002 4583
28 1060 1957 264 4561 2897 2226 2061 2537 4615 8049 3586 2945 249 5981 4868 7917 6122 5090 7278 8508 2119 4738 6969 2852 4631 1717 3670 4135 8827 6002 4583
28 1060 1957 264 2466 2897 2226 2061 2537 4615 8049 3586 2945 249 5981 4868 7917 6122 5090 4561 8508 2119 4738 6969 2852 4631 1717 3670 4135 8827 6002 4583
28 1060 1957 264 2466 2897 2226 2061 2537 4615 8049 3586 2945 249 5981 4868 7917 6122 5090 4561 8508 2119 4738 6969 9468 4631 1717 3670 4135 8827 6002 4583
28 1060 1957 264 2466 2897 2226 2061 2537 4615 8049 3586 2945 249 5981 4868 7917 6122 5090 4561 8508 2119 4738 6969 9468 5852 1717 3670 4135 8827 6002 4583
28 1060 1957 264 2466 2050 2226 2061 2537 4615 8049 2897 2945 249 5981 4868 7917 6122 5090 4561 8508 2119 3586 6969 9468 5852 1717 3670 4135 8827 6002 4583
28 1060 1957 169 2466 2050 2226 264 2537 4615 8049 2897 2945 249 2061 4868 7917 6122 5090 4561 8508 2119 3586 6969 9468 5852 1717 3670 4135 8827 6002 4583
28 1060 1957 169 2466 2050 2226 264 2537 4615 7577 2897 2945 249 2061 4868 7917 6122 5090 4561 8508 2119 3586 6969 9468 5852 1717 3670 4135 8827 6002 4583
28 1060 1957 169 2466 2050 2226 264 2537 4615 7577 2897 2945 249 2061 4868 7917 6122 5090 4561 8508 2119 3586 5143 9468 5852 1717 3670 4135 8827 6002 4583
28 1060 1957 169 4561 2050 2226 264 2537 4615 7577 2897 2945 249 2061 4868 7917 6122 5090 7948 8508 2119 3586 5143 9468 5852 1717 3670 4135 8827 6002 4583
28 1060 1957 169 4561 2050 2226 264 2537 4615 7577 2897 2945 249 2061 4868 7917 6122 5090 7948 8508 2119 3586 5143 9468 5852 1717 3670 4135 8827 6002 9088
28 1060 1957 169 4561 2050 2226 264 2537 4615 7577 2897 5852 249 2061 4868 7917 6122 5090 7948 8508 2119 3586 5143 9468 9385 1717 3670 4135 8827 6002 9088
28 1060 1957 169 4561 2050 2226 264 2537 4615 7577 2897 5852 249 4135 4868 7917 6122 5090 7948 8508 2119 3586 5143 9468 9385 1717 3670 4716 8827 6002 9088
28 1957 2050 169 4561 2119 2226 264 2537 4615 7577 2897 5852 249 4135 4868 7917 6122 5090 7948 8508 8632 3586 5143 9468 9385 1717 3670 4716 8827 6002 9088
28 1957 2050 169 4561 2119 2226 264 2537 4615 7577 2897 5852 249 4135 4868 7917 6122 5090 7948 8508 8632 3586 5143 9468 9385 1717 3670 7594 8827 6002 9088
28 1957 2050 169 4561 2119 2226 264 2537 4615 7577 2897 5852 249 4135 4868 7917 6122 5090 7948 8508 8632 3586 7538 9468 9385 1717 3670 7594 8827 6002 9088
28 1957 2050 169 4561 2119 2226 264 2537 4615 7577 2897 5852 249 4135 4868 7917 5972 5090 7948 8508 8632 3586 7538 9468 9385 1717 3670 7594 8827 6002 9088
28 1957 2050 169 4561 2119 2226 264 2537 5090 7577 2897 5852 249 4135 4868 7917 5972 9933 7948 8508 8632 3586 7538 9468 9385 1717 3670 7594 8827 6002 9088
28 1957 2050 169 4561 2119 5852 264 2537 5090 7577 2897 8898 249 4135 4868 7917 5972 9933 7948 8508 8632 3586 7538 9468 9385 1717 3670 7594 8827 6002 9088
28 1583 2050 169 1957 2119 5852 264 2537 4561 7577 2897 8898 249 4135 4868 7917 5972 5090 7948 8508 8632 3586 7538 9468 9385 1717 3670 7594 8827 6002 9088
28 1583 2050 169 1957 2119 5852 264 2537 4561 7577 2897 8898 249 4135 4868 7917 5972 5090 7948 8508 8632 3586 9522 9468 9385 1717 3670 7594 8827 6002 9088
28 1583 2050 169 1957 2119 376 264 2537 4561 7577 2897 8898 249 4135 4868 7917 5972 5090 7948 8508 8632 3586 9522 9468 9385 1717 3670 7594 8827 6002 9088
28 1583 2050 169 1957 2119 376 264 2537 4561 7577 2897 6830 249 4135 4868 7917 5972 5090 7948 8508 8632 3586 9522 8898 9385 1717 3670 7594 8827 6002 9088
28 1583 2119 169 1957 2897 376 264 2537 4561 7577 3586 6830 249 4135 4868 7917 5972 5090 7948 8508 8632 5331 9522 8898 9385 1717 3670 7594 8827 6002 9088
28 1583 2119 169 1957 2897 376 264 2537 4561 7577 3586 6830 249 4135 4868 7917 5972 9561 7948 8508 8632 5331 9522 8898 9385 1717 3670 7594 8827 6002 9088
28 1583 2119 169 1957 2897 376 264 2537 4561 7577 3586 6830 249 4135 4868 7917 5972 9561 7948 8508 8632 5331 9522 8898 6059 1717 3670 7594 8827 6002 9088
28 1583 2119 169 1957 2897 376 264 2537 4561 7577 3586 6830 249 4135 4868 7917 5972 9689 7948 8508 8632 5331 9522 8898 6059 1717 3670 7594 8827 6002 9088
28 368 2119 169 1583 2897 376 264 1957 4561 7577 3586 6830 249 4135 4868 2537 5972 9689 7948 8508 8632 5331 9522 8898 6059 1717 3670 7594 8827 6002 9088
169 368 2119 249 1583 2897 376 264 1957 4561 7577 3586 6830 3670 4135 4868 2537 5972 9689 7948 8508 8632 5331 9522 8898 6059 1717 8271 7594 8827 6002 9088
169 368 2119 249 1583 2897 376 264 1957 4561 7577 3586 6830 3670 4135 4868 2537 5972 9689 7948 8508 8632 5331 9522 9799 6059 1717 8271 7594 8827 6002 9088
169 1583 2119 249 1726 2897 376 264 1957 4561 7577 3586 6830 3670 4135 4868 2537 5972 9689 7948 8508 8632 5331 9522 9799 6059 1717 8271 7594 8827 6002 9088
169 1583 2119 249 1726 2897 376 264 1957 4561 7577 3586 6830 3670 4135 4868 2537 5972 9689 7948 8508 8632 5331 9522 9799 6059 1717 8271 8355 8827 6002 9088
169 1583 2119 249 1726 2897 376 264 1957 4561 7577 3586 6830 3670 1789 4868 2537 5972 9689 7948 8508 8632 5331 9522 9799 6059 1717 8271 4135 8827 6002 9088
169 1583 2119 249 1726 2897 376 264 1957 4561 7577 3586 6830 1356 1789 4868 2537 5972 9689 7948 8508 8632 5331 9522 9799 6059 1717 3670 4135 8827 6002 9088
169 1583 2119 249 1726 2897 376 264 1957 4561 7577 3586 6830 1356 1789 4868 2537 5972 9689 7948 8508 8632 5331 9522 9799 1792 1717 3670 4135 8827 6002 9088
169 1583 2119 249 1726 2897 376 264 1957 4561 7577 3586 6830 1356 1789 4868 2537 5972 9689 7948 8508 8632 5331 9522 9799 1792 1717 3261 4135 8827 6002 9088
169 1583 2119 249 1726 2897 376 264 1957 4561 7577 3586 6830 1356 1789 4919 2537 5972 9689 7948 8508 8632 5331 9522 9799 1792 1717 3261 4135 8827 6002 9088
169 1583 2119 249 1726 2897 376 264 1957 4561 7577 3586 6830 1356 1789 4919 2537 5972 9689 7948 8508 8632 5331 9522 9799 1792 1717 3261 4135 8827 6002 3239
169 1583 2119 249 1726 2897 376 264 1957 4561 7577 3586 6830 1356 1789 6002 2537 5972 9689 7948 8508 8632 5331 9522 9799 1792 1717 3261 4135 8827 8867 3239
169 1583 2119 249 1726 2897 376 264 1957 4561 7577 3586 6830 1356 1789 6002 2537 5972 9689 7948 8508 4546 5331 9522 9799 1792 1717 3261 4135 8827 8867 3239
169 1583 2119 249 1726 2897 376 264 1957 4561 7577 3586 6830 1356 1789 6002 1752 5972 9689 7948 8508 4546 5331 9522 9799 1792 1717 3261 4135 8827 8867 3239
169 1583 2119 249 1726 2897 376 264 1957 4561 7577 3586 6830 3261 1789 6002 1752 5972 9689 7948 8508 4546 5331 9522 9799 1792 1717 3426 4135 8827 8867 3239
249 1583 2119 264 1726 2897 376 1789 1957 4561 7577 3586 6830 3261 3223 6002 1752 5972 9689 7948 8508 4546 5331 9522 9799 1792 1717 3426 4135 8827 8867 3239
249 1583 2119 264 1726 2897 376 1789 1957 4561 7577 3586 6830 3261 3223 6002 1752 5972 9689 7948 8508 4546 5331 9522 9799 1792 1717 3426 4135 8827 6529 3239
249 1583 2119 264 1726 2897 376 1789 1957 4561 7577 3586 6830 3261 3223 6002 1752 5972 9689 7948 8508 4546 5331 9522 9799 1792 1717 3426 4135 7025 6529 3239
249 1583 2119 264 1726 2897 376 1789 1957 4545 7577 3586 6830 3261 3223 6002 1752 5972 9689 7948 8508 4546 5331 9522 9799 1792 1717 3426 4135 7025 6529 3239
249 1583 2119 264 1726 2897 1792 1789 1957 4545 7577 3586 6830 3261 3223 6002 1752 5972 9689 7948 8508 4546 5331 9522 9799 5978 1717 3426 4135 7025 6529 3239
230 1583 2119 249 1726 2897 1792 264 1957 4545 7577 3586 6830 3261 3223 6002 1752 5972 9689 7948 8508 4546 5331 9522 9799 5978 1717 3426 4135 7025 6529 3239
230 1583 2119 249 1752 2897 1792 264 1957 4545 7577 3586 6830 3261 3223 6002 7908 5972 9689 7948 8508 4546 5331 9522 9799 5978 1717 3426 4135 7025 6529 3239
230 1583 2119 249 1752 2897 1792 264 1957 4545 7577 3586 6830 3261 7025 6002 7908 5972 9689 7948 8508 4546 5331 9522 9799 5978 1717 3426 4135 9008 6529 3239
230 1583 2119 249 1752 2897 1792 264 1957 4545 7577 4895 6830 3261 7025 6002 7908 5972 9689 7948 8508 4546 5331 9522 9799 5978 1717 3426 4135 9008 6529 3239
230 1583 2119 249 1752 2897 1792 3239 1957 4545 7577 4895 6830 3261 7025 6002 7908 5972 9689 7948 8508 4546 5331 9522 9799 5978 1717 3426 4135 9008 6529 7519
230 1752 2119 249 4545 2897 1792 3239 1957 8262 7577 4895 6830 3261 7025 6002 7908 5972 9689 7948 8508 4546 5331 9522 9799 5978 1717 3426 4135 9008 6529 7519
230 1139 1752 249 4545 2119 1792 3239 1957 8262 7577 4895 6830 3261 7025 6002 7908 5972 9689 7948 8508 4546 5331 9522 9799 5978 1717 3426 4135 9008 6529 7519
230 1139 1752 249 4545 2119 1792 3239 1957 8262 7577 4895 6830 3261 7025 3375 7908 5972 9689 7948 8508 4546 5331 9522 9799 5978 1717 3426 4135 9008 6002 7519
230 1139 1957 249 4545 2119 1792 3239 3523 8262 7577 4895 6830 3261 7025 3375 7908 5972 9689 7948 8508 4546 5331 9522 9799 5978 1717 3426 4135 9008 6002 7519
230 1139 3523 249 4545 2119 1792 3239 4466 8262 7577 4895 6830 3261 7025 3375 7908 5972 9689 7948 8508 4546 5331 9522 9799 5978 1717 3426 4135 9008 6002 7519
230 1139 3523 249 4545 2119 1792 3239 4466 8262 7577 3415 6830 3261 7025 3375 7908 5972 9689 7948 8508 4546 5331 9522 9799 5978 1717 3426 4135 9008 6002 7519
230 1139 3523 249 4545 2119 3941 3239 4466 8262 7577 3415 6830 3261 7025 3375 7908 5972 9689 7948 8508 4546 5331 9522 9799 5978 1717 3426 4135 9008 6002 7519
230 1139 3523 249 4545 1435 3941 3239 4466 8262 7577 3415 6830 3261 7025 3375 7908 5972 9689 7948 8508 2119 5331 9522 9799 5978 1717 3426 4135 9008 6002 7519
230 1139 3523 249 4545 1435 3886 3239 4466 8262 7577 3415 6830 3261 7025 3375 7908 5972 9689 7948 8508 2119 5331 9522 9799 3941 1717 3426 4135 9008 6002 7519
230 1139 3523 249 4545 1435 3886 3375 4466 8262 7577 3415 6830 3261 7025 7519 7908 5972 9689 7948 8508 2119 5331 9522 9799 3941 1717 3426 4135 9008 6002 9640
230 1139 3523 249 4545 1435 3886 3375 4466 8262 4215 3415 6830 3261 7025 7519 7908 5972 9689 7948 7577 2119 5331 9522 9799 3941 1717 3426 4135 9008 6002 9640
230 1139 3523 249 4545 1435 3886 2667 4466 8262 4215 3415 6830 3261 7025 3375 7908 5972 9689 7948 7577 2119 5331 9522 9799 3941 1717 3426 4135 9008 6002 9640
230 1139 3523 249 4545 1435 3886 2667 4466 8262 4215 2505 6830 3261 7025 3375 7908 5972 9689 7948 7577 2119 5331 9522 9799 3941 1717 3426 4135 9008 6002 9640
230 1139 3523 249 4545 1435 3886 2667 4466 8262 4215 2505 6830 3261 3027 3375 7908 5972 9689 7948 7577 2119 5331 9522 9799 3941 1717 3426 4135 9008 6002 9640
41 1139 3523 249 4545 1435 3886 230 4466 8262 4215 2505 6830 3261 3027 2667 7908 5972 9689 7948 7577 2119 5331 9522 9799 3941 1717 3426 4135 9008 3375 9640
41 1139 3523 249 4545 1435 3886 230 4466 8262 4215 2505 6830 3261 3027 2667 7908 5972 9689 7948 7577 2119 5331 9522 9799 3941 1717 3426 4135 9008 5943 9640
41 1139 3523 1717 4545 1435 3886 230 4466 8262 4215 2505 6830 3261 3027 2667 7908 5972 9689 7948 7577 2119 5331 9522 9799 3941 4403 3426 4135 9008 5943 9640
41 1139 3523 511 4545 1435 1717 230 4466 8262 4215 2505 3886 3261 3027 2667 7908 5972 9689 7948 7577 2119 5331 9522 9799 3941 4403 3426 4135 9008 5943 9640
41 1139 3523 511 4545 1435 1717 230 4466 8262 4215 2505 3886 3261 3027 2667 7908 5972 9689 7948 7577 2119 5331 9522 9799 3941 4403 3426 4135 9008 5943 7388
41 1139 3523 511 4545 1435 1717 230 4466 8262 4215 2505 3886 3261 3027 2667 7908 5972 9689 7948 7577 2119 2808 9522 9799 3941 4403 3426 4135 9008 5943 7388
41 1139 3523 511 4545 1435 1717 230 4466 8262 4215 2505 3886 3261 3027 2667 7908 5972 9689 7948 7577 2119 2808 7857 9799 3941 4403 3426 4135 9008 5943 7388
41 1139 3523 511 4545 1435 1717 230 4466 8262 4215 2505 3886 3261 3027 2667 7908 5972 9689 7948 7577 2119 2808 2416 9799 3941 4403 3426 4135 9008 5943 7388
41 1139 3523 511 4545 1435 1717 230 4466 8262 4215 2505 3886 3261 6324 2667 7908 5972 9689 7948 7577 2119 2808 2416 9799 3941 4403 3426 4135 9008 5943 7388
41 1139 3523 511 4545 1435 1717 230 4466 8262 4215 2505 3886 3261 6324 2667 7908 5972 9689 7948 7577 2119 2808 2416 9799 3941 4403 3426 4135 9008 5861 7388
41 1139 3523 511 4545 2119 1717 230 4466 8262 4215 2505 3886 3261 6324 2667 7908 5972 9689 7948 7577 5643 2808 2416 9799 3941 4403 3426 4135 9008 5861 7388
41 534 3523 511 4545 1139 1717 230 4466 8262 4215 2505 3886 3261 6324 2667 7908 5972 9689 7948 7577 2119 2808 2416 9799 3941 4403 3426 4135 9008 5861 7388
41 534 3523 511 4545 1139 1717 230 4466 8262 4215 2505 3886 3261 6324 2667 7908 5972 9689 7948 7577 2119 2808 2416 9799 3941 4403 3426 4135 9008 2954 7388
41 534 3523 511 4545 952 1717 230 4466 8262 4215 2505 3886 3261 6324 2667 7908 5972 9689 7948 7577 2119 2808 1139 9799 3941 4403 3426 4135 9008 2954 7388
230 534 3523 511 4545 952 1717 2667 4466 8262 4215 2505 3886 3261 6324 2954 7908 5972 9689 7948 7577 2119 2808 1139 9799 3941 4403 3426 4135 9008 5450 7388
230 534 3523 511 4545 952 1717 2667 4466 8262 4215 2505 3886 3261 6324 2954 7908 5972 9689 7948 7577 2119 2808 1139 9799 3941 2514 3426 4135 9008 5450 7388
230 534 3523 511 4545 952 1717 2667 4466 8262 4215 2505 3886 3261 1468 2954 7908 5972 9689 7948 7577 2119 2808 1139 9799 3941 2514 3426 4135 6324 5450 7388
230 534 3523 511 4545 952 1717 2667 4466 8262 4215 2505 3886 3261 1468 5297 7908 5972 9689 7948 7577 2119 2808 1139 9799 3941 2514 3426 4135 6324 5450 7388
230 534 3523 511 4545 952 1717 1388 4466 8262 4215 2505 3886 3261 1468 2667 7908 5972 9689 7948 7577 2119 2808 1139 9799 3941 2514 3426 4135 6324 5450 7388
230 534 3523 511 4545 952 1717 1388 4466 8262 4215 2505 3886 3261 1468 2667 7908 5972 9689 7948 7577 2119 2808 1139 9799 3941 4649 3426 4135 6324 5450 7388
230 534 3523 511 4545 952 1717 490 4466 8262 4215 2505 3886 3261 1468 2667 7908 5972 9689 7948 7577 2119 2808 1139 9799 3941 4649 3426 4135 6324 5450 7388
230 534 3523 511 4545 952 1717 490 5972 8262 4215 2505 3886 3261 1468 2667 7908 7679 9689 7948 7577 2119 2808 1139 9799 3941 4649 3426 4135 6324 5450 7388
230 534 3523 511 4545 952 1717 490 5972 8262 4215 2505 3886 3261 1468 2667 7908 7679 9689 7948 7577 7439 2808 1139 9799 3941 4649 3426 4135 6324 5450 7388
230 534 3523 511 4545 952 1717 490 5972 8054 4215 2505 3886 3261 1468 2667 7908 7679 8262 7948 7577 7439 2808 1139 9799 3941 4649 3426 4135 6324 5450 7388
230 534 3523 511 4545 952 1717 490 5972 8054 4215 1052 3886 3261 1468 2667 7908 7679 8262 7948 7577 7439 2808 1139 9799 3941 4649 3426 4135 6324 5450 7388
230 534 3523 511 4545 1052 1717 490 5972 8054 4215 1139 3886 3261 1468 2667 7908 7679 8262 7948 7577 7439 2808 8684 9799 3941 4649 3426 4135 6324 5450 7388
230 534 3523 511 4545 1052 1229 490 5972 8054 4215 1139 3886 3261 1468 2667 7908 7679 8262 7948 7577 7439 2808 8684 9799 3941 4649 3426 4135 6324 5450 7388
230 534 3523 511 4545 1052 1229 490 5972 8054 4215 1139 3886 3261 1468 2667 7908 7679 8262 7948 7577 7439 2808 8684 9799 9310 4649 3426 4135 6324 5450 7388
230 534 3523 511 4545 1052 1229 490 5972 8054 4215 1139 3886 3261 1468 2667 7908 7679 8262 7948 7577 7439 2808 8684 9799 9310 4649 3426 4135 5349 5450 7388
230 534 3523 255 4545 1052 1229 490 5972 8054 4215 1139 3886 3261 1468 2667 7908 7679 8262 7948 7577 7439 2808 8684 511 9310 4649 3426 4135 5349 5450 7388
230 534 3523 255 4545 1052 1229 490 7679 8054 4215 1139 3886 3261 1468 2667 7908 8914 8262 7948 7577 7439 2808 8684 511 9310 4649 3426 4135 5349 5450 7388
230 534 3523 255 4545 1052 1229 490 7679 8054 4215 1139 3886 3261 1468 2667 7908 8914 8262 5364 7577 7439 2808 8684 511 9310 4649 3426 4135 5349 5450 7388
230 534 3523 255 4545 1052 1229 2667 7679 8054 4215 1139 3886 3261 1468 5450 7908 8914 8262 5364 7577 7439 2808 8684 511 9310 4649 3426 4135 5349 6156 7388
230 534 3523 255 4545 1052 1229 2667 7679 8054 2302 1139 3886 3261 1468 5450 7908 8914 8262 5364 7577 7439 2808 8684 511 9310 4649 3426 4135 5349 6156 7388
230 534 3523 255 4545 1052 1229 2667 7679 8054 2302 1139 3886 3261 1468 5450 8601 8914 8262 5364 7577 7439 2808 8684 511 9310 4649 3426 4135 5349 6156 7388
230 534 3523 255 4545 1052 1229 2667 7679 8054 2302 6279 3886 3261 1468 5450 8601 8914 8262 5364 7577 7439 2808 8684 511 9310 4649 3426 4135 5349 6156 7388
230 534 3523 255 4545 2808 1229 2667 7679 8054 2302 6279 3886 3261 1468 5450 8601 8914 8262 5364 7577 7439 5988 8684 511 9310 4649 3426 4135 5349 6156 7388
230 534 3523 255 4545 2808 1229 2667 7679 8054 2302 6279 3886 3261 1468 5450 8601 8914 8262 5364 7577 7439 5988 8684 511 9310 7229 3426 4135 5349 6156 7388
230 534 3523 255 4545 2808 1229 2667 7679 8054 2302 6279 3886 3261 435 5450 8601 8914 8262 5364 7577 7439 5988 8684 511 9310 7229 3426 4135 1468 6156 7388
230 534 3523 255 4545 2808 811 2667 7679 8054 2302 6279 3886 3261 435 5450 8601 8914 8262 5364 7577 7439 5988 8684 511 9310 7229 3426 4135 1468 6156 7388
230 534 3523 255 4650 2808 811 2667 7679 8054 2302 6279 3886 3261 435 5450 8601 8914 8262 5364 7577 7439 5988 8684 511 9310 7229 3426 4135 1468 6156 7388
230 534 4416 255 4650 2808 811 2667 7679 8054 2302 6279 3886 3261 435 5450 8601 8914 8262 5364 7577 7439 5988 8684 511 9310 7229 3426 4135 1468 6156 7388
230 534 4416 255 4650 2808 811 2667 7679 8054 2302 6279 3886 3261 435 5450 8601 8914 8262 5364 7577 7439 5988 8684 6287 9310 7229 3426 4135 1468 6156 7388
230 534 4416 255 4650 2808 811 2667 7679 8054 2302 6279 3886 3261 435 5450 8601 8914 8262 5364 7577 7439 5988 8684 6287 9310 7229 9271 4135 1468 6156 7388
230 534 4416 255 4650 2808 811 2667 7679 8054 2302 3936 3886 3261 435 5450 8601 8914 8262 5364 7577 7439 5988 8684 6287 9310 7229 9271 4135 1468 6156 7388
230 534 4416 255 4650 2808 811 2667 7679 8054 2302 3936 3886 3261 1468 5450 8601 8914 8262 5364 7577 7439 5988 8684 6287 9310 7229 9271 4135 6920 6156 7388
230 534 4416 255 4650 2808 1317 2667 7679 8054 2302 3936 3886 3261 1468 5450 8601 8914 8262 5364 7577 7439 5988 8684 6287 9310 7229 9271 4135 6920 6156 7388
230 534 4416 255 4650 2808 1317 2667 7679 8054 2302 3936 3886 3261 1468 5450 8601 8914 8262 5364 7577 7439 5988 8684 8209 9310 7229 9271 4135 6920 6156 7388
230 534 4416 255 4650 2808 1317 2667 7679 8054 2302 3936 3886 3261 1468 5450 8601 8914 8262 5364 7577 7439 5988 8684 8209 6893 7229 9271 4135 6920 6156 7388
230 534 4416 255 4650 2808 1317 2667 7679 8054 2302 3936 3886 3261 1468 5450 8601 8914 8262 5364 7577 7439 5988 8684 8209 6893 7229 9271 4135 6920 6156 4422
230 534 4416 255 4650 2808 1317 718 7679 8054 2302 3936 3886 3261 1468 2667 8601 8914 8262 5364 7577 7439 5988 8684 8209 6893 7229 9271 4135 6920 6156 4422
230 534 4416 1317 4650 2808 3886 718 7679 8054 2302 3936 8209 3261 1468 2667 8601 8914 8262 5364 7577 7439 5988 8684 8779 6893 7229 9271 4135 6920 6156 4422
230 534 4416 1317 4650 2808 3886 718 7679 8054 2302 3936 4753 3261 1468 2667 8601 8914 8262 5364 7577 7439 5988 8684 8209 6893 7229 9271 4135 6920 6156 4422
230 534 4416 1317 4650 2808 3886 718 7679 8054 2302 3936 4753 3261 6920 2667 8601 8914 8262 5364 7577 7439 5988 8684 8209 6893 7229 9271 4135 7638 6156 4422
230 534 4416 1317 4650 2808 3886 718 7679 8054 2302 3936 4753 3261 6920 2667 8601 8914 8262 5364 7577 7439 5988 9233 8209 6893 7229 9271 4135 7638 6156 4422
230 534 4416 1317 4650 2808 3700 718 7679 8054 2302 3936 3886 3261 6920 2667 8601 8914 8262 5364 7577 7439 5988 9233 8209 6893 7229 9271 4135 7638 6156 4422
230 534 4416 1317 4650 2808 3700 718 7679 8054 2302 3936 3886 3261 6920 2667 8601 8914 8262 5364 7577 7439 5988 9233 8209 6696 7229 9271 4135 7638 6156 4422
230 533 534 1317 4416 2808 3700 718 7679 4650 2302 3936 3886 3261 6920 2667 8601 8914 8262 5364 7577 7439 5988 9233 8209 6696 7229 9271 4135 7638 6156 4422
230 533 534 1317 4416 2808 3700 718 7679 4650 2302 3936 3886 3261 6920 2667 8601 8914 8262 5364 7577 7439 5988 9233 8209 5235 7229 9271 4135 7638 6156 4422
230 533 534 1317 4416 2808 3700 718 7679 4650 2302 3936 5235 3261 6920 2667 8601 8914 8262 5364 7577 7439 5988 9233 8209 9234 7229 9271 4135 7638 6156 4422
224 230 533 1317 4416 2808 3700 718 7679 4650 2302 3936 5235 3261 6920 2667 8601 8914 8262 5364 7577 534 5988 9233 8209 9234 7229 9271 4135 7638 6156 4422
224 230 533 1317 4416 2808 3700 718 7679 4650 2302 3936 5235 3261 6920 2667 8601 8914 8262 5364 7577 534 5988 9233 8209 9234 7229 9271 4135 7638 6156 6162
224 230 533 1317 4416 2808 3700 718 7679 4650 6658 3936 5235 3261 6920 2667 8601 8914 8262 5364 7577 534 5988 9233 8209 9234 7229 9271 4135 7638 6156 6162
224 230 533 1317 5469 2808 3700 718 7679 4650 6658 3936 5235 3261 6920 2667 8601 8914 8262 5364 7577 534 5988 9233 8209 9234 7229 9271 4135 7638 6156 6162
224 230 533 1317 5469 2808 3700 718 7679 4650 6658 3936 5235 3261 6920 2667 8601 9343 8262 5364 7577 534 5988 9233 8209 9234 7229 9271 4135 7638 6156 6162
224 230 533 1317 5469 2808 3700 700 7679 4650 6658 3936 5235 3261 6920 2667 8601 9343 8262 5364 7577 534 5988 9233 8209 9234 7229 9271 4135 7638 6156 6162
224 230 533 885 5469 2808 1317 700 7679 4650 6658 3936 3700 3261 6920 2667 8601 9343 8262 5364 7577 534 5988 9233 8209 5235 7229 9271 4135 7638 6156 6162
224 230 533 885 5469 2808 1317 700 7679 4650 6658 3936 3700 3261 6920 2667 8601 9343 8262 5364 7577 534 5988 9233 8209 5235 7229 9271 4135 7450 6156 6162
224 230 533 885 5469 2808 1317 1678 7679 4650 6658 3936 3700 3261 6920 2667 8601 9343 8262 5364 7577 534 5988 9233 8209 5235 7229 9271 4135 7450 6156 6162
224 230 533 885 5469 2808 1317 1678 7679 4650 6658 9233 3700 3261 6920 2667 8601 9343 8262 5364 7577 534 5988 9268 8209 5235 7229 9271 4135 7450 6156 6162
224 230 533 885 5469 2808 1317 1678 7679 4650 6658 9233 3700 3261 6920 2667 8601 9343 8262 5364 7577 534 5988 9268 8209 5235 7229 9271 4135 7450 6156 8310
224 230 533 885 5469 2808 1317 1678 7965 4650 6658 9233 3700 3261 6920 2667 8601 9343 8262 5364 7577 534 5988 9268 8209 5235 7229 9271 4135 7450 6156 8310
224 230 2091 885 5469 2808 1317 1678 7965 4650 6658 9233 3700 3261 6920 2667 8601 9343 8262 5364 7577 534 5988 9268 8209 5235 7229 9271 4135 7450 6156 8310
224 230 2091 885 5469 2808 1317 1678 7965 4650 6658 9233 3700 3261 7282 2667 8601 9343 8262 5364 7577 534 5988 9268 8209 5235 7229 9271 4135 7450 6156 8310
224 230 1874 885 5469 2808 1317 1678 7965 4650 6658 9233 3700 3261 7282 2667 8601 9343 8262 5364 7577 534 5988 9268 8209 5235 7229 9271 4135 7450 6156 8310
224 230 1874 885 5469 2808 1317 2667 7965 4650 6658 9233 3700 3261 7282 3450 8601 9343 8262 5364 7577 534 5988 9268 8209 5235 7229 9271 4135 7450 6156 8310
224 230 1874 885 5469 2808 1317 2667 7965 4650 6658 9233 3700 3261 7282 3450 8601 9343 8262 5364 7577 534 5988 9268 4310 5235 7229 9271 4135 7450 6156 8310
224 230 4650 885 5469 2808 1317 2667 7965 8139 6658 9233 3700 3261 7282 3450 8601 9343 8262 5364 7577 534 5988 9268 4310 5235 7229 9271 4135 7450 6156 8310
224 230 4650 885 5469 2808 1317 2667 7965 8139 6658 9233 3700 3261 7282 3450 8601 9343 8262 5364 7577 534 5988 9268 4310 5235 7746 9271 4135 7450 6156 8310
224 230 4650 885 5469 2808 1317 2667 7965 8139 6658 7045 3700 3261 7282 3450 8601 9343 8262 5364 7577 534 5988 9268 4310 5235 7746 9271 4135 7450 6156 8310
224 230 4650 885 5469 2808 1317 2667 7965 8139 6658 7045 4310 3261 7282 3450 8601 9343 8262 5364 7577 534 5988 9268 7408 5235 7746 9271 4135 7450 6156 8310
224 230 1130 885 4650 2808 1317 2667 5469 8139 6658 7045 4310 3261 7282 3450 8601 9343 8262 5364 7577 534 5988 9268 7408 5235 7746 9271 4135 7450 6156 8310
224 230 1130 885 4650 2720 1317 2667 5469 8139 6658 2808 4310 3261 7282 3450 8601 9343 8262 5364 7577 534 5988 9268 7408 5235 7746 9271 4135 7450 6156 8310
224 230 1130 885 4311 2720 1317 2667 5469 4650 6658 2808 4310 3261 7282 3450 8601 9343 8139 5364 7577 534 5988 9268 7408 5235 7746 9271 4135 7450 6156 8310
224 230 1130 885 4311 2720 1317 2667 5469 4650 6658 2808 4310 3261 2267 3450 8601 9343 8139 5364 7577 534 5988 9268 7408 5235 7746 9271 4135 7282 6156 8310
224 230 1130 885 4311 2720 1317 2667 5469 4476 6658 2808 4310 3261 2267 3450 8601 9343 8139 4650 7577 534 5988 9268 7408 5235 7746 9271 4135 7282 6156 8310
224 230 1130 885 4311 2720 1317 2667 5469 4476 6658 2808 4310 3261 2267 3450 8601 9343 8139 4650 7577 3766 5988 9268 7408 5235 7746 9271 4135 7282 6156 8310
224 230 1130 885 4311 2720 1317 2667 5469 4476 6658 2808 4310 3261 2267 3450 8601 9343 8139 4650 7577 3766 5988 9268 7408 5812 7746 9271 4135 7282 6156 8310
224 230 1130 885 4311 2720 1317 2667 5469 4476 6658 2808 4310 3261 2267 3450 8601 9343 8139 4650 7577 3766 5345 9268 7408 5812 7746 9271 4135 7282 6156 8310
224 230 1130 885 4311 2720 1317 3450 5469 4476 6658 2808 4310 3261 2267 4901 8601 9343 8139 4650 7577 3766 5345 9268 7408 5812 7746 9271 4135 7282 6156 8310
224 230 1130 885 4311 2720 1317 3450 5469 4476 6658 2808 4310 3261 2267 4901 8601 9343 8139 4650 7577 3766 5345 9268 7408 5812 7746 9271 4135 7282 6156 5719
224 230 1130 885 4311 2720 1317 3450 5469 4476 6658 2808 4310 3261 2267 4901 8601 9343 8773 4650 7577 3766 5345 9268 7408 5812 7746 9271 4135 7282 6156 5719
224 230 1130 885 4311 2720 1317 3450 5469 4476 6658 2808 4310 3261 2267 4901 8601 9343 8773 4650 7577 3766 5345 9268 7408 5812 7746 9271 4135 9023 6156 5719
224 230 1130 885 4311 2720 1317 3450 5469 4476 6658 2808 4310 3261 2267 4901 8601 9343 8773 4650 7577 3766 5345 9268 7408 5812 9764 9271 4135 9023 6156 5719
224 230 1130 885 4311 2720 1317 3450 5469 4476 6658 2808 4310 3261 2267 4901 8601 9343 8773 4650 7577 3766 5345 9268 9612 5812 9764 9271 4135 9023 6156 5719
224 230 1130 885 4257 2720 1317 3450 5469 4311 6658 2808 4310 3261 2267 4901 8601 9343 8773 4650 7577 3766 5345 9268 9612 5812 9764 9271 4135 9023 6156 5719
224 230 1130 885 4311 2720 1317 3450 5469 4606 6658 2808 4310 3261 2267 4901 8601 9343 8773 4650 7577 3766 5345 9268 9612 5812 9764 9271 4135 9023 6156 5719
224 230 1130 885 4311 2346 1317 3450 5469 4606 6658 2808 4310 3261 2267 4901 8601 9343 8773 4650 7577 3766 5345 9268 9612 5812 9764 9271 4135 9023 6156 5719
224 230 1130 885 4311 2346 1317 1609 5469 4606 6658 2808 4310 3261 2267 3450 8601 9343 8773 4650 7577 3766 5345 9268 9612 5812 9764 9271 4135 9023 6156 5719
224 230 453 885 1130 2346 1317 1609 5469 4311 6658 2808 4310 3261 2267 3450 8601 9343 8773 4606 7577 3766 5345 9268 9612 5812 9764 9271 4135 9023 6156 5719
125 224 453 885 1130 2346 1317 1609 5469 4311 6658 2808 4310 3261 230 3450 8601 9343 8773 4606 7577 3766 5345 9268 9612 5812 9764 9271 4135 9023 6156 5719
125 224 453 885 1130 2346 1317 1609 5469 4311 6658 2808 4310 3261 230 3450 8601 9343 8773 4606 7577 3766 5345 9268 9612 5812 9764 9271 4135 273 6156 5719
125 224 453 885 1130 2346 1317 1609 5469 4311 6658 2808 4310 3261 230 3450 8601 9343 8773 4606 7577 3766 8515 9268 9612 5812 9764 9271 4135 273 6156 5719
125 224 453 885 5469 2346 1317 1609 7739 4311 6658 2808 4310 3261 230 3450 8601 9343 8773 4606 7577 3766 8515 9268 9612 5812 9764 9271 4135 273 6156 5719
125 224 453 885 5469 2346 1317 1609 7739 4311 4584 2808 4310 3261 230 3450 8601 9343 8773 4606 7577 3766 8515 9268 9612 5812 9764 9271 4135 273 6156 5719
125 224 453 885 5469 2346 1317 1609 7739 4311 4584 2808 4310 3261 230 3450 8601 9343 8773 4606 7577 3766 8039 9268 9612 5812 9764 9271 4135 273 6156 5719
125 224 453 885 5469 2346 1317 1609 7739 4311 4584 2808 4310 3261 4135 3450 8601 9343 8773 4606 7577 3766 8039 9268 9612 5812 9764 9271 8295 273 6156 5719
125 224 453 885 5469 2346 1317 1609 7739 4311 4584 2808 4310 3261 4135 3450 8601 9343 8773 4606 7577 3766 8039 9268 9612 5506 9764 9271 8295 273 6156 5719
224 273 453 885 5469 2346 1317 1609 7739 4311 4584 2808 4310 3261 4135 3450 8601 9343 8773 4606 7577 3766 8039 9268 9612 5506 9764 9271 8295 1342 6156 5719
224 273 453 885 4584 2346 1317 1609 7739 4311 4584 2808 4310 3261 4135 3450 5469 9343 8773 4606 7577 3766 8039 9268 9612 5506 9764 9271 8295 1342 6156 5719
224 273 453 885 4584 2346 1317 1609 7739 4311 4584 2808 4310 3261 4135 3450 5469 9343 8773 8380 7577 3766 8039 9268 9612 5506 9764 9271 8295 1342 6156 5719
224 273 453 885 4584 2346 1317 1609 7739 4311 4584 2808 4310 3261 5399 3450 5469 9343 8773 8380 7577 3766 8039 9268 9612 5506 9764 9271 8295 1342 6156 5719
224 273 453 885 4584 2346 1317 1609 7739 4311 4584 2808 4310 3341 5399 3450 5469 9343 8773 8380 7577 3766 8039 9268 9612 5506 9764 9271 8295 1342 6156 5719
224 273 453 885 4584 2346 1317 1609 7739 4311 4584 2808 4310 3341 5399 3450 5469 9343 8773 8380 7577 3829 8039 9268 9612 5506 9764 9271 8295 1342 6156 5719
224 273 453 885 4584 2346 1317 1609 7739 4311 4584 7613 4310 3341 5399 3450 5469 9343 8773 8380 7577 3829 8039 9268 9612 5506 9764 9271 8295 1342 6156 5719
224 273 453 885 4584 2346 1317 1609 7739 4311 4584 7613 4310 3341 5399 3450 6140 9343 8773 8380 7577 3829 8039 9268 9612 5506 9764 9271 8295 1342 6156 5719
224 273 453 885 6140 2346 1317 1609 7739 4311 4584 7613 4310 3341 5399 3450 6154 9343 8773 8380 7577 3829 8039 9268 9612 5506 9764 9271 8295 1342 6156 5719
224 273 453 1317 6140 2346 1357 1609 7739 4311 4584 7613 4310 3341 5399 3450 6154 9343 8773 8380 7577 3829 8039 9268 9612 5506 9764 9271 8295 1342 6156 5719
224 273 453 1317 6140 2346 1357 1609 7739 4311 4584 7613 4310 3341 5399 3450 6154 9343 8773 8380 9444 3829 8039 9268 9612 5506 9764 9271 8295 1342 6156 5719
224 273 453 1317 6140 3595 1357 1609 7739 4311 4584 7613 4310 3341 5399 3450 6154 9343 8773 8380 9444 3829 8039 9268 9612 5506 9764 9271 8295 1342 6156 5719
224 273 453 1317 6140 3595 1357 1609 7739 4311 4584 7613 4310 3341 5399 3450 6154 8272 8773 8380 9444 3829 8039 9268 9612 5506 9764 9271 8295 1342 6156 5719
224 273 453 1317 6140 3595 1357 1609 7739 4311 4584 7613 1939 3341 5399 3450 6154 8272 8773 8380 9444 3829 8039 9268 4310 5506 9764 9271 8295 1342 6156 5719
224 273 453 1317 1656 3595 1357 1609 6140 4311 4584 7613 1939 3341 5399 3450 6154 7739 8773 8380 9444 3829 8039 9268 4310 5506 9764 9271 8295 1342 6156 5719
224 273 453 1317 1656 3595 1357 1609 6140 4311 4584 7613 1939 3341 5399 3450 6154 7739 8773 8380 9444 3829 8039 9268 4310 5506 3606 9271 8295 1342 6156 5719
224 273 453 1317 1656 3595 1357 1609 6140 4311 4584 7613 1939 3341 5399 3450 6154 7739 8773 8380 9444 3829 9313 9268 4310 5506 3606 9271 8295 1342 6156 5719
224 273 453 1317 1656 3595 1357 1609 6140 4311 4584 7613 1939 3341 7554 3450 6154 7739 8773 8380 9444 3829 9313 9268 4310 5506 3606 9271 8295 1342 6156 5719
224 273 453 1317 1656 3595 1357 1609 6140 4311 4584 7613 1939 3341 7554 3450 6154 7739 8773 8380 9444 3829 9313 9268 4310 5506 3606 9271 8295 1342 6156 3006
224 273 453 1317 1656 3595 1357 1609 6140 4311 4584 7613 1939 3341 7554 6156 6154 7739 8773 8380 9444 3829 9313 9268 4310 5506 3606 9271 8295 1342 9189 3006
224 273 453 1317 1656 3595 1357 1609 6140 4311 4584 7613 1939 3341 7554 6156 6154 7739 8773 8380 9444 3829 9313 9268 9443 5506 3606 9271 8295 1342 9189 3006
224 273 453 1317 1656 3595 1357 1609 6140 4311 4584 7613 1939 3341 7554 6156 6154 7739 8773 8380 9444 3829 9313 9654 9443 5506 3606 9271 8295 1342 9189 3006
224 273 1419 1317 1656 3595 1357 1609 6140 4311 4584 7613 1939 3341 7554 6156 6154 7739 8773 8380 9444 3829 9313 9654 9443 5506 3606 9271 8295 1342 9189 3006
224 273 1419 1317 1656 3595 1357 1609 6140 4311 4584 7613 1939 3341 7554 6156 6154 7739 8773 8380 9444 3829 9313 9654 9443 5506 3606 5357 8295 1342 9189 3006
273 523 1419 1317 1656 3595 1357 1609 6140 4311 4584 7613 1939 3341 7554 6156 6154 7739 8773 8380 9444 3829 9313 9654 9443 5506 3606 5357 8295 1342 9189 3006
273 523 1419 1317 1656 3595 1357 1609 6154 4311 4584 7613 1939 3341 7554 6156 8680 7739 8773 8380 9444 3829 9313 9654 9443 5506 3606 5357 8295 1342 9189 3006
273 523 1656 1317 4311 3595 1357 1609 6154 6389 4584 7613 1939 3341 7554 6156 8680 7739 8773 8380 9444 3829 9313 9654 9443 5506 3606 5357 8295 1342 9189 3006
273 523 1656 1317 4311 3595 1357 1609 6154 6389 4584 3803 1939 3341 7554 6156 8680 7739 8773 8380 9444 3829 7613 9654 9443 5506 3606 5357 8295 1342 9189 3006
273 523 1656 1317 4311 3595 1357 1609 6154 6389 4584 3803 1939 3341 7554 6156 8680 7739 8773 8380 9444 3829 7613 9654 9443 5506 3606 5357 8295 1342 9189 8890
273 523 1656 1317 4311 3595 1357 1609 6548 6389 4584 3803 1939 3341 7554 6156 8680 7739 8773 8380 9444 3829 7613 9654 9443 5506 3606 5357 8295 1342 9189 8890
273 523 1656 1317 4311 3803 1357 1609 6548 6389 4584 6483 1939 3341 7554 6156 8680 7739 8773 8380 9444 3829 7613 9654 9443 5506 3606 5357 8295 1342 9189 8890
273 523 1656 1317 4311 3803 1357 1609 4842 6389 4584 6483 1939 3341 7554 6156 6548 7739 8773 8380 9444 3829 7613 9654 9443 5506 3606 5357 8295 1342 9189 8890
273 523 1656 1317 4311 3803 1357 992 4842 6389 4584 6483 1939 3341 7554 6156 6548 7739 8773 8380 9444 3829 7613 9654 9443 5506 3606 5357 8295 1342 9189 8890
273 523 1508 1317 4311 3803 1357 992 1656 6389 4584 6483 1939 3341 7554 6156 4842 7739 8773 8380 9444 3829 7613 9654 9443 5506 3606 5357 8295 1342 9189 8890
273 523 1508 1317 4311 3803 1357 992 1656 6389 4584 6483 1939 3341 7554 6156 5140 7739 8773 8380 9444 3829 7613 9654 9443 5506 3606 5357 8295 1342 9189 8890
273 523 1508 470 4311 3803 1317 992 1656 6389 4584 6483 1357 3341 7554 6156 5140 7739 8773 8380 9444 3829 7613 9654 1939 5506 3606 5357 8295 1342 9189 8890
273 523 1508 470 4311 3803 1317 992 5703 6389 4584 6483 1357 3341 7554 6156 5140 7739 8773 8380 9444 3829 7613 9654 1939 5506 3606 5357 8295 1342 9189 8890
273 523 1508 470 4311 3803 1317 992 5703 6389 8523 6483 1357 3341 7554 6156 5140 7739 8773 8380 9444 3829 7613 9654 1939 5506 3606 5357 8295 1342 9189 8890
273 523 1508 1317 4311 3803 1357 992 5703 6389 8523 6483 1939 3341 7554 6156 5140 7739 8773 8380 9444 3829 7613 9654 9462 5506 3606 5357 8295 1342 9189 8890
273 523 1508 1317 4311 3803 1357 992 5703 6389 8523 6483 1939 3341 7554 6156 5140 7739 8773 8380 9444 3829 7613 7660 9462 5506 3606 5357 8295 1342 9189 8890
273 523 1508 1317 4311 3803 1357 992 5703 6389 8523 6483 1939 3341 5679 6156 5140 7739 8773 8380 9444 3829 7613 7660 9462 5506 3606 5357 7554 1342 9189 8890
273 523 1508 1317 4311 3803 1357 992 5703 6389 8523 6483 1939 3341 2454 6156 5140 7739 8773 8380 9444 3829 7613 7660 9462 5506 3606 5357 5679 1342 9189 8890
273 523 1508 1317 4311 3803 1357 992 5703 6389 8523 6483 1939 3341 2454 6156 5140 7739 8773 8380 9444 3829 7613 7660 9462 5506 3606 7617 5679 1342 9189 8890
273 523 1508 1317 4311 3803 1357 992 5703 6389 8523 6483 1939 3341 2454 2637 5140 7739 8773 8380 9444 3829 7613 7660 9462 5506 3606 7617 5679 1342 9189 8890
273 523 1508 1317 1835 3803 1357 992 5703 6389 8523 6483 1939 3341 2454 2637 5140 7739 8773 8380 9444 3829 7613 7660 9462 5506 3606 7617 5679 1342 9189 8890
523 992 1508 1317 1835 3803 1357 1342 5703 6389 8523 6483 1939 3341 2454 2637 5140 7739 8773 8380 9444 3829 7613 7660 9462 5506 3606 7617 5679 5689 9189 8890
523 1317 1508 1342 1835 3803 1357 2637 5703 6389 8523 6483 1939 3341 2454 6660 5140 7739 8773 8380 9444 3829 7613 7660 9462 5506 3606 7617 5679 5689 9189 8890
523 1317 1508 1342 1835 3803 1357 1999 5703 6389 8523 6483 1939 3341 2454 2637 5140 7739 8773 8380 9444 3829 7613 7660 9462 5506 3606 7617 5679 5689 9189 8890
523 1317 1508 1342 1835 3803 1357 1999 5703 6389 8523 6483 5696 3341 2454 2637 5140 7739 8773 8380 9444 3829 7613 7660 9462 5506 3606 7617 5679 5689 9189 8890
523 1317 1508 1342 1835 3803 1357 1999 5703 2199 8523 6483 5696 3341 2454 2637 5140 7739 8773 8380 9444 3829 7613 7660 9462 5506 3606 7617 5679 5689 9189 8890
523 1317 1508 1342 1835 3803 1357 1999 5703 2199 8523 6483 5696 3341 2454 2637 5140 7739 8773 8380 9444 6596 7613 7660 9462 5506 3606 7617 5679 5689 9189 8890
523 1317 1508 1342 1835 3979 1357 1999 5703 2199 8523 6483 5696 3341 2454 2637 5140 7739 8773 8380 9444 6596 7613 7660 9462 5506 3606 7617 5679 5689 9189 8890
523 1317 1508 1342 1835 3979 1357 1999 5703 2199 8523 6483 3375 3341 2454 2637 5140 7739 8773 8380 9444 6596 7613 7660 9462 5506 3606 7617 5679 5689 9189 8890
523 882 1508 1342 1835 3979 1357 1999 5703 2199 8523 6483 3375 1317 2454 2637 5140 7739 8773 8380 9444 6596 7613 7660 9462 5506 3606 3341 5679 5689 9189 8890
523 882 1508 1342 1835 3979 1357 1999 5703 2199 8523 6483 3375 1317 2454 2613 5140 7739 8773 8380 9444 6596 7613 7660 9462 5506 3606 3341 5679 5689 2637 8890
523 1317 1508 1342 1835 3979 1357 1999 5703 2199 8523 6483 3375 3312 2454 2613 5140 7739 8773 8380 9444 6596 7613 7660 9462 5506 3606 3341 5679 5689 2637 8890
523 1317 1508 1342 1835 3979 1357 1999 5703 2199 8523 6483 3375 3312 2454 2637 5140 7739 8773 8380 9444 6596 7613 7660 9462 5506 3606 3341 5679 5689 4468 8890
523 1317 1508 1342 1835 3979 1357 1999 5703 2199 8523 6483 3375 3312 2454 2637 5140 7739 8773 8380 9444 6596 7613 7660 9462 5506 3606 3341 5679 4707 4468 8890
1317 1508 2303 1342 1835 3979 1357 1999 5703 2199 8523 6483 3375 3312 2454 2637 5140 7739 8773 8380 9444 6596 7613 7660 9462 5506 3606 3341 5679 4707 4468 8890
1317 1508 2303 1342 1835 3979 1357 1999 2270 2199 8523 6483 3375 3312 2454 2637 5140 7739 8773 8380 9444 6596 7613 7660 9462 5506 3606 3341 5679 4707 4468 8890
1317 1508 2303 1342 1835 3979 1357 1999 2270 2199 8523 6483 3375 3312 2454 2637 5140 7739 8773 8380 9444 6596 7613 7660 9462 5506 3606 3341 4136 4707 4468 8890
1317 1508 2303 1999 1835 3979 1357 2454 2270 2199 8523 6483 3375 3312 4707 2637 5140 7739 8773 8380 9444 6596 7613 7660 9462 5506 3606 3341 4136 9289 4468 8890
1317 1508 2303 1999 1835 3979 1357 2454 2270 2199 8523 6483 3375 3312 4707 2637 5140 7739 8773 8380 9444 6596 7613 7660 9462 1626 3606 3341 4136 9289 4468 8890
1317 1508 2303 1999 1835 3979 1357 2454 2270 2199 8523 7660 3375 3312 4707 2637 5140 7739 8773 8380 9444 6596 7613 9336 9462 1626 3606 3341 4136 9289 4468 8890
72 1508 2303 1999 1835 3979 1317 2454 2270 2199 8523 7660 1357 3312 4707 2637 5140 7739 8773 8380 9444 6596 7613 9336 3375 1626 3606 3341 4136 9289 4468 8890
72 1508 2303 1999 1835 3979 1317 2454 2270 2199 8523 7660 1357 3312 4707 2637 5140 7739 8773 3928 9444 6596 7613 9336 3375 1626 3606 3341 4136 9289 4468 8890
72 1508 2303 1999 1835 3979 1317 2454 2270 2199 8523 7660 1357 3312 4707 2637 5140 7739 8773 3928 9444 6596 7613 9336 3375 1626 3606 3341 7952 9289 4468 8890
72 1835 2303 1999 2079 3979 1317 2454 2270 2199 8523 7660 1357 3312 4707 2637 5140 7739 8773 3928 9444 6596 7613 9336 3375 1626 3606 3341 7952 9289 4468 8890
72 937 1835 1999 2079 2303 1317 2454 2270 2199 8523 3979 1357 3312 4707 2637 5140 7739 8773 3928 9444 6596 7613 9336 3375 1626 3606 3341 7952 9289 4468 8890
72 937 1835 1999 2079 2303 1317 2454 2270 2199 8523 3979 1357 3341 4707 2637 5140 7739 8773 3928 9444 6596 7613 9336 3375 1626 3606 3965 7952 9289 4468 8890
72 937 1835 985 2079 2303 1317 2454 2270 2199 8523 3979 1357 3341 4707 2637 5140 7739 8773 3928 9444 6596 7613 9336 3375 1626 3606 3965 7952 9289 4468 8890
72 937 1835 985 2079 2303 1317 2454 2270 2199 8523 3979 1357 3341 4707 2637 5140 7739 8773 3928 9444 6462 7613 9336 3375 1626 3606 3965 7952 9289 4468 8890
72 937 2079 985 2199 2303 1317 2454 2270 8773 8523 3979 1357 3341 4707 2637 5140 7739 9044 3928 9444 6462 7613 9336 3375 1626 3606 3965 7952 9289 4468 8890
72 937 2079 985 2199 2303 1317 2454 2270 8773 8523 3016 1357 3341 4707 2637 5140 7739 9044 3928 9444 6462 3979 9336 3375 1626 3606 3965 7952 9289 4468 8890
72 937 2079 985 2199 2303 1317 2454 2270 8773 8523 3979 1357 3341 4707 2637 5140 7739 9044 3928 9444 6462 4588 9336 3375 1626 3606 3965 7952 9289 4468 8890
72 937 2079 985 2199 2303 1317 2454 2270 8773 8523 3979 1357 3341 4707 2637 5140 7739 9044 3928 9444 6462 4588 9432 3375 1626 3606 3965 7952 9289 4468 8890
72 937 2079 985 2199 2303 1317 2454 2270 8773 8523 3979 1626 3341 4707 2637 5140 7739 9044 3928 9444 6462 4588 9432 3375 8584 3606 3965 7952 9289 4468 8890
72 937 2079 985 2199 2303 1317 2454 2270 8773 8523 3979 1626 3341 4707 2637 5140 7739 9044 3928 9444 6462 4588 9432 3375 8584 7799 3965 7952 9289 4468 8890
72 937 2079 985 2199 2303 1317 2454 4075 8773 8523 3979 1626 3341 4707 2637 5140 7739 9044 3928 9444 6462 4588 9432 3375 8584 7799 3965 7952 9289 4468 8890
72 937 2079 985 2199 2303 1317 2454 4075 8773 8523 3979 1626 3341 4707 2637 5905 7739 9044 3928 9444 6462 4588 9432 3375 8584 7799 3965 7952 9289 4468 8890
72 937 2079 985 2199 2303 1317 2454 4075 8773 8523 3979 1626 3054 4707 2637 5905 7739 9044 3928 9444 6462 4588 9432 3375 8584 7799 3341 7952 9289 4468 8890
72 937 2079 2454 2199 2303 1317 2637 4075 8773 8523 3979 1626 3054 4707 7379 5905 7739 9044 3928 9444 6462 4588 9432 3375 8584 7799 3341 7952 9289 4468 8890
72 937 2079 2454 2199 2303 1317 2637 4075 8773 8523 3979 1626 3054 4707 7379 5905 7739 9044 3928 9444 6462 4588 9432 418 8584 7799 3341 7952 9289 4468 8890
72 555 937 2454 2199 2303 1317 2637 4075 8773 8523 3979 1626 3054 4707 7379 5905 7739 9044 3928 9444 6462 4588 9432 418 8584 7799 3341 7952 9289 4468 8890
72 555 937 2637 2199 2303 1317 4707 4075 8773 8523 3979 1626 3054 5244 7379 5905 7739 9044 3928 9444 6462 4588 9432 418 8584 7799 3341 7952 9289 4468 8890
72 555 937 2637 2199 2303 1317 4707 4075 8773 8523 3979 1626 3054 5244 7379 5905 7739 9044 3928 9444 6462 4588 8589 418 8584 7799 3341 7952 9289 4468 8890
418 555 937 2637 2199 2303 1317 4707 4075 8773 8523 3979 1626 3054 5244 7379 5905 7739 9044 3928 9444 6462 4588 8589 2131 8584 7799 3341 7952 9289 4468 8890
418 555 937 2637 2199 2303 1317 4707 4075 8773 8523 3475 1626 3054 5244 7379 5905 7739 9044 3928 9444 6462 4588 8589 2131 8584 7799 3341 7952 9289 4468 8890
418 555 937 2637 2199 2303 1317 4707 4075 8773 8523 3475 1626 3054 5244 7379 5905 7739 9044 3928 9444 6462 4588 8566 2131 8584 7799 3341 7952 9289 4468 8890
555 1317 937 2637 2199 2303 1626 4707 4075 8773 8523 3475 2131 3054 5244 7379 5905 7739 9044 3928 9444 6462 4588 8566 6440 8584 7799 3341 7952 9289 4468 8890
555 1317 937 2637 2199 2303 1626 4707 4075 8773 8523 3475 2131 3054 5244 7379 5905 7739 9044 3928 9444 6462 4588 8566 6440 8584 7799 3341 7952 6844 4468 8890
555 1317 937 2637 2199 1668 1626 4707 4075 8773 8523 3475 2131 3054 5244 7379 5905 7739 9044 3928 9444 2303 4588 8566 6440 8584 7799 3341 7952 6844 4468 8890
555 1317 937 2637 2093 1668 1626 4707 4075 8773 8523 3475 2131 3054 5244 7379 5905 7739 9044 2199 9444 2303 4588 8566 6440 8584 7799 3341 7952 6844 4468 8890
555 1317 937 2637 2093 1668 1626 4707 4075 8773 8523 3475 2131 3054 5244 3793 5905 7739 9044 2199 9444 2303 4588 8566 6440 8584 7799 3341 7952 6844 4468 8890
555 1317 937 2637 2093 1668 1626 5244 4075 8773 8523 3475 2131 3054 6844 3793 5905 7739 9044 2199 9444 2303 4588 8566 6440 8584 7799 3341 7952 9532 4468 8890
555 1317 592 2637 2093 1668 1626 5244 4075 8773 8523 3475 2131 3054 6844 3793 5905 7739 9044 2199 9444 2303 4588 8566 6440 8584 7799 3341 7952 9532 4468 8890
221 1317 592 2637 2093 1668 1626 5244 555 8773 8523 3475 2131 3054 6844 3793 5905 7739 9044 2199 9444 2303 4588 8566 6440 8584 7799 3341 7952 9532 4468 8890
221 1317 592 2637 2199 1668 1626 5244 555 8773 8523 3475 2131 3054 6844 3793 5905 7739 9044 4219 9444 2303 4588 8566 6440 8584 7799 3341 7952 9532 4468 8890
221 1317 592 2637 2199 1668 2131 5244 555 8773 8523 3475 8584 3054 6844 3793 5905 7739 9044 4219 9444 2303 4588 8566 6440 9891 7799 3341 7952 9532 4468 8890
221 1317 592 2637 2199 1668 2131 5244 555 8773 8523 3475 8584 3054 6844 3793 5905 7739 9044 4219 9444 2303 4588 8566 6432 9891 7799 3341 7952 9532 4468 8890
221 1317 592 2637 2181 1668 2131 5244 555 8773 8523 3475 8584 3054 6844 3793 5905 7739 9044 2199 9444 2303 4588 8566 6432 9891 7799 3341 7952 9532 4468 8890
221 508 592 2637 2181 1668 1317 5244 555 8773 8523 3475 8584 3054 6844 3793 5905 7739 9044 2199 9444 2303 4588 8566 2131 9891 7799 3341 7952 9532 4468 8890
221 508 592 2558 2181 1668 1317 5244 555 8773 8523 3475 8584 3054 6844 3793 5905 7739 9044 2199 9444 2303 4588 8566 2131 9891 7799 3341 7952 9532 2637 8890
221 508 592 2558 2181 1668 1317 6844 555 8773 8523 3475 8584 3054 7491 3793 5905 7739 9044 2199 9444 2303 4588 8566 2131 9891 7799 3341 7952 9532 2637 8890
221 508 592 2558 2181 1668 1317 6844 555 8773 8523 3475 8584 3054 7491 7647 5905 7739 9044 2199 9444 2303 4588 8566 2131 9891 7799 3341 7952 9532 2637 8890
221 508 592 2558 2181 1668 1317 6844 555 8773 8523 3475 8584 3054 7491 7647 5905 7739 9044 2199 9444 2303 4588 1018 2131 9891 7799 3341 7952 9532 2637 8890
221 508 592 2558 2181 1668 1317 6844 555 8773 8523 4588 8584 3054 7491 7647 5905 7739 9044 2199 9444 2303 6499 1018 2131 9891 7799 3341 7952 9532 2637 8890
221 508 592 2558 2181 1668 1317 6844 555 8773 8523 4588 8584 3054 7491 7647 5905 7739 9044 2199 9444 2303 6499 1018 2131 9891 7799 3341 9889 9532 2637 8890
221 508 315 2558 2181 1668 1317 6844 555 8773 8523 4588 8584 3054 7491 7647 5905 7739 9044 2199 9444 2303 6499 1018 2131 9891 7799 3341 9889 9532 2637 8890
221 508 315 2558 2181 1668 1317 6844 555 6666 8523 4588 8584 3054 7491 7647 5905 7739 9044 2199 9444 2303 6499 1018 2131 9891 7799 3341 9889 9532 2637 8890
221 508 315 2558 2181 1668 1317 6844 555 6666 8523 4588 8584 3054 7491 7499 5905 7739 9044 2199 9444 2303 6499 1018 2131 9891 7799 3341 9889 9532 2637 8890
221 508 315 2558 2181 1668 1317 6844 555 6666 8523 4588 8584 3054 7491 7499 5905 2680 9044 2199 9444 2303 6499 1018 2131 9891 7799 3341 9889 9532 2637 8890
221 508 315 2558 2181 1668 1317 6844 555 6666 8523 4588 8584 3054 7491 7499 5905 2680 9044 2199 9444 4469 6499 1018 2131 9891 7799 3341 9889 9532 2637 8890
221 508 315 556 2181 1668 1317 6844 555 6666 8523 4588 8584 3054 7491 2558 5905 2680 9044 2199 9444 4469 6499 1018 2131 9891 7799 3341 9889 9532 2637 8890
221 508 315 556 2181 1668 1317 6844 555 6666 8523 4588 8584 3054 7491 2637 5905 2680 9044 2199 9444 4469 6499 1018 2131 9891 7799 3341 9889 9532 8305 8890
221 508 315 556 2181 3387 1317 6844 555 6666 8523 4588 8584 3054 7491 2637 5905 2680 9044 2199 9444 4469 6499 1018 2131 9891 7799 3341 9889 9532 8305 8890
315 508 555 556 2181 3387 1317 6844 2085 6666 8523 4588 8584 3054 7491 2637 5905 2680 9044 2199 9444 4469 6499 1018 2131 9891 7799 3341 9889 9532 8305 8890
315 508 555 556 2181 3387 3054 6844 2085 6666 8523 4588 8584 3292 7491 2637 5905 2680 9044 2199 9444 4469 6499 1018 2131 9891 7799 3341 9889 9532 8305 8890
315 508 555 556 2181 3387 2558 6844 2085 6666 8523 4588 8584 3054 7491 2637 5905 2680 9044 2199 9444 4469 6499 1018 2131 9891 3292 3341 9889 9532 8305 8890
315 508 555 556 2181 3387 2558 6844 2085 6666 8523 4588 8584 3054 7491 2637 5905 2680 9044 2199 9444 4469 6499 1018 2131 9891 3292 3341 9889 9532 8305 1989
315 508 555 556 2181 3387 2558 6844 2085 6666 8523 4588 8584 3054 7491 2637 5905 2680 9044 2199 9444 4469 6499 1018 2131 9891 3292 3341 9889 9532 3503 1989
315 508 555 556 2181 3387 2558 6844 2085 6666 8523 3944 8584 3054 7491 2637 5905 2680 9044 2199 9444 4469 6499 1018 2131 9891 3292 3341 9889 9532 3503 1989
315 508 555 556 2181 3215 2558 6844 2085 6666 3387 3944 8584 3054 7491 2637 5905 2680 9044 2199 9444 4469 6499 1018 2131 9891 3292 3341 9889 9532 3503 1989
315 508 555 556 2181 3215 2558 7491 2085 6666 3387 3944 8584 3054 7899 2637 5905 2680 9044 2199 9444 4469 6499 1018 2131 9891 3292 3341 9889 9532 3503 1989
315 508 555 556 2181 3215 2558 7491 2085 6666 3387 3944 8916 3054 7899 2637 5905 2680 9044 2199 9444 4469 6499 1018 2131 9891 3292 3341 9889 9532 3503 1989
315 508 555 556 2181 3215 2558 7491 2085 6666 3387 3944 8916 3054 7899 1123 5905 2680 9044 2199 9444 4469 6499 1018 2131 9891 3292 3341 9889 9532 3503 1989
315 508 555 556 2181 3215 3054 7491 2085 6666 3387 3944 8916 3292 7899 1123 5905 2680 9044 2199 9444 4469 6499 1018 2131 9891 3325 3341 9889 9532 3503 1989
315 508 555 556 2181 3387 3054 7491 2085 6666 8927 3944 8916 3292 7899 1123 5905 2680 9044 2199 9444 4469 6499 1018 2131 9891 3325 3341 9889 9532 3503 1989
315 508 555 556 2181 3387 3054 7491 2085 6666 8927 3944 8916 3292 7899 1123 8667 2680 9044 2199 9444 4469 6499 1018 2131 9891 3325 3341 9889 9532 3503 1989
