1938 3642 4081 4641 7756 5078 9057 5735
402 3642 4081 4641 7756 1938 9057 5735
402 3642 4081 5735 7756 1938 9057 6820
402 1381 4081 3642 7756 1938 9057 5735
402 1381 2106 3642 7756 1938 9057 5735
1381 1938 2106 3642 7756 6557 9057 5735
1303 1381 2106 3642 7756 6557 9057 5735
1381 2106 6557 3642 7756 6911 9057 5735
2106 3642 6557 5735 7756 6911 9057 7054
2106 3642 6557 5735 5262 6911 9057 7054
2106 2379 6557 5735 5262 6911 3642 7054
2379 4405 6557 5735 5262 6911 3642 7054
2379 4405 6557 5735 5262 6911 5281 7054
298 4405 6557 2379 5262 6911 5281 7054
298 4405 6557 2379 5262 6911 8105 7054
2379 4405 6557 7054 5262 6911 8105 8314
2379 4405 6557 7054 8046 6911 8105 8314
2379 4405 6557 2554 8046 6911 8105 7054
2379 4405 6557 6406 8046 6911 8105 7054
2379 4405 6557 6406 8046 6911 6869 7054
4405 4958 6557 6406 8046 6911 6869 7054
2858 4958 4405 6406 8046 6557 6869 7054
2858 4958 4405 7054 8046 6557 6869 8178
495 4958 4405 7054 8046 2858 6869 8178
495 4958 678 7054 8046 2858 6869 8178
495 751 678 4958 8046 2858 6869 7054
495 751 4089 4958 8046 2858 6869 7054
495 751 4089 4958 8046 3081 6869 7054
495 751 4089 4958 8046 3081 6869 7313
495 751 4089 4958 8046 3081 6869 8145
495 751 4089 4958 8046 6144 6869 8145
495 751 4089 4958 8046 9923 6869 8145
495 751 4089 4958 5060 9923 6869 8145
495 751 4089 6135 5060 9923 6869 8145
495 751 759 6135 4089 9923 6869 8145
751 759 6183 6135 4089 9923 6869 8145
751 759 6183 4129 4089 9923 6869 8145
751 759 6183 4129 4089 9923 9646 8145
751 2044 6183 4129 4089 9923 9646 8145
751 2044 6183 4129 7048 9923 9646 8145
751 2044 6183 4129 7048 9923 9646 6194
751 1037 2044 4129 7048 6183 9646 6194
751 1037 3813 4129 7048 6183 9646 6194
1037 2248 3813 4129 7048 6183 9646 6194
1037 2233 3813 4129 7048 6183 9646 2248
1037 2233 3813 4129 5235 6183 9646 2248
1037 2233 1444 4129 5235 6183 9646 2248
1037 2233 1444 4129 5235 5613 9646 2248
1037 2055 1444 2233 5235 5613 4129 2248
1037 2055 1444 2248 5235 5613 4129 8408
1444 2055 5613 2248 5235 8740 4129 8408
1444 2055 5134 2248 5235 5613 4129 8408
1444 2055 1957 2248 5235 5134 4129 8408
1444 2055 1957 2248 3028 5134 4129 8408
1444 2248 1957 4129 3028 5134 9591 8408
1058 2248 1444 4129 3028 1957 9591 8408
1058 2248 1444 4129 3028 1957 9591 9575
1058 2248 1444 4129 2745 1957 9591 9575
1058 2248 2745 4129 5119 1957 9591 9575
1058 2248 5119 4129 5547 1957 9591 9575
1058 2248 5119 4129 5547 1957 9591 4308
336 1058 5119 4129 5547 1957 9591 4308
336 1058 4607 4129 5547 1957 9591 4308
336 1058 4607 4129 5547 1474 9591 4308
336 1058 5547 4129 6693 1474 9591 4308
336 1058 5547 941 6693 1474 9591 4308
336 1058 5547 941 6693 1474 9591 2345
336 1058 5547 3038 6693 1474 9591 2345
336 1474 5547 3038 6693 9391 9591 2345
1474 2345 5547 3038 6693 9391 9591 6122
159 2345 1474 3038 5547 9391 9591 6122
159 2345 7620 3038 5547 9391 9591 6122
159 2345 7620 3038 5547 9391 9591 9347
159 2345 7620 3038 9327 9391 9591 9347
159 2345 1652 3038 9327 9391 9591 9347
159 2345 1652 3038 9327 7458 9591 9347
159 2345 1652 3038 9327 7458 9591 3369
44 2345 1652 3038 9327 7458 9591 3369
44 2345 1652 3038 9327 7458 9591 8206
44 2345 6398 3038 9327 7458 9591 8206
44 2345 6398 2360 9327 7458 9591 8206
44 2360 6398 6500 9327 7458 9591 8206
44 2360 7458 6500 9327 8371 9591 8206
44 2328 7458 2360 9327 8371 9591 6500
44 2360 7458 6500 9327 8371 9591 8607
44 489 7458 6500 9327 8371 9591 8607
44 489 7458 6500 7195 8371 9591 8607
44 489 7524 6500 7195 8371 9591 8607
44 5680 7524 6500 7195 8371 9591 8607
44 5680 7524 6500 443 8371 9591 8607
44 5680 7524 6500 6654 8371 9591 8607
44 5550 7524 5680 6654 8371 9591 8607
44 5550 7524 5680 890 8371 9591 8607
44 5550 7524 5680 890 8371 6686 8607
44 5550 7524 5680 890 7763 6686 8607
890 5550 7524 5680 1153 7763 6686 8607
890 5550 7524 6686 1153 7763 7526 8607
890 5550 2422 6686 1153 7763 7526 8607
565 890 2422 5550 1153 7763 6686 8607
565 890 2422 5550 1153 7919 6686 8607
565 890 7919 5550 1153 8933 6686 8607
565 890 7919 5550 1153 8933 6686 6645
565 890 7919 5550 8308 8933 6686 6645
565 2671 7919 5550 8308 8933 6686 6645
565 2671 7919 5550 8308 8933 4561 6645
565 2671 7919 5550 7579 8933 4561 6645
565 2671 7919 5550 8595 8933 4561 6645
565 2671 7919 655 8595 8933 4561 5550
565 6194 7919 655 8595 8933 4561 5550
565 6194 7919 655 8595 8933 8222 5550
565 2525 6194 655 8595 8933 8222 5550
565 2525 6194 655 8595 8933 8222 9432
565 2525 8173 655 8595 8933 8222 9432
565 2525 8173 655 8595 8933 8222 1676
565 2525 8173 655 8595 8933 6936 1676
565 2525 3831 655 8595 8933 6936 1676
565 2525 3831 655 8595 9316 6936 1676
565 3831 7817 655 8595 9316 6936 1676
565 3831 7817 655 8595 9316 4888 1676
565 7817 8595 655 9988 9316 4888 1676
565 7817 8595 655 9988 9316 4888 9284
565 7817 8595 655 9988 9316 4888 5752
565 1384 8595 655 9988 9316 4888 5752
565 1384 8595 5752 9988 9316 4888 6070
380 565 1384 5752 8595 9316 4888 6070
380 565 1384 5752 9214 9316 4888 6070
194 380 1384 5752 9214 9316 4888 6070
194 1384 5333 5752 9214 9316 4888 6070
194 3345 5333 5752 9214 9316 4888 6070
194 3345 3441 5752 9214 9316 4888 6070
194 3138 3345 5752 3441 9316 4888 6070
1387 3138 3345 5752 3441 9316 4888 6070
1387 3138 3345 5752 3441 5405 4888 6070
1387 3138 3345 5752 3441 5405 6113 6070
1387 3138 3345 1679 3441 5405 6113 5752
1387 3345 3441 1679 4377 5405 6113 5752
1387 3345 3441 5752 4377 5405 6113 6381
1387 3345 3441 5752 9242 5405 6113 6381
1387 1429 3441 5752 9242 5405 6113 6381
1387 1429 3441 5752 7356 5405 6113 6381
996 1387 3441 5752 7356 1429 6113 6381
996 1387 3441 5752 7356 2362 6113 6381
996 1387 3441 5752 7356 2362 6113 6266
996 1387 3441 5752 7885 2362 6113 6266
996 1387 3441 5752 9913 2362 6113 6266
996 1387 3441 3425 9913 2362 6113 5752
