5261 9691
8038 9691
9622 9691
3978 9691
3978 6495
3978 7312
3978 7240
5912 7240
2816 7240
452 2816
452 6718
452 2636
2636 6469
4842 6469
4935 6469
3415 6469
6469 7735
2154 7735
4159 7735
7603 7735
1964 7735
7735 9896
2014 7735
7735 8479
7735 8392
3670 8392
7559 8392
7559 7931
2870 7931
7931 9383
6933 7931
3297 6933
6933 6996
6996 7824
935 6996
6996 8833
6996 9607
6996 8455
5109 8455
1245 5109
5109 6850
4586 6850
2187 6850
6850 9078
6850 8575
1202 6850
4008 6850
1114 4008
4008 9902
3965 4008
2903 3965
3965 4681
234 4681
2753 4681
337 2753
2753 7222
2753 8070
5780 8070
3690 5780
2068 3690
2068 8785
8785 9504
4215 9504
260 4215
260 988
988 9950
6992 9950
2419 9950
2419 4823
2419 5338
5338 8830
5338 7749
1001 7749
1001 3333
1615 3333
1615 3230
3230 5087
3230 4017
1221 3230
1221 1464
1221 2933
1221 4170
1221 5729
1221 2312
2312 3566
2312 2480
2480 8867
6223 8867
1705 6223
1987 6223
2715 6223
406 2715
406 3992
406 7685
7685 8133
6480 7685
3590 7685
3435 7685
3435 8907
3567 8907
3567 4774
3567 5884
5884 6025
5884 6199
6199 9849
3971 6199
3016 3971
3971 4145
3971 6048
2304 3971
2304 6349
434 2304
434 7040
434 4196
434 7178
2871 7178
2871 4971
4971 6691
3751 4971
4971 6019
4236 4971
4971 6810
6810 9671
447 6810
499 6810
499 5190
499 8349
499 5927
499 520
520 8483
8483 8555
6260 8555
1664 6260
1279 6260
1279 9484
244 9484
1164 9484
1164 8462
8462 9676
8068 8462
6103 8462
808 6103
6103 9443
1337 6103
1337 2923
1337 6595
5820 6595
3126 5820
2378 3126
817 2378
1985 2378
2378 2641
2378 4576
4576 6330
4576 7582
6467 7582
3952 6467
2603 6467
2603 5558
1641 5558
5558 5660
5558 7005
5558 8644
101 5558
362 5558
362 498
498 2521
2521 7693
7693 9227
6235 9227
3003 9227
6968 9227
6968 7371
2537 7371
2537 3561
3561 8170
3561 5286
5286 5809
5286 6217
738 5286
5171 5286
4420 5286
2635 4420
2635 8657
2635 4799
2635 9966
2635 5855
5855 6035
2354 6035
2752 6035
1194 2752
1194 6261
1194 1698
1698 4495
1698 2091
1698 3842
3842 5688
5688 6791
5688 8145
8145 8944
8145 9375
2546 9375
2546 9331
3569 9331
113 9331
113 1593
113 5518
5518 7109
5378 5518
5518 7012
5518 8210
2202 5518
3067 5518
5518 9184
2168 5518
3311 5518
3311 4117
1305 3311
3311 9836
3311 7284
3311 7472
3311 6544
3311 4735
3311 4724
3311 8447
5904 8447
1687 5904
1178 1687
1178 5971
537 5971
5971 6828
3161 6828
3161 9260
1904 9260
498 9260
7329 9260
3887 9260
3465 3887
3445 3887
3887 5471
5471 7931
5471 9409
4221 5471
5471 9328
6391 9328
5952 9328
232 9328
5822 9328
5822 7087
5230 5822
3539 5822
421 5822
5822 5896
5896 7105
5573 7105
5407 7105
5407 8634
5886 8634
8634 9891
5029 9891
5144 9891
8005 9891
6991 9891
3471 9891
9303 9891
622 9303
8020 9303
8020 8112
8112 9355
744 8112
744 9030
852 9030
5631 9030
665 9030
43 665
665 1863
665 5432
665 9539
665 9284
665 3594
3594 5772
5772 7771
7771 8879
7771 8833
2856 8833
8833 9503
3212 8833
3769 8833
3769 5529
1987 5529
1987 5036
1987 4466
4466 4642
4642 8521
2404 4642
2404 7757
2404 7133
2404 2883
1562 2404
2404 4814
2404 5714
5452 5714
5708 5714
5714 9743
3927 5714
2132 5714
2132 6771
6771 7578
5084 7578
4966 5084
4365 5084
4365 6490
4365 9694
2532 9694
