2281 4034 3972 6069
2281 4034 3972 4862
2281 4862 3972 5258
2281 4862 3972 8241
2281 4862 4944 8241
3620 4862 4944 8241
4862 4944 5897 8241
3687 4862 5897 8241
3687 6919 5897 8241
617 6919 5897 8241
4830 6919 5897 8241
5897 6919 6429 8241
4952 6919 5897 8241
2379 4952 5897 6919
2863 4952 5897 6919
2863 4952 8866 6919
2037 2863 8866 6919
2037 2863 8849 6919
2037 2863 6536 6919
2863 3830 6536 6919
2187 3830 6536 2863
2187 3830 9805 2863
867 2187 9805 2863
867 2863 9805 9027
867 2150 9805 9027
867 2150 2230 9027
867 2464 2230 9027
867 4689 2230 9027
867 6206 2230 9027
867 3646 2230 9027
572 3646 867 9027
572 3646 867 4529
367 3646 572 4529
367 3646 572 8152
367 4468 572 8152
367 4468 572 7982
367 7982 572 8031
367 7982 572 9261
367 9128 572 9261
367 9128 9090 9261
367 1398 9090 9261
367 1331 9090 1398
367 918 9090 1331
367 918 7258 1331
367 1331 7258 3777
231 367 7258 3777
231 5827 7258 3777
3777 5827 7258 6585
5827 6585 7258 8160
1170 5827 7258 8160
1170 5827 9410 8160
1170 5827 9410 8247
4250 5827 9410 8247
4250 8436 9410 8247
4250 4411 8436 8247
1957 4411 8436 8247
4411 8247 8436 8615
1578 4411 8436 8615
1578 4411 8436 3006
3006 4411 8436 3501
3006 4411 7356 3501
3006 4411 5030 3501
3006 5030 9064 3501
3006 5030 9793 3501
3006 5030 9793 5626
2479 3006 9793 5626
3006 5163 9793 5626
3006 5050 5163 5626
3006 5050 5163 9930
3006 4620 5163 9930
462 4620 5163 3006
462 530 5163 3006
462 530 5163 5861
530 2085 5163 5861
530 5861 5163 6071
530 5861 9740 6071
530 3514 9740 6071
3514 9507 9740 6071
1291 3514 9740 6071
1291 3514 3093 6071
1291 2974 3093 6071
2561 2974 3093 6071
1050 2561 3093 2974
1050 3093 5808 2974
1050 3093 5808 9149
1050 5808 8121 9149
1050 5808 7624 9149
1050 5808 7936 9149
1050 5808 7936 1265
1050 5808 7936 2864
110 5808 7936 2864
110 4426 7936 2864
110 7936 8435 2864
2864 7936 8435 5597
2864 7936 8435 3575
1021 7936 8435 3575
1021 4736 8435 3575
3575 4736 8435 7960
3575 4736 8435 8580
3575 6323 8435 8580
2975 3575 6323 8580
699 2975 6323 8580
699 3747 6323 8580
699 5494 6323 8580
699 5494 7800 8580
699 5494 7800 4281
699 5494 6947 4281
699 5494 6947 1740
699 5494 6947 7147
5494 7147 6947 7348
5494 7147 5734 7348
467 5494 5734 7147
467 5734 7208 7147
467 5734 7208 1156
467 5734 8730 1156
1156 5734 8730 2870
2870 5734 8730 4988
4988 5734 8730 8444
2635 4988 5734 8444
2635 2920 5734 4988
2635 4988 5734 8729
4988 5396 5734 8729
876 5396 5734 4988
4988 5396 5734 6711
4950 5396 5734 4988
4950 5529 5734 4988
4950 5734 9274 4988
2573 4950 5734 4988
4950 5734 6967 4988
4533 5734 6967 4988
4533 5734 8955 4988
4533 5734 8955 6950
4533 7894 8955 6950
799 4533 7894 6950
152 4533 799 6950
152 6950 799 8840
152 5689 799 8840
152 8840 799 9642
799 8840 9087 9642
799 3309 9087 8840
191 3309 9087 8840
3309 5560 9087 8840
1482 5560 9087 3309
3309 5560 9087 4318
3309 5560 9087 9500
2152 5560 9087 3309
2152 5560 6351 3309
2152 3988 5560 3309
2152 2550 5560 3309
2550 3309 5560 6048
2550 3309 5560 9664
2550 3309 5560 7661
2550 3309 9294 7661
3309 3730 9294 7661
2223 3730 9294 7661
2223 3730 9294 4669
2223 3730 9294 9296
762 3730 9294 9296
762 3730 9294 4852
762 2226 9294 4852
762 2226 9294 5731
762 2226 9294 1146
762 3081 9294 1146
762 3081 9294 8139
762 1536 9294 8139
762 1536 8225 8139
762 8225 9352 8139
762 4011 8225 8139
762 4011 8225 3586
762 4011 8225 5358
762 3937 4011 5358
762 3882 4011 5358
