189 5287
4031 5287
5287 6002
2819 6002
413 6002
413 5420
413 5585
4602 5585
5585 5979
1009 5979
3160 5979
3160 9094
5851 9094
7678 9094
5822 7678
49 5822
4791 5822
5822 6923
6923 7701
7701 8823
2911 7701
7080 7701
666 7701
666 1193
1193 2101
2101 8283
2101 8800
8601 8800
2360 8800
6638 8800
4534 8800
4534 6609
5563 6609
6479 6609
753 6479
3057 6479
3057 8610
6277 8610
6277 8817
1525 8817
8817 9607
6923 9607
89 9607
4068 9607
4340 9607
4340 6405
3634 6405
6405 7618
5575 6405
3972 5575
2355 3972
2355 8633
8633 9959
6302 9959
4484 9959
2885 4484
1437 4484
78 1437
