625 1684 5684 4803 7000 1391 4060 5209 9987 8715 4647 9033 6786 7011 7816 5900
625 1684 5684 4803 7000 1391 7011 5209 9987 8715 4647 9033 6786 7763 7816 5900
625 1684 2451 4803 5684 1391 7011 5209 9987 8715 4647 9033 6786 7763 7816 5900
625 1684 2451 4803 5684 1391 7011 5209 9987 8715 4647 4765 6786 7763 7816 5900
625 1684 2451 4803 5684 1391 7011 7094 9987 8715 4647 4765 6786 7763 7816 5900
625 1684 2451 4803 5684 1391 6058 7094 9987 8715 4647 4765 6786 7011 7816 5900
625 1684 2451 4803 5684 1391 6058 7094 9987 8715 4647 4765 3027 7011 7816 5900
625 1684 2451 4803 5684 1391 6058 7094 9987 8715 4647 4765 6051 7011 7816 5900
625 1684 2451 4803 7639 1391 6058 7094 9987 8715 4647 4765 6051 7011 7816 5900
625 1684 2451 3628 7639 1391 6058 7094 9987 8715 4647 4765 6051 7011 7816 4803
625 1684 2451 3416 7639 1391 6058 7094 9987 8715 4647 4765 6051 7011 7816 3628
625 760 2451 1684 7639 1391 6058 3416 9987 8715 4647 4765 6051 7011 7816 3628
625 760 2451 1684 7639 1391 4623 3416 9987 8715 4647 4765 6051 7011 7816 3628
625 760 2451 1684 7639 1391 4623 3416 9987 8715 985 4765 6051 7011 7816 3628
625 760 4735 1684 7639 1391 4623 3416 9987 8715 985 4765 6051 7011 7816 3628
625 760 4735 1684 7639 1391 4623 3628 9987 8715 985 4765 6051 7011 7816 9203
625 760 4735 1684 7639 1329 4623 3628 9987 8715 985 1391 6051 7011 7816 9203
625 760 4735 1684 7639 1329 4623 3628 6328 8715 985 1391 6051 7011 7816 9203
625 760 4735 1684 7639 1329 4623 3628 6328 8715 7893 1391 6051 7011 7816 9203
625 760 4735 1684 7639 1329 4623 3628 6328 8720 7893 1391 6051 7011 7816 9203
625 760 4372 1684 4735 1329 4623 3628 6328 7639 7893 1391 6051 7011 7816 9203
625 760 4372 1684 4735 1329 7011 3628 6328 7639 7893 1391 6051 9784 7816 9203
760 1329 4372 1684 4735 7893 7011 3628 6328 7639 9140 1391 6051 9784 7816 9203
760 1329 4372 1684 4735 7893 7011 8434 6328 7639 9140 1391 6051 9784 7816 9203
760 1329 4372 1684 4735 7893 7011 8434 6328 7639 9140 1391 3633 9784 7816 9203
760 1391 4372 1684 4735 7893 7011 8434 6328 7639 9140 3801 3633 9784 7816 9203
760 1391 4372 1684 4735 7893 6654 8434 6328 7639 9140 3801 3633 7011 7816 9203
760 1391 4372 1684 4735 7296 6654 8434 6328 7639 7893 3801 3633 7011 7816 9203
760 1391 4372 1684 6328 7296 6654 8434 8109 7639 7893 3801 3633 7011 7816 9203
760 1391 4372 1684 6328 7893 6654 8434 8109 7639 8487 3801 3633 7011 7816 9203
760 1391 4372 1684 6328 5836 6654 8434 8109 7639 8487 3801 3633 7011 7816 9203
760 1391 1594 1684 6328 5836 6654 8434 8109 4372 8487 3801 3633 7011 7816 9203
760 1391 4372 1684 6328 5836 6654 8434 8109 8166 8487 3801 3633 7011 7816 9203
391 760 1391 1684 6328 5836 6654 8434 8109 4372 8487 3801 3633 7011 7816 9203
391 760 1391 1684 6328 1451 6654 8434 8109 4372 8487 3801 3633 7011 7816 9203
760 1391 4372 1684 6328 1451 6654 8434 8109 5746 8487 3801 3633 7011 7816 9203
760 1391 4372 1684 6328 1451 6654 8434 8109 5746 8487 3801 5788 7011 7816 9203
760 1391 4372 1684 6328 8487 6654 8434 8109 5746 9377 3801 5788 7011 7816 9203
760 1391 1589 1684 6328 8487 6654 8434 8109 5746 9377 3801 5788 7011 7816 9203
1391 1684 1589 6796 6328 8487 6654 8434 8109 5746 9377 3801 5788 7011 7816 9203
1391 1684 1589 6796 6328 8487 6654 8434 8109 5746 9377 3801 8764 7011 7816 9203
1391 1684 1589 6796 6328 8487 6654 8434 8109 5746 9377 3801 8764 7011 7816 8693
959 1684 1391 6796 1589 8487 6654 8434 8109 5746 9377 3801 8764 7011 7816 8693
1391 1684 1589 6796 8109 8487 6654 8434 9321 5746 9377 3801 8764 7011 7816 8693
1391 1684 1589 6796 8109 8487 6654 8434 8155 5746 9377 3801 8764 7011 7816 8693
1391 1684 5746 6796 8109 8487 6654 8434 8155 7764 9377 3801 8764 7011 7816 8693
1391 1684 3959 6796 8109 8487 6654 8434 8155 5746 9377 3801 8764 7011 7816 8693
1391 1684 3959 6796 8109 2234 6654 8434 8155 5746 9377 3801 8764 7011 7816 8693
1391 1684 3959 6796 8109 2234 6654 8434 8155 5390 9377 3801 8764 7011 7816 8693
1391 1684 3959 6796 8109 2234 6654 8434 8155 5390 8140 3801 8764 7011 7816 8693
387 1684 1391 6796 8109 2234 6654 8434 8155 3959 8140 3801 8764 7011 7816 8693
387 1684 1391 6796 8109 3965 6654 8434 8155 3959 8140 3801 8764 7011 7816 8693
387 1684 1391 6796 8109 3321 6654 8434 8155 3959 3965 3801 8764 7011 7816 8693
1391 1684 3959 6796 8109 3321 6654 8434 8155 7006 3965 3801 8764 7011 7816 8693
1391 1684 3424 6796 3959 3321 6654 8434 8109 7006 3965 3801 8764 7011 7816 8693
123 1684 3424 6796 3959 3321 6654 8434 8109 7006 3965 1391 8764 7011 7816 8693
1391 1684 3424 6796 3959 3321 6654 8434 8109 7006 3965 4044 8764 7011 7816 8693
1391 1684 3424 6796 3959 3321 6654 8434 8109 7006 3965 4044 4101 7011 7816 8693
1391 1684 3424 6796 3959 3321 6654 8434 8109 7006 3965 4044 5884 7011 7816 8693
48 1684 1391 6796 3959 3321 6654 8434 3424 7006 3965 4044 5884 7011 7816 8693
48 1684 1391 7816 3959 3321 6654 8434 3424 7006 3965 4044 5884 7011 8566 8693
48 1112 1391 7816 3959 3321 1684 8434 3424 7006 3965 4044 5884 6654 8566 8693
48 1112 1391 7816 3959 3321 1684 8434 3424 7006 3965 4044 5884 6654 9440 8693
48 1112 1391 7816 2913 3321 1684 8434 3424 7006 3965 4044 5884 6654 9440 8693
48 1684 1391 7816 2913 3321 5419 8434 3424 7006 3965 4044 5884 6654 9440 8693
48 1684 1391 7816 2913 3321 4059 8434 3424 7006 3965 4044 5884 6654 9440 8693
48 214 1391 1684 2913 3321 4059 8434 3424 7006 3965 4044 5884 6654 9440 8693
48 214 3321 1684 2913 4044 4059 8434 3424 7006 3965 4441 5884 6654 9440 8693
48 214 3321 1684 7006 4044 4059 8434 3424 7210 3965 4441 5884 6654 9440 8693
48 214 2798 1684 7006 3321 4059 8434 3424 7210 3965 4441 5884 6654 9440 8693
48 214 2798 1684 7006 3321 4059 8434 3424 7210 3965 4441 5884 6654 9310 8693
48 214 2798 1684 7006 3965 4059 8434 3424 7210 4845 4441 5884 6654 9310 8693
48 214 2798 1684 7006 4845 4059 8434 3424 7210 9711 4441 5884 6654 9310 8693
48 214 2798 1684 978 4845 4059 8434 3424 7006 9711 4441 5884 6654 9310 8693
48 214 2798 1684 978 7309 4059 8434 3424 7006 9711 4441 5884 6654 9310 8693
48 160 2798 1684 978 7309 4059 214 3424 7006 9711 4441 5884 6654 9310 8434
48 160 422 1684 978 2798 4059 214 3424 7006 7309 4441 5884 6654 9310 8434
48 160 422 1684 978 2798 4059 7168 3424 7006 7309 4441 5884 6654 9310 8434
48 160 422 1684 978 2798 4059 7168 6007 7006 7309 4441 5884 6654 9310 8434
48 160 422 1684 978 2798 4059 7168 6007 8271 7309 4441 5884 6654 9310 8434
160 422 577 1684 978 2798 4059 7168 6007 8271 7309 4441 5884 6654 9310 8434
160 422 577 1684 978 664 4059 7168 6007 8271 7309 4441 5884 6654 9310 8434
160 422 577 1684 978 664 4059 7168 6007 8271 6012 4441 5884 6654 9310 8434
160 495 577 1684 978 664 4059 7168 6007 8271 6012 4441 5884 6654 9310 8434
160 495 951 1684 978 664 4059 7168 6007 8271 6012 4441 5884 6654 9310 8434
160 495 951 1684 978 664 4059 7168 6007 8271 6012 4441 5884 6654 9310 3115
160 495 951 1684 978 664 6350 7168 6007 8271 6012 4441 5884 6654 9310 3115
160 495 951 1253 978 664 1684 7168 6007 8271 6012 4441 5884 6654 9310 3115
160 495 951 1253 978 664 1684 7168 6007 8271 2098 4441 5884 6654 9310 3115
160 495 951 1253 978 664 1684 7168 6007 8271 2991 4441 5884 6654 9310 3115
160 495 951 1253 978 664 1684 7168 6007 8271 2991 4441 5884 1939 9310 3115
160 495 951 1253 978 664 5884 7168 6007 8271 2991 4441 9891 1939 9310 3115
160 495 951 1253 978 664 5884 7518 6007 8271 2991 4441 9891 1939 9310 3115
160 495 951 1253 978 664 5884 7518 6007 8271 2991 4441 9891 1939 9310 4627
160 495 951 1253 978 664 5884 7518 2694 8271 2991 4441 9891 1939 9310 4627
160 495 951 1253 978 664 5884 7518 2694 8271 2991 4441 9891 7707 9310 4627
160 495 951 5884 978 664 6193 7518 2694 8271 2991 4441 9891 7707 9310 4627
160 495 951 5884 2977 664 6193 7518 2694 8271 2991 4441 9891 7707 9310 4627
160 495 951 5884 2977 664 6193 4216 2694 8271 2991 4441 9891 7707 9310 4627
160 495 951 1492 2977 664 5884 4216 2694 8271 2991 4441 9891 7707 9310 4627
160 495 951 1492 2977 664 5884 360 2694 8271 2991 4441 9891 7707 9310 4627
160 495 951 1492 2977 664 5884 6281 2694 8271 2991 4441 9891 7707 9310 4627
160 495 951 1492 2977 664 5884 6281 2694 8271 2991 9947 9891 7707 9310 4627
160 495 951 1492 2977 664 5884 6281 2694 8271 5645 9947 9891 7707 9310 4627
160 664 951 1492 2977 5645 5884 6281 2694 8271 8789 9947 9891 7707 9310 4627
160 664 951 1492 2977 5645 5884 6281 2694 8271 8789 9947 9891 5753 9310 4627
160 664 951 1492 2977 5645 5884 4202 2694 8271 8789 9947 9891 5753 6281 4627
160 664 951 1492 2977 5645 5884 4202 2694 8271 8789 9947 9891 5753 6281 1868
160 664 951 1492 2977 5645 5884 3201 2694 8271 8789 9947 9891 5753 4202 1868
160 951 5645 1492 2977 6753 5884 3201 2694 8271 8789 9947 9891 5753 4202 1868
160 234 951 1492 2977 6753 5884 3201 2694 8271 5645 9947 9891 5753 4202 1868
160 234 951 1492 2977 6753 5884 3201 2694 8271 2072 9947 9891 5753 4202 1868
160 234 951 1492 2977 6753 5884 2378 2694 8271 2072 9947 9891 5753 4202 1868
234 1492 951 1868 2977 6753 5884 2378 2694 8271 2072 9947 9891 5753 4202 8723
234 1354 951 1868 2977 6753 1492 2378 2694 8271 2072 9947 5884 5753 4202 8723
234 1492 951 1868 2977 6753 5884 2378 2694 8271 2072 9947 6195 5753 4202 8723
234 1492 951 1868 2977 6753 5884 2378 2694 6914 2072 9947 6195 5753 4202 8723
234 1492 951 1868 2977 6753 5884 2378 2694 6914 2072 9947 6195 5753 6683 8723
163 234 951 1492 2977 6753 5884 2378 2694 6914 2072 9947 6195 5753 6683 8723
163 234 951 4618 2977 6753 5884 2378 2694 6914 2072 9947 6195 5753 6683 8723
163 234 951 1801 2977 6753 5884 2378 2694 6914 2072 9947 6195 5753 6683 8723
234 1736 951 1801 2977 6753 5884 2378 2694 6914 2072 9947 6195 5753 6683 8723
234 1736 951 1801 2977 6753 5884 2378 2694 6914 2072 9947 6195 2236 6683 8723
234 1736 951 1801 2977 6753 5884 2378 2694 3880 2072 9947 6195 2236 6683 8723
234 1736 951 1801 2977 6753 5884 2378 2694 7460 2072 9947 6195 2236 6683 8723
234 1736 951 1801 2977 6753 5884 2378 7260 7460 2072 9947 6195 2236 6683 8723
951 1736 2072 1801 2977 6753 5884 2378 7260 7460 8243 9947 6195 2236 6683 8723
951 1736 2072 1801 2977 6753 6195 2378 7260 7460 8243 9947 8086 2236 6683 8723
951 1736 2072 2236 2977 6753 6195 2378 7260 7460 8243 9947 8086 6336 6683 8723
703 951 2072 2236 2977 6753 6195 1736 7260 7460 8243 9947 8086 6336 2378 8723
703 951 2072 2236 2977 6753 6195 1736 7260 7460 8243 7987 8086 6336 2378 8723
703 951 2072 2236 7460 6753 6195 1736 7260 9407 8243 7987 8086 6336 2378 8723
288 951 2072 2236 7460 6753 6195 1736 7260 9407 8243 7987 8086 6336 2378 8723
288 951 2072 6195 7460 6753 6336 1736 7260 9407 8243 7987 8086 9105 2378 8723
288 2046 2072 6195 7460 6753 6336 1736 7260 9407 8243 7987 8086 9105 2378 8723
70 2046 2072 6195 7460 6753 6336 288 7260 9407 8243 7987 8086 9105 2378 1736
70 2046 2072 6195 7460 6753 8678 288 7260 9407 8243 7987 8086 9105 2378 1736
70 2046 2072 6195 7460 6753 8678 288 7260 9407 8243 9496 8086 9105 2378 1736
70 2046 2072 6195 7460 6753 8678 288 7260 9407 8243 9496 8086 9105 2314 1736
70 2046 2072 6195 7460 6477 8678 288 7260 9407 8243 6753 8086 9105 2314 1736
70 2046 2072 6195 7460 6477 9105 288 7260 9407 8243 6753 8086 9944 2314 1736
70 2046 2072 6195 7460 6477 9105 288 7260 9407 8243 6753 8086 9944 5098 1736
70 2072 7260 6195 7460 6477 9105 288 9573 9407 8243 6753 8086 9944 5098 1736
70 2072 7260 4876 7460 6477 6195 288 9573 9407 8243 6753 8086 9944 5098 1736
70 2072 7260 4876 7460 6477 6195 288 9573 9407 8243 8754 8086 9944 5098 1736
70 2072 4508 4876 7260 6477 6195 288 9573 7460 8243 8754 8086 9944 5098 1736
70 2072 4508 4876 7260 6477 6195 288 9573 8180 8243 8754 8086 9944 5098 1736
70 2072 4508 4876 7260 6477 7578 288 9573 8180 8243 8754 8086 9944 5098 1736
70 299 4508 4876 7260 6477 7578 288 9573 8180 2072 8754 8086 9944 5098 1736
70 299 4508 4876 7260 6477 7578 288 9573 8180 2730 8754 8086 9944 5098 1736
288 299 4508 4876 7260 6477 7578 1736 9573 8180 2730 8754 8086 9944 5098 1836
288 299 4508 400 7260 6477 4876 1736 9573 8180 2730 8754 8086 9944 5098 1836
288 299 4508 400 7260 6477 4876 1836 9573 8180 2730 8754 8086 9944 5098 5552
288 299 4508 400 4952 6477 4876 1836 7260 8180 2730 8754 8086 9944 5098 5552
288 299 4508 400 4952 6477 4876 2071 7260 8180 2730 8754 8086 9944 5098 5552
288 299 4508 400 4952 1831 4876 2071 7260 8180 2730 8754 8086 9944 5098 5552
288 299 4508 400 4952 1831 4876 1416 7260 8180 2730 8754 8086 9944 5098 2071
288 299 4508 400 4952 1831 4876 2071 7260 8180 2730 8754 8086 9944 5098 7363
288 299 4508 400 4952 1831 4876 2071 7260 8180 2730 8754 8086 9944 4092 7363
288 299 4508 400 4952 1831 4876 2071 7260 8180 6762 8754 8086 9944 4092 7363
288 299 4508 2601 4952 1831 4876 2071 7260 8180 6762 8754 8086 9944 4092 7363
280 299 4508 288 4952 1831 4876 2071 7260 8180 6762 8754 2601 9944 4092 7363
280 299 4508 288 4952 1831 4876 2071 7260 8180 6762 8754 2601 5895 4092 7363
280 299 4508 288 4952 8754 4876 2071 7260 8180 6762 9018 2601 5895 4092 7363
280 299 4508 288 6231 8754 4876 2071 7260 8180 6762 9018 2601 5895 4092 7363
288 299 4508 2601 6231 8754 4876 2071 7260 8180 6762 9018 2606 5895 4092 7363
288 299 2519 2601 4508 8754 4876 2071 7260 8180 6762 9018 2606 5895 4092 7363
288 299 526 2601 4508 8754 4876 2071 2519 8180 6762 9018 2606 5895 4092 7363
288 299 526 2601 4508 8754 4876 2071 2519 8180 3369 9018 2606 5895 4092 7363
288 299 2519 2601 4508 8754 4876 2071 8249 8180 3369 9018 2606 5895 4092 7363
288 299 2519 2601 4508 8754 4876 2071 8249 8180 3369 9018 2606 5895 4092 5507
288 299 2519 2601 4508 8754 4876 2071 8249 7451 3369 9018 2606 5895 4092 5507
288 299 4508 2601 4962 8754 4876 2071 8249 7451 3369 9018 2606 5895 4092 5507
288 299 4508 2601 4962 8754 4876 2071 8249 7451 3369 9018 2606 5895 5897 5507
288 299 4508 2601 4962 8754 4876 2071 8249 7451 3369 9018 2606 5895 7143 5507
299 2071 4508 2601 4962 8754 4876 6207 8249 7451 3369 9018 2606 5895 7143 5507
299 2071 4508 2606 4962 8754 4876 6207 8249 7451 3369 9018 8586 5895 7143 5507
299 2071 4508 2606 4962 8754 4876 6207 8249 7451 3798 9018 8586 5895 7143 5507
299 2071 4508 2606 4962 6590 4876 6207 8249 7451 3798 9018 8586 5895 7143 5507
299 2071 4508 4876 4962 6590 5882 6207 8249 7451 3798 9018 8586 5895 7143 5507
299 1711 4508 4876 4962 6590 5882 6207 8249 7451 3798 9018 8586 5895 7143 2071
299 1711 1996 4876 4962 6590 5882 6207 8249 7451 3798 9018 8586 5895 7143 2071
299 1711 1996 4876 4355 6590 5882 6207 4962 7451 3798 9018 8586 5895 7143 2071
299 1711 1996 4876 4355 6590 5882 4513 4962 7451 3798 9018 8586 5895 6207 2071
299 1711 1996 4876 4355 1507 5882 4513 4962 7451 3798 9018 8586 5895 6207 2071
299 1711 1996 4876 4355 1507 7323 4513 4962 7451 3798 9018 8586 5895 6207 2071
299 1360 1996 4876 4355 1507 7323 4513 4962 7451 3798 9018 8586 5895 6207 2071
299 1360 1996 4876 4355 1507 7323 5562 4962 7451 3798 9018 8586 5895 6207 2071
299 1360 1996 4876 4355 1507 7323 5562 6344 7451 3798 9018 8586 5895 6207 2071
299 1360 1996 4876 4355 1507 7323 5562 5515 7451 3798 9018 8586 5895 6207 2071
299 1360 1996 4876 4355 1507 7323 3805 5515 7451 3798 9018 8586 5895 5562 2071
299 1360 1996 4876 4355 5257 7323 3805 5515 7451 3798 9018 8586 5895 5562 2071
299 1360 1996 4876 3074 5257 7323 3805 5515 7451 3798 9018 8586 5895 5562 2071
299 2071 1996 4876 3074 5257 7323 3805 5515 7451 3798 9018 8586 5895 5562 2615
299 2071 1996 5895 3074 5257 7323 3805 5515 7451 3798 9018 8586 6646 5562 2615
299 2071 1996 6646 3074 5257 7323 3805 5515 7451 3798 9018 8586 7252 5562 2615
299 2071 3074 6646 5786 5257 7323 3805 5515 7451 3798 9018 8586 7252 5562 2615
299 2615 3074 6646 5786 5257 7323 3805 5515 7451 3798 9018 8586 7252 5562 8655
299 2615 2124 6646 5786 5257 7323 3805 3074 7451 3798 9018 8586 7252 5562 8655
299 2615 2124 6646 5786 5257 7323 3805 3074 7451 3798 9018 8586 7252 9847 8655
299 2615 2124 6646 5786 5257 7323 3805 7544 7451 3798 9018 8586 7252 9847 8655
299 2615 2124 6646 5786 5257 7323 3805 6898 7451 3798 9018 8586 7252 9847 8655
299 1718 2124 2615 5786 5257 6646 3805 6898 7451 3798 9018 7323 7252 9847 8655
299 1718 2124 2615 5786 5257 6646 3805 6898 7451 3798 9018 7323 7252 9847 4059
299 1718 2124 2279 5786 5257 6646 3805 6898 7451 3798 9018 7323 7252 9847 4059
299 1718 2124 2279 5786 9018 6646 3805 6898 7451 3798 9796 7323 7252 9847 4059
299 1718 2124 2279 5786 9018 6646 3805 6898 7451 9443 9796 7323 7252 9847 4059
299 1718 2124 2279 5786 9018 1979 3805 6898 7451 9443 9796 7323 7252 9847 4059
299 1718 2124 2279 5786 9018 1979 3805 6898 7451 7149 9796 7323 7252 9847 4059
299 1718 2124 2279 5786 9018 1979 3805 6898 7451 7149 9796 7323 7252 6698 4059
299 1718 2124 3805 5786 9018 1979 4059 6898 7451 7149 9796 7323 7252 6698 8474
299 566 2124 3805 5786 9018 1718 4059 6898 7451 7149 9796 7323 7252 6698 8474
299 566 2124 4059 5786 9018 1718 4177 6898 7451 7149 9796 7323 7252 6698 8474
299 566 2124 4059 5786 1880 1718 4177 6898 7451 7149 9018 7323 7252 6698 8474
299 566 2124 4059 5786 1880 1718 4177 6898 7451 7149 9018 7323 9580 6698 8474
299 566 2124 581 5786 1880 1718 4059 6898 7451 7149 9018 7323 9580 6698 8474
566 1880 2124 581 5786 6635 1718 4059 6898 7451 7149 9018 7323 9580 6698 8474
566 1880 2124 1787 5786 6635 1718 4059 6898 7451 7149 9018 7323 9580 6698 8474
566 865 1880 1787 5786 6635 1718 4059 6898 7451 7149 9018 7323 9580 6698 8474
566 865 1880 1787 5786 6635 1718 4059 6898 7451 7149 9018 7323 9580 7208 8474
566 865 1880 1787 6271 6635 1718 4059 6898 7451 7149 9018 7323 9580 7208 8474
566 865 4372 1787 6271 6635 1718 4059 6898 7451 7149 9018 7323 9580 7208 8474
566 865 3139 1787 6271 4372 1718 4059 6898 7451 7149 9018 7323 9580 7208 8474
566 865 3139 1787 6271 4372 1718 4059 7332 7451 7149 9018 7323 9580 7208 8474
566 2424 3139 1787 6271 4372 1718 4059 7332 7451 7149 9018 7323 9580 7208 8474
334 2424 3139 566 6271 4372 1718 4059 7332 7451 7149 9018 7323 9580 1787 8474
334 2424 4372 566 6271 4409 1718 4059 7332 7451 7149 9018 7323 9580 1787 8474
334 2424 4372 566 6271 4409 1718 4059 7332 7750 7149 9018 7323 9580 1787 8474
334 2424 4372 566 7667 4409 1718 4059 7332 7750 7149 9018 7323 9580 1787 8474
334 2424 4372 566 7667 4409 1718 4059 6699 7750 7149 9018 7323 9580 1787 8474
334 2424 4372 566 7667 4409 1718 4059 6699 7750 7149 9018 7323 9580 1787 8966
334 2424 4409 566 7667 8981 1718 4059 6699 7750 7149 9018 7323 9580 1787 8966
334 2424 4409 566 7667 8981 1718 4059 6699 7750 7149 9018 5631 9580 1787 8966
334 2424 4409 566 7667 4472 1718 4059 6699 7750 7149 9018 5631 9580 1787 8966
334 2424 4409 566 7667 4472 1718 4059 6699 7750 7149 9018 4342 9580 1787 8966
296 2424 4409 566 7667 4472 1718 334 6699 7750 7149 9018 4342 9580 1787 4059
296 2424 4409 566 7667 4472 1718 334 6699 7750 7149 9018 2315 9580 1787 4059
296 2424 4409 566 7667 4472 1718 334 6699 7750 7149 9018 2315 9580 1787 822
296 2424 4409 1718 7667 4472 6507 334 6699 7750 7149 9018 2315 9580 1787 822
296 2424 4409 1718 7667 4472 6507 334 6699 7750 7149 9018 9469 9580 1787 822
296 2424 4409 1718 7667 4472 6507 334 6699 7750 7149 9018 4137 9580 1787 822
296 2424 4409 4137 7667 4472 6507 334 6699 7750 7149 9018 5633 9580 1787 822
296 2424 4409 4137 7667 4472 6507 334 6699 7750 5389 9018 5633 9580 1787 822
296 2424 4409 4137 7667 4472 6507 1787 6699 7750 5389 9018 5633 9580 9904 822
296 1064 2424 4137 7667 4409 6507 1787 6699 7750 5389 4472 5633 9580 9904 822
296 1064 2424 4137 7667 4409 6507 1787 6699 7750 5389 4472 5633 9580 6755 822
296 2424 4409 4137 7667 4472 6507 1787 6699 7750 5389 9072 5633 9580 6755 822
296 2424 4409 1738 7667 4472 6507 1787 6699 7750 5389 9072 4137 9580 6755 822
296 4409 6699 1738 7667 4472 6507 1787 8530 7750 5389 9072 4137 9580 6755 822
296 4409 5249 1738 7667 4472 6507 1787 8530 7750 5389 9072 4137 9580 6755 822
296 4409 5249 1738 7667 4472 6507 1787 8530 7750 5389 9072 4137 9580 6755 7874
296 4409 5249 1738 7667 4472 6507 1787 8530 7750 5389 9072 4137 9580 9657 7874
296 4409 5249 1738 7667 4472 6507 1787 8530 7750 9918 9072 4137 9580 9657 7874
296 4409 5249 1738 7667 4472 6507 1787 8530 7750 9918 9072 4137 9580 2237 7874
296 4409 5249 1738 5390 4472 6507 1787 8530 7750 9918 9072 4137 9580 2237 7874
296 4472 5249 1738 5390 7103 6507 1787 8530 7750 9918 9072 4137 9580 2237 7874
296 4472 5249 1738 5390 7103 6507 1787 8530 7750 9918 9072 3578 9580 2237 7874
296 4472 5249 1738 5390 7103 3630 1787 8530 7750 9918 9072 3578 9580 2237 7874
296 5249 5954 1738 5390 7103 3630 1787 8530 7750 9918 9072 3578 9580 2237 7874
144 5249 5954 1738 5390 7103 3630 1787 8530 7750 9918 9072 3578 9580 2237 296
296 5249 5954 1738 5390 7103 3630 1787 8530 7750 9918 9072 3578 9580 2237 2389
296 5390 5954 1738 5949 7103 3630 1787 8530 7750 9918 9072 3578 9580 2237 2389
1738 5390 5954 1787 5949 7103 3630 1839 8530 7750 9918 9072 3578 9580 2237 2389
1738 4236 5390 1787 5949 7103 3630 1839 8530 7750 9918 5954 3578 9580 2237 2389
1738 4236 5390 1787 5949 7103 3630 1839 8530 9941 9918 5954 3578 9580 2237 2389
1738 3041 5390 1787 5949 7103 3630 1839 8530 9941 9918 4236 3578 9580 2237 2389
1738 3041 5390 1787 5949 7103 3630 1839 8530 9941 9918 4236 3578 7755 2237 2389
271 1738 3041 1787 5949 7103 3630 1839 8530 9941 9918 4236 3578 7755 2237 2389
271 1738 3041 1787 5949 7103 3630 1839 8530 8083 9918 4236 3578 7755 2237 2389
271 1738 3176 1787 5949 7103 3630 1839 8530 8083 9918 4236 3578 7755 2237 2389
271 1738 3176 1787 5949 7103 3630 1839 9875 8083 9918 4236 3578 7755 2237 2389
271 1738 3176 1787 5949 7677 3630 1839 9875 8083 9918 4236 3578 7755 2237 2389
271 1738 3176 1787 5949 7677 3630 2389 9875 8083 9918 4236 3578 7755 2237 8419
271 571 3176 1738 5949 7677 3630 2389 9875 8083 9918 4236 3578 7755 2237 8419
271 571 3176 1100 5949 7677 1738 2389 9875 8083 9918 4236 3578 7755 2237 8419
271 571 3176 1100 9013 7677 1738 2389 9875 8083 9918 4236 3578 7755 2237 8419
271 571 3176 1100 9013 7677 1738 2389 9875 8371 9918 4236 3578 7755 2237 8419
271 571 3176 1100 6263 7677 1738 2389 9013 8371 9918 4236 3578 7755 2237 8419
271 571 3176 1100 2060 7677 1738 2389 9013 8371 9918 4236 3578 7755 2237 8419
271 571 3176 1100 2060 7677 1738 2389 9013 8371 9918 4236 1786 7755 2237 8419
271 571 3176 1100 2060 7677 1738 2389 9013 8371 9918 4236 1786 6444 2237 8419
271 571 3176 1100 2060 7677 1738 2389 9013 7245 9918 4236 1786 6444 2237 8419
271 571 3176 595 2060 7677 1100 2389 9013 7245 9918 4236 1738 6444 2237 8419
271 571 4236 595 2060 7677 1100 2389 9013 7245 9918 5918 1738 6444 2237 8419
571 2060 4236 595 4331 7677 1100 2389 9013 7245 9918 5918 1738 6444 2237 8419
571 2060 4236 595 4331 7677 4899 2389 9013 7245 9918 5918 1738 6444 2237 8419
571 2060 4236 595 4331 7677 4899 2389 5746 7245 9918 5918 1738 6444 2237 8419
571 2060 4236 1738 4331 7677 4899 2389 5746 7245 9918 5918 5710 6444 2237 8419
571 4236 4331 1738 5372 7677 4899 2389 5746 7245 9918 5918 5710 6444 2237 8419
571 4236 4331 1447 5372 7677 4899 2389 5746 7245 9918 5918 5710 6444 2237 8419
571 4236 4331 1447 5372 7677 4899 2389 5746 7245 9918 5918 5710 6444 8741 8419
1447 4236 4331 2208 5372 7677 4899 2389 5746 7245 9918 5918 5710 6444 8741 8419
1447 4236 4331 2208 5372 7677 4899 2389 5746 7245 9918 5918 5710 6444 8859 8419
1447 4236 4331 2208 5372 7677 4899 2389 5746 7245 8722 5918 5710 6444 8859 8419
1447 3226 4236 2208 5372 7677 4899 2389 5746 7245 8722 5918 5710 6444 8859 8419
2208 3226 4236 3124 5372 7677 4899 2389 5746 7245 8722 5918 5710 6444 8859 8419
2208 3226 4236 3124 5372 7677 4899 4571 5746 7245 8722 5918 5710 6444 8859 8419
2208 3226 4236 3124 5372 7677 4899 4571 5513 7245 8722 5918 5710 6444 8859 8419
2208 3226 4236 3124 5372 7677 4899 4571 6423 7245 8722 5918 5710 6444 8859 8419
2208 2788 4236 3124 5372 7677 4899 4571 6423 7245 8722 5918 5710 6444 8859 8419
2208 2788 4236 3124 5372 7677 4899 4571 6423 7245 8722 5918 9616 6444 8859 8419
2208 2788 4236 3124 5372 7677 4899 4571 6423 7245 8722 5918 9616 6444 4420 8419
2208 2788 4236 3124 6423 7677 4899 4571 9110 7245 8722 5918 9616 6444 4420 8419
2208 2788 4236 3124 6423 7677 4899 2922 9110 7245 8722 5918 9616 6444 4420 4571
2208 2788 3107 3124 6423 7677 4899 2922 9110 7245 8722 5918 9616 6444 4420 4571
1221 2788 3107 3124 6423 7677 4899 2922 9110 7245 8722 5918 9616 6444 2208 4571
1221 2788 3107 3124 6423 7677 4899 3505 9110 7245 8722 5918 9616 6444 2208 4571
1221 2788 3107 3124 6423 7677 4899 4571 9110 7245 8722 5918 9616 6444 2208 6049
926 2788 3107 1221 6423 7677 3124 4571 9110 7245 8722 5918 9616 4899 2208 6049
926 2788 3107 1180 6423 7677 3124 1221 9110 7245 8722 5918 9616 4899 2208 6049
926 2788 3107 1180 6423 7677 3124 1221 9110 9993 8722 5918 9616 4899 2208 6049
926 2788 3107 1180 6779 7677 3124 1221 9110 9993 8722 5918 9616 4899 2208 6049
926 1407 2788 1180 6779 3107 3124 1221 9110 9993 8722 5918 9616 4899 2208 6049
926 1407 2788 1180 6779 3107 3124 1221 9110 9993 8722 5918 7004 4899 2208 6049
926 1407 2788 1180 6779 3107 3124 1221 9110 9993 8722 5918 7004 4899 9128 6049
926 1407 2788 1180 6779 3107 3124 1221 9110 9993 8722 5918 7304 4899 9128 6049
926 1407 2788 1180 6779 3107 3124 1221 9110 7631 8722 5918 7304 4899 9128 6049
926 1407 2788 1180 6779 3107 3124 1221 9110 7631 9916 5918 7304 4899 9128 6049
926 1407 2788 1180 6779 3107 3124 3469 9110 7631 9916 5918 7304 4899 9128 6049
335 1407 2788 1180 6779 3107 3124 3469 9110 7631 9916 5918 7304 4899 9128 6049
335 1407 2788 1180 6779 3107 2502 3469 9110 7631 9916 5918 7304 4899 9128 6049
335 1407 2788 1180 6779 3107 2502 3469 9110 7631 9916 5918 7304 4899 4279 6049
335 1407 2788 1180 6779 3107 7304 3469 9110 7631 9916 5918 8913 4899 4279 6049
335 1407 2788 1180 6779 2116 7304 3469 9110 7631 9916 3107 8913 4899 4279 6049
335 1407 1943 1180 6779 2116 7304 3469 9110 7631 9916 3107 8913 4899 4279 6049
335 1407 1943 890 6779 2116 7304 1180 9110 7631 9916 3107 8913 4899 4279 6049
335 1407 1943 890 6779 2116 7304 1180 9110 7631 9916 3107 8913 4899 4279 3613
335 1407 1943 890 6779 2116 7304 1180 9110 7631 9916 9175 8913 4899 4279 3613
335 1943 2116 890 6779 7106 7304 1180 9110 7631 9916 9175 8913 4899 4279 3613
335 685 1943 890 6779 2116 7304 1180 9110 7631 9916 9175 8913 4899 4279 3613
335 685 1943 890 6779 2116 7304 1180 9110 7631 9916 9175 8913 4899 2127 3613
335 794 1943 890 6779 2116 7304 1180 9110 7631 9916 9175 8913 4899 2127 3613
335 794 2137 890 6779 2116 7304 1180 9110 7631 9916 9175 8913 4899 2127 3613
335 794 2137 890 7388 2116 7304 1180 9110 7631 9916 9175 8913 4899 2127 3613
335 794 2137 1180 7388 2116 7304 2127 9110 7631 9916 9175 8913 4899 7441 3613
335 794 2137 1180 7388 2116 7304 2127 9110 7631 9916 9466 8913 4899 7441 3613
335 794 2137 1180 7388 2116 7304 2127 9110 7631 9916 9466 8913 4899 7913 3613
335 794 2137 1180 7388 2116 4115 2127 9110 7631 9916 9466 7304 4899 7913 3613
63 335 794 1180 2137 2116 4115 2127 7388 7631 9916 9466 7304 4899 7913 3613
63 335 794 1180 2137 2116 4115 2127 7388 7631 9916 9466 7304 4899 4009 3613
63 335 794 1180 2137 2116 4115 2127 4898 7631 9916 9466 7304 4899 4009 3613
63 335 794 1180 2137 2116 4115 2127 4898 7631 9067 9466 7304 4899 4009 3613
63 335 794 1180 2137 2116 4115 2127 4898 7631 9067 9466 7304 9775 4009 3613
63 335 794 1180 2137 2116 4115 2127 4898 7631 1925 9466 7304 9775 4009 3613
63 335 1925 1180 2137 2116 4115 2127 4898 7631 5625 9466 7304 9775 4009 3613
63 335 1925 1180 2137 2116 4115 4009 4898 7631 5625 9466 7304 9775 8415 3613
335 1925 2137 1180 4898 2116 4115 4009 8714 7631 5625 9466 7304 9775 8415 3613
335 1925 2137 3613 4898 2116 4115 4009 8714 7631 5625 9466 7304 9775 8415 6198
335 1925 2137 3527 4898 2116 4115 4009 8714 7631 5625 9466 7304 9775 8415 6198
335 1925 2137 3527 4898 2116 4115 6672 8714 7631 5625 9466 7304 9775 8415 6198
335 1925 2137 3527 4898 2116 4115 6672 8714 7631 5625 9466 7304 9775 6760 6198
335 1925 2137 6198 4898 2116 4115 6672 8714 7631 5625 9466 7304 9775 6760 6471
335 1925 2137 6198 4898 2116 4115 6672 8714 7631 5625 2823 7304 9775 6760 6471
1023 1925 2137 6198 4898 2116 4115 6672 8714 7631 5625 2823 7304 9775 6760 6471
1023 1925 2246 6198 4898 2116 4115 6672 8714 7631 5625 2823 7304 9775 6760 6471
1023 1370 2246 6198 4898 2116 4115 6672 8714 7631 1925 2823 7304 9775 6760 6471
1023 1370 2246 6198 4898 2823 4115 6672 8714 7631 1925 3436 7304 9775 6760 6471
1370 2544 2246 6198 4898 2823 4115 6672 8714 7631 1925 3436 7304 9775 6760 6471
1370 2544 2246 6198 4898 3436 4115 6672 8714 7631 1925 6835 7304 9775 6760 6471
1370 2544 2246 6198 4898 3436 4115 6672 8714 7631 5952 6835 7304 9775 6760 6471
1370 2544 2246 6198 4898 3436 4115 6672 8714 7631 5952 6835 7304 6075 6760 6471
1370 2544 2246 6198 4898 3436 4296 6672 8714 7631 5952 6835 7304 6075 6760 6471
419 1370 2246 2544 4898 3436 4296 6672 8714 7631 5952 6835 7304 6075 6760 6471
419 1370 2246 2544 4898 3436 4296 6672 8714 7631 2369 6835 7304 6075 6760 6471
350 1370 2246 419 4898 3436 4296 6672 8714 7631 2369 6835 7304 6075 6760 6471
350 1370 2246 419 4898 2083 4296 6672 8714 7631 2369 3436 7304 6075 6760 6471
350 1370 2246 419 4898 2083 4296 6672 9519 7631 2369 3436 7304 6075 6760 6471
350 1370 4898 419 6761 2083 4296 6672 9519 7631 2369 3436 7304 6075 6760 6471
142 350 1370 419 6761 2083 4296 6672 4898 7631 2369 3436 7304 6075 6760 6471
142 350 1370 419 6761 2083 5151 6672 4898 7631 2369 3436 7304 6075 6760 6471
142 350 2083 419 6761 2369 5151 6672 4898 7631 9828 3436 7304 6075 6760 6471
142 350 1413 419 6761 2083 5151 6672 4898 7631 2369 3436 7304 6075 6760 6471
142 419 1413 5151 6761 2083 6075 6672 4898 7631 2369 3436 7304 7169 6760 6471
142 419 1413 5151 6761 2083 6075 6672 4898 7631 2369 6647 7304 7169 6760 6471
142 419 2083 5151 6761 2369 6075 6672 4898 7631 3026 6647 7304 7169 6760 6471
419 2083 2207 5151 6761 2369 6075 6672 4898 7631 3026 6647 7304 7169 6760 6471
419 2083 4898 5151 6761 2369 6075 6672 8802 7631 3026 6647 7304 7169 6760 6471
419 2083 4898 5151 6761 2369 6075 843 8802 7631 3026 6647 7304 7169 6672 6471
419 2083 4898 6075 6761 2369 7304 843 8802 7631 3026 6647 8789 7169 6672 6471
419 2083 4898 6075 6761 2369 7304 843 8802 7631 3026 6647 8789 7169 6672 8992
419 2083 4898 7169 6761 2369 7304 843 8802 7631 3026 6647 8789 8519 6672 8992
419 2083 4898 842 6761 2369 7169 843 8802 7631 3026 6647 8789 8519 6672 8992
419 2083 4898 842 6761 2369 7169 6672 8802 7631 3026 6647 8789 8519 8076 8992
419 2083 4898 842 6761 2369 7713 6672 8802 7631 3026 6647 8789 8519 8076 8992
419 2083 4898 842 6761 2369 7713 6672 5660 7631 3026 6647 8789 8519 8076 8992
419 2083 4898 842 6761 2369 6009 6672 5660 7631 3026 6647 8789 8519 8076 8992
419 2083 4898 842 6761 2369 6009 6672 5660 7631 3026 6647 8789 8519 8076 627
419 2083 5660 842 6761 2369 6009 6672 7535 7631 3026 6647 8789 8519 8076 627
419 2083 5660 3134 6761 2369 6009 6672 7535 7631 3026 6647 8789 8519 8076 627
419 2083 5660 3134 6761 2369 6009 6672 7535 7631 8293 6647 8789 8519 8076 627
419 1224 5660 3134 6761 2083 6009 6672 7535 7631 2369 6647 8789 8519 8076 627
419 2083 5660 3134 6761 2369 6009 6672 7535 7631 5095 6647 8789 8519 8076 627
419 2083 5660 6009 6761 2369 7412 6672 7535 7631 5095 6647 8789 8519 8076 627
419 2083 3798 6009 6761 2369 7412 6672 5660 7631 5095 6647 8789 8519 8076 627
419 2083 3798 6009 6761 2369 7412 2572 5660 7631 5095 6647 8789 8519 8076 627
419 2083 3798 7412 6761 2369 8134 2572 5660 7631 5095 6647 8789 8519 8076 627
419 2083 3798 7412 6761 2407 8134 2572 5660 7631 5095 6647 8789 8519 8076 627
419 2083 3798 5231 6761 2407 7412 2572 5660 7631 5095 6647 8789 8134 8076 627
419 2407 3798 5231 6761 2881 7412 2572 5660 7631 5095 6647 8789 8134 8076 627
419 2407 3798 5231 6761 2881 7412 2572 5660 7631 5095 6647 8789 8134 8076 3847
419 2407 3556 5231 3798 2881 7412 2572 5660 6761 5095 6647 8789 8134 8076 3847
419 2407 3556 5231 3798 2881 5734 2572 5660 6761 5095 6647 8789 8134 8076 3847
419 2407 3556 5231 3798 2881 5734 2572 5660 8728 5095 6647 8789 8134 8076 3847
419 2407 3556 2280 3798 2881 5231 2572 5660 8728 5095 6647 5734 8134 8076 3847
419 2407 3556 2497 3798 2881 5231 2572 5660 8728 5095 6647 5734 8134 8076 3847
419 2407 3556 2497 3798 2881 5231 2572 5660 8728 5095 6647 5734 8134 7719 3847
419 2407 3798 2497 8728 2881 5231 2572 5660 9380 5095 6647 5734 8134 7719 3847
419 2407 3798 2497 8728 2881 5231 2572 7133 9380 5095 6647 5734 8134 7719 3847
419 2407 3798 2497 8728 2881 5231 2572 7133 9380 5095 6647 5734 8938 7719 3847
419 2407 3798 2497 8728 2881 5231 2572 7133 9380 5095 6647 5734 8938 5011 3847
419 2407 3798 2497 8728 2881 5231 2572 7133 9380 3083 6647 5734 8938 5011 3847
419 2407 3798 2497 8728 2881 5231 2572 7133 9380 3083 6647 9776 8938 5011 3847
419 2407 3798 2497 7809 2881 5231 2572 7133 8728 3083 6647 9776 8938 5011 3847
419 2407 3798 2497 7809 2881 5231 2572 7133 8728 3083 6647 9776 8938 5011 1284
419 637 2407 2497 3798 2881 5231 2572 7133 8728 3083 6647 9776 8938 5011 1284
637 1284 2407 2497 3798 2881 5231 2572 7133 8728 3083 6647 9776 8938 5011 2444
637 1284 2407 2497 3798 2881 5231 2572 7133 8728 3083 6647 9776 8938 5011 7811
637 1240 2407 1284 3798 2881 5231 2572 7133 8728 3083 6647 2497 8938 5011 7811
637 1240 2407 1284 3798 2881 5231 5011 7133 8728 3083 6647 2497 8938 5463 7811
2 637 2407 1284 3798 2881 1240 5011 7133 8728 3083 6647 2497 5231 5463 7811
2 637 2407 1284 3798 2881 1240 4070 7133 8728 3083 6647 2497 5231 5463 7811
2 637 2407 1284 3798 2881 1240 4070 7133 8728 4387 6647 2497 5231 5463 7811
2 637 2407 1284 3798 2881 1240 4070 7133 8728 3013 6647 2497 5231 5463 7811
2 637 2881 1284 3798 3006 1240 4070 7133 8728 3013 6647 2497 5231 5463 7811
2 637 2881 1918 3798 3006 1240 4070 7133 8728 3013 6647 2497 5231 5463 7811
2 637 2881 1918 7133 3006 1240 4070 8670 8728 3013 6647 2497 5231 5463 7811
2 637 2881 814 7133 3006 1240 1918 8670 8728 3013 6647 2497 5231 5463 7811
2 637 2881 814 7133 3006 1240 1918 8670 8728 3013 6647 2497 5500 5463 7811
2 637 2881 814 8670 3006 1240 1918 9031 8728 3013 6647 2497 5500 5463 7811
2 637 1725 814 8670 2881 1240 1918 9031 8728 3013 6647 2497 5500 5463 7811
2 637 1725 814 8670 2881 2180 1918 9031 8728 3013 6647 2497 5500 5463 7811
2 637 1725 814 8670 2881 1261 1918 9031 8728 3013 6647 2180 5500 5463 7811
