13 423 2437 2452 2774 1579 3072 7081 2810 3373 3794 7352 7911 3073 9096 5647
68 423 2437 2452 2774 1579 3072 7081 2810 3373 3794 7352 7911 3073 9096 5647
68 423 2437 2452 2774 1579 2565 7081 2810 3373 3794 7352 3072 3073 9096 5647
68 423 2437 2452 2774 1579 2565 7081 2810 3373 3794 610 3072 3073 9096 5647
68 423 2437 754 2774 1579 2565 2452 2810 3373 3794 610 3072 3073 9096 5647
68 423 2437 754 2774 1579 2565 2452 2810 3373 3534 610 3072 3073 9096 5647
68 423 2437 754 2774 1579 2565 2452 2810 3373 3534 610 3072 3073 9096 8977
68 423 2774 754 3373 1579 2565 2452 2810 3865 3534 610 3072 3073 9096 8977
68 423 2774 754 3373 1579 2565 2452 2810 3865 3534 610 3072 3073 9096 5977
423 754 2774 2565 3373 1579 3073 2452 2810 3865 3534 610 3072 3977 9096 5977
423 754 2774 2565 3373 1579 3073 2452 2810 3865 3534 610 6399 3977 9096 5977
423 754 2774 2565 3373 1579 3073 2452 2810 3865 3534 610 6399 8270 9096 5977
423 754 2774 2565 3373 1579 3073 2452 2810 3865 3534 610 9385 8270 9096 5977
423 754 2774 2565 3373 1579 3073 2452 2810 5914 3534 610 9385 8270 9096 5977
610 754 2774 2565 3373 1579 3073 2452 2810 5914 3534 8463 9385 8270 9096 5977
610 754 2774 2565 3373 1579 3073 2452 5007 5914 3534 8463 9385 8270 9096 5977
610 754 2774 2565 3373 1579 3073 5977 5007 5914 3534 8463 9385 8270 9096 9318
610 754 2774 2565 3373 1579 3073 6219 5007 5914 3534 8463 9385 8270 9096 9318
610 754 2774 2565 3373 1579 7480 6219 5007 5914 3534 8463 9385 8270 9096 9318
610 754 2774 2565 3373 1579 7137 6219 5007 5914 3534 8463 9385 8270 9096 9318
610 754 2774 2565 3373 1579 7137 1373 5007 5914 3534 8463 9385 8270 9096 9318
610 1373 2774 2565 3373 1579 7137 3460 5007 5914 3534 8463 9385 8270 9096 9318
1089 1373 2774 2565 3373 1579 7137 3460 5007 5914 3534 8463 9385 8270 9096 9318
269 1089 2774 2565 3373 1579 7137 3460 5007 5914 3534 8463 9385 8270 9096 9318
269 1089 2774 2565 3373 1579 7137 8420 5007 5914 3534 8463 9385 8270 9096 9318
269 1089 2774 5117 3373 1579 7137 8420 5007 5914 3534 8463 9385 8270 9096 9318
269 469 2774 5117 3373 1579 7137 8420 5007 5914 3534 8463 9385 8270 9096 9318
269 469 3373 5117 5007 1579 7137 8420 9796 5914 3534 8463 9385 8270 9096 9318
269 469 3373 5117 4016 1579 7137 8420 5007 5914 3534 8463 9385 8270 9096 9318
269 469 3373 5117 4016 1579 7137 8420 4857 5914 3534 8463 9385 8270 9096 9318
269 469 3373 1792 4016 1579 7137 8420 4857 5914 3534 8463 9385 8270 9096 9318
269 469 3373 1792 4016 1579 6294 8420 4857 5914 3534 8463 9385 7137 9096 9318
236 269 3373 1792 4016 1579 6294 8420 4857 5914 3534 469 9385 7137 9096 9318
236 269 3373 1792 4016 1579 6294 8420 4857 5914 3534 1764 9385 7137 9096 9318
236 269 3373 1792 4016 1579 6294 8420 4857 5914 3534 1764 3188 7137 9096 9318
236 269 3373 1792 4016 1579 6294 8420 4857 5914 3534 3655 3188 7137 9096 9318
236 269 3373 1792 4016 1579 6294 8173 4857 5914 3534 3655 3188 7137 8420 9318
236 269 3373 1792 4016 1579 6294 8173 8942 5914 3534 3655 3188 7137 8420 9318
236 269 3373 1792 4016 1579 6294 8173 8942 5914 3534 3655 3188 9597 8420 9318
236 1792 3373 8173 4016 1579 6294 8622 8942 5914 3534 3655 3188 9597 8420 9318
236 1792 3373 8173 4016 1579 6294 8622 8942 5914 3534 3655 4929 9597 8420 9318
236 1792 3373 8173 4016 960 6294 8622 8942 5914 3534 3655 4929 9597 8420 9318
236 1792 1233 8173 4016 960 6294 8622 8942 3373 3534 3655 4929 9597 8420 9318
236 1792 1233 8173 4016 960 4372 8622 8942 3373 3534 3655 4929 9597 8420 9318
236 1792 1233 8173 4016 960 4372 8622 8942 3373 3534 6291 4929 9597 8420 9318
236 1792 3373 8173 4016 960 4372 8622 8942 4615 3534 6291 4929 9597 8420 9318
236 1792 3373 2531 4016 960 4372 8173 8942 4615 3534 6291 4929 9597 8420 9318
236 1792 3373 2531 4016 960 4372 8173 8942 4615 3534 6291 4929 9597 8181 9318
236 1792 3373 2945 4016 960 4372 8173 8942 4615 3534 6291 4929 9597 8181 9318
236 1792 3373 2945 4016 3534 4372 8173 8942 4615 6191 6291 4929 9597 8181 9318
236 1792 2110 2945 4016 3534 4372 8173 8942 3373 6191 6291 4929 9597 8181 9318
236 516 2110 1792 4016 3534 4372 8173 8942 3373 6191 6291 4929 9597 8181 2945
236 516 2110 1792 4016 3534 4372 8173 8942 3373 3694 6291 4929 9597 8181 2945
236 516 2110 1792 4016 3534 4372 1335 8942 3373 3694 6291 4929 9597 8173 2945
236 516 2110 1792 4016 3534 4372 7926 8942 3373 3694 6291 4929 9597 8173 2945
236 516 2110 1792 4016 3534 4372 2231 8942 3373 3694 6291 4929 9597 7926 2945
74 236 2110 1792 4016 3534 4372 516 8942 3373 3694 6291 4929 9597 2231 2945
74 236 2110 1792 4016 3534 4372 516 8942 3373 9109 6291 4929 9597 2231 2945
74 236 359 1792 4016 3534 4372 516 8942 3373 9109 6291 4929 9597 2231 2945
74 236 359 1792 4016 3534 4372 516 6216 3373 9109 6291 4929 9597 2231 2945
74 236 359 1792 4000 3534 4372 516 6216 3373 9109 6291 4929 9597 2231 2945
74 236 359 1792 4000 1093 4372 516 6216 3373 3534 6291 4929 9597 2231 2945
74 236 359 1792 4000 1093 4372 516 6216 3373 3534 1793 4929 9597 2231 2945
74 236 359 1792 4000 1093 4372 516 6216 3373 7941 1793 4929 9597 2231 2945
74 236 3373 1792 4000 1093 4372 516 6216 9814 7941 1793 4929 9597 2231 2945
74 236 3373 1792 4000 1093 4372 516 6216 9814 7941 1793 4428 9597 2231 2945
74 236 3373 1792 4000 1942 4372 516 6216 9814 7941 1793 4428 9597 2231 2945
74 236 3373 1792 4000 1942 4372 516 6216 9814 7941 1793 4428 9597 2231 6433
74 236 3373 1792 6216 1942 4372 516 7605 9814 7941 1793 4428 9597 2231 6433
74 236 3373 1792 6216 1942 4372 516 7605 8334 7941 1793 4428 9597 2231 6433
74 236 3373 1792 6216 1942 4372 516 7605 9703 7941 1793 4428 9597 2231 6433
74 236 6216 1792 7076 1942 4372 516 7605 9703 7941 1793 4428 9597 2231 6433
74 236 6216 1792 7076 1942 4372 516 7605 9703 7941 1793 4428 9597 2231 4691
74 236 6216 1147 7076 1942 1792 516 7605 9703 7941 1793 4428 9597 2231 4691
74 236 6216 1147 7076 1942 1792 516 7605 9703 7941 1793 4428 2094 2231 4691
74 236 6216 1147 7076 1942 1792 516 7605 9703 7941 1793 4428 9924 2231 4691
74 236 6216 1147 7076 1942 1792 4691 7605 9703 7941 1793 4428 9924 2231 8125
74 236 6216 1147 7076 1942 1792 4691 7011 9703 7941 1793 4428 9924 2231 8125
74 236 3717 1147 7076 1942 1792 4691 7011 9703 7941 1793 4428 9924 2231 8125
74 1793 3717 1147 7076 1942 1792 4691 7011 9703 7941 6942 4428 9924 2231 8125
74 1069 3717 1147 7076 1942 1792 4691 7011 9703 7941 1793 4428 9924 2231 8125
74 1069 3717 1147 7076 1942 1792 4691 7011 9703 7941 1793 4428 9924 2231 6098
74 1069 3717 1147 7076 1942 1230 4691 7011 9703 7941 1793 4428 9924 2231 6098
74 1069 3717 1147 7076 1942 1230 5474 7011 9703 7941 1793 4428 9924 2231 6098
6 74 3717 1147 7076 1069 1230 5474 7011 9703 1942 1793 4428 9924 2231 6098
6 74 3717 1230 7076 1069 7075 5474 7011 9703 1942 1793 4428 9924 2231 6098
6 74 232 1230 3717 1069 7075 5474 7011 7076 1942 1793 4428 9924 2231 6098
6 74 232 1230 3717 1069 7075 5474 7011 7397 1942 1793 4428 9924 2231 6098
6 74 232 1230 3717 1069 7075 5474 7011 471 1942 1793 4428 9924 2231 6098
6 74 232 1230 3717 1069 7075 5474 7011 471 1942 1793 9045 9924 2231 6098
6 1230 232 2231 3717 1069 7075 5474 7011 471 1942 1793 9045 9924 8816 6098
6 1230 232 2231 3717 1069 7075 5474 7011 471 1942 9033 9045 9924 8816 6098
6 2231 232 6743 3717 1069 7075 5474 7011 471 1942 9033 9045 9924 8816 6098
6 2231 232 6743 3717 1069 7075 5474 7011 471 1942 9033 9045 9924 6563 6098
6 1966 232 2231 3717 1069 7075 5474 7011 471 1942 9033 6743 9924 6563 6098
6 1966 232 5474 3717 1069 7075 6563 7011 471 1942 9033 6743 9924 9738 6098
6 1966 232 5474 3717 1069 7075 6563 7011 471 1942 9033 6743 9924 6855 6098
6 1966 232 5474 3717 1069 2912 6563 7011 471 1942 9033 6743 9924 6855 6098
6 697 232 5474 3717 1069 2912 6563 7011 471 1942 9033 6743 9924 6855 6098
6 697 232 3864 3717 1069 2912 5474 7011 471 1942 9033 6743 9924 6563 6098
6 697 232 3864 3717 1069 2912 5474 7011 471 1942 9033 6743 9924 5425 6098
6 697 232 3864 3717 1069 2912 5474 7011 471 1905 9033 6743 9924 5425 6098
6 697 232 3864 6912 1069 2912 5474 7011 471 1905 9033 6743 9924 5425 6098
6 697 232 3864 264 1069 2912 5474 7011 471 1905 9033 6743 9924 5425 6098
6 697 232 3864 264 1069 2912 4283 7011 471 1905 9033 6743 9924 5425 6098
6 697 232 3864 6704 1069 2912 4283 7011 471 1905 9033 6743 9924 5425 6098
6 697 232 4283 6704 1069 2912 5425 7011 471 1905 9033 6743 9924 7147 6098
6 697 232 4283 6704 1069 2912 5425 7075 471 1905 9033 6743 9924 7147 6098
6 697 232 4283 6704 5457 2912 5425 7075 471 1905 9033 6743 9924 7147 6098
6 697 232 4283 6704 5457 2912 5425 7075 471 1156 9033 6743 9924 7147 6098
6 697 232 4283 6704 3269 2912 5425 7075 471 1156 9033 6743 9924 7147 6098
6 697 232 4283 6704 3269 9663 5425 7075 471 1156 9033 6743 9924 7147 6098
6 2692 232 4283 6704 3269 9663 5425 7075 471 1156 9033 6743 9924 7147 6098
6 2692 232 4283 6704 3269 9663 7147 7075 471 1156 9033 6743 9924 8916 6098
6 2692 232 4283 6704 3269 9663 7147 7075 471 5069 9033 6743 9924 8916 6098
6 2692 232 4283 2080 3269 9663 7147 6704 471 5069 9033 6743 9924 8916 6098
232 2692 3269 4283 2080 4965 9663 7147 6704 471 5069 9033 6743 9924 8916 6098
232 2099 3269 4283 2080 4965 2692 7147 6704 471 5069 9033 6743 9924 8916 6098
232 2099 3269 4283 2080 4965 2692 7147 6704 471 5069 9033 6743 9924 8916 7383
232 2099 1171 4283 2080 4965 2692 7147 6704 471 5069 9033 6743 9924 8916 7383
79 2099 232 4283 2080 1171 2692 7147 6704 471 4965 9033 6743 9924 8916 7383
79 2099 232 4283 2080 1171 2692 7147 6704 1850 4965 9033 6743 9924 8916 7383
79 2099 232 4283 2080 1171 2692 7147 6704 1850 974 9033 6743 9924 8916 7383
79 2099 232 4283 2080 1171 2692 7147 6704 373 974 9033 6743 9924 8916 7383
79 2099 232 4283 2080 1171 2692 7147 6704 373 974 9033 6743 3782 8916 7383
79 2099 232 4283 2080 1171 2692 7147 6704 373 974 9033 6743 7474 8916 7383
79 2099 373 4283 2080 1171 2692 7147 6704 3891 974 9033 6743 7474 8916 7383
79 2099 373 4283 2080 1171 2692 7147 6704 3891 974 9033 6743 7474 9072 7383
79 2099 373 4283 2080 1171 2692 5610 6704 3891 974 9033 6743 7474 7147 7383
79 2099 373 4283 2080 1171 2692 5610 6704 3891 974 2172 6743 7474 7147 7383
79 978 373 2099 2080 1171 2692 5610 6704 3891 974 2172 6743 7474 7147 4283
79 978 373 2099 2080 1171 2692 5610 6704 3891 4567 2172 6743 7474 7147 4283
79 978 373 2099 2080 1171 2692 5610 4467 3891 4567 2172 6743 7474 7147 4283
79 978 373 2099 2080 1171 2692 5610 4467 3891 4567 2172 6743 7474 7147 5709
79 978 373 2099 2080 1171 2692 1285 4467 3891 4567 2172 6743 7474 7147 5709
79 978 2080 2099 3891 1171 2692 1285 4467 8132 4567 2172 6743 7474 7147 5709
79 978 2080 2099 3891 2172 2692 1285 4467 8132 4567 6556 6743 7474 7147 5709
79 978 2080 2099 3891 2172 2692 1285 8376 8132 4567 6556 6743 7474 7147 5709
79 978 2080 2099 3891 2172 2692 1285 8376 8132 4567 8036 6743 7474 7147 5709
79 978 2080 2099 3891 1893 2692 1285 8376 8132 4567 8036 6743 7474 7147 5709
79 978 2080 2099 5781 1893 2692 1285 8376 8132 4567 8036 6743 7474 7147 5709
79 978 2080 2099 5781 1893 2692 1285 8376 8132 4567 8036 6743 3355 7147 5709
79 978 4208 2099 5781 1893 2692 1285 8376 8132 4567 8036 6743 3355 7147 5709
79 257 4208 978 5781 1893 2692 1285 8376 8132 4567 8036 6743 3355 7147 5709
79 257 4208 978 5781 1893 2692 1285 8376 8132 4567 8036 6743 5167 7147 5709
79 257 4208 978 5781 1893 2692 1285 8376 8132 4567 8036 6743 3071 7147 5709
79 257 4208 978 5781 5252 2692 1285 8376 8132 4567 8036 6743 3071 7147 5709
79 257 4208 978 5781 5252 2692 1100 8376 8132 4567 8036 6743 3071 1285 5709
79 257 1807 978 5781 5252 2692 1100 4208 8132 4567 8036 6743 3071 1285 5709
79 257 1807 764 5781 5252 2692 978 4208 8132 4567 8036 6743 3071 1285 5709
79 257 1807 764 5781 6729 2692 978 4208 8132 4567 8036 6743 3071 1285 5709
79 257 1807 764 5781 6729 2692 978 7516 8132 4567 8036 6743 3071 1285 5709
79 257 1807 764 5781 6729 2692 978 7516 9572 4567 8036 6743 3071 1285 5709
79 257 1807 978 5781 6729 2692 1285 7516 9572 4567 8036 6743 3071 4537 5709
79 257 1807 1285 5781 6729 2692 5709 7516 9572 4567 8036 6743 3071 4537 7954
79 257 1807 1285 5781 6729 2692 5709 7516 9572 4567 8036 6701 3071 4537 7954
79 257 1807 1285 8870 6729 2692 5709 7516 9572 4567 8036 6701 3071 4537 7954
79 257 1807 1285 8870 3458 2692 5709 7516 9572 4567 6729 6701 3071 4537 7954
79 257 1807 1285 8870 3458 2692 5709 6497 9572 4567 6729 6701 3071 4537 7954
79 257 1807 1285 8870 3458 2692 5709 6497 9572 4567 6729 6701 3071 4537 6894
79 257 1807 1285 8870 3458 2692 5709 3747 9572 4567 6729 6701 3071 4537 6894
79 257 1807 1285 8870 3458 2692 5709 3747 9572 4567 6729 6701 3071 4537 8708
79 257 1807 1285 8870 3458 2692 5709 3747 9572 4567 6729 5054 3071 4537 8708
79 257 1807 1285 8870 3458 2692 5709 3747 9572 4567 6729 5054 3071 5214 8708
79 257 1807 1285 8870 3458 2692 5709 3747 9572 4367 6729 5054 3071 5214 8708
79 257 1807 1285 8870 3458 2692 5709 3747 9572 4367 6729 5054 3071 6686 8708
79 257 1807 1285 8870 3458 3990 5709 3747 9572 4367 6729 5054 3071 6686 8708
79 257 1807 1285 8870 3458 3990 5709 8850 9572 4367 6729 5054 3071 6686 8708
79 257 1807 1285 8870 3458 3990 5709 8850 9572 4367 6729 5054 3071 6686 5755
79 257 1807 1285 8870 3458 3990 5709 8850 9572 4367 6729 5054 1592 6686 5755
79 257 1077 1285 1807 3458 3990 5709 8850 9572 4367 6729 5054 1592 6686 5755
79 257 409 1285 1807 3458 3990 5709 8850 1077 4367 6729 5054 1592 6686 5755
79 204 409 257 1807 3458 3990 5709 8850 1077 4367 6729 5054 1592 1285 5755
79 204 409 257 1807 3458 3990 5709 8850 1077 4367 6729 5054 1592 1677 5755
79 204 1077 257 1807 3458 3990 5709 8850 5541 4367 6729 5054 1592 1677 5755
79 204 1807 257 5541 3458 3990 5709 8850 9989 4367 6729 5054 1592 1677 5755
79 204 1807 257 9595 3458 3990 5709 8850 9989 4367 6729 5054 1592 1677 5755
79 204 1807 1592 9595 3458 3990 5709 8850 9989 4367 6729 5054 9927 1677 5755
79 204 1807 1592 9595 3458 3990 1049 8850 9989 4367 6729 5054 9927 1677 5755
47 204 79 1592 1807 3458 3990 1049 8850 9595 4367 6729 5054 9927 1677 5755
47 204 79 1305 1807 3458 1592 1049 8850 9595 4367 6729 5054 9927 1677 5755
47 1049 79 1305 1807 3458 1592 1677 8850 9595 4367 6729 5054 9927 4675 5755
47 1049 79 1305 1807 3458 1592 1677 8850 9595 4367 6729 5054 2071 4675 5755
47 1049 79 1305 1807 3458 1592 3880 8850 9595 4367 6729 5054 2071 4675 5755
47 1049 79 1305 1807 3458 1592 3880 8850 9595 4367 6729 5054 7126 4675 5755
47 1049 79 1305 1807 3458 1592 3525 8850 9595 4367 6729 5054 7126 3880 5755
47 1049 79 1592 1807 3458 4444 3525 8850 9595 4367 6729 5054 7126 3880 5755
47 1049 3458 1592 1807 4367 4444 3525 8850 9595 4808 6729 5054 7126 3880 5755
47 1433 3458 1592 1807 4367 4444 3525 8850 9595 4808 6729 5054 7126 3880 5755
47 1433 3458 1592 1807 4367 4444 3525 8850 9595 4808 6729 5054 7126 3880 9080
47 1433 3458 1592 1807 4367 4444 3525 8850 9595 4808 6729 5054 5975 3880 9080
47 1433 3458 1592 1807 4367 3493 3525 8850 9595 4808 6729 5054 5975 3880 9080
1162 1433 3458 1592 1807 4367 3493 3525 8850 9595 4808 6729 5054 5975 3880 9080
726 1162 3458 1592 1807 4367 3493 1433 8850 9595 4808 6729 5054 5975 3525 9080
726 1162 3458 1592 1807 4367 3493 1433 8850 9595 4808 6729 4338 5975 3525 9080
726 1162 3458 1592 1807 4367 4338 1433 8850 9595 4808 6729 8589 5975 3525 9080
726 1162 4367 1592 1807 6729 4338 1433 8850 9595 4808 8045 8589 5975 3525 9080
726 1807 4367 1592 6564 6729 4338 1433 8850 9595 4808 8045 8589 5975 3525 9080
726 1807 4367 1592 1935 6729 4338 1433 8850 6564 4808 8045 8589 5975 3525 9080
726 1807 4367 1592 1935 6729 4338 1434 8850 6564 4808 8045 8589 5975 3525 9080
726 1807 4367 1592 1935 6729 7715 1434 8850 6564 4808 8045 8589 5975 3525 9080
359 1807 4367 726 1935 6729 1592 1434 8850 6564 4808 8045 8589 5975 3525 9080
359 1807 4808 726 1935 6729 1592 1434 8850 6564 8518 8045 8589 5975 3525 9080
359 1807 4808 726 1935 5598 1592 1434 8850 6564 8518 6729 8589 5975 3525 9080
359 1807 4808 726 1935 5598 1592 3087 8850 6564 8518 6729 8589 5975 3525 9080
359 1807 4808 726 1935 5598 1592 3087 8850 6564 8518 6729 8589 8760 3525 9080
359 1807 4808 726 1935 5633 1592 3087 8850 6564 8518 6729 8589 8760 3525 9080
359 1807 4808 726 1935 5633 8760 3087 8850 6564 8518 6729 8589 8856 3525 9080
359 1807 4808 726 1935 5427 8760 3087 8850 6564 8518 5633 8589 8856 3525 9080
359 1807 4808 726 1935 5427 2211 3087 8850 6564 8518 5633 8589 8760 3525 9080
359 1807 4808 726 1935 5427 2211 3087 6250 6564 8518 5633 8589 8760 3525 9080
359 1807 4808 726 1935 5427 2211 4899 6250 6564 8518 5633 8589 8760 3525 9080
359 1807 4808 726 1935 5427 2211 4899 6250 6564 8518 5633 8589 6181 3525 9080
359 1009 1807 726 1935 4808 2211 4899 6250 6564 8518 5633 8589 6181 3525 9080
359 1009 1807 726 1935 4808 4526 4899 6250 6564 8518 5633 8589 6181 3525 9080
359 835 1807 726 1935 1009 4526 4899 6250 6564 4808 5633 8589 6181 3525 9080
359 835 1807 726 1935 1009 4526 4899 6250 6564 1939 5633 8589 6181 3525 9080
359 835 1142 726 1807 1009 4526 4899 6250 6564 1939 5633 8589 6181 3525 9080
359 765 835 726 1807 1009 4526 4899 6250 1142 1939 5633 8589 6181 3525 9080
359 765 835 726 1807 1009 4526 4899 6250 1142 1939 7464 8589 6181 3525 9080
359 765 835 726 1807 1009 2672 4899 6250 1142 1939 7464 8589 4526 3525 9080
359 765 835 726 1807 1009 2672 4899 6250 1142 9124 7464 8589 4526 3525 9080
359 765 835 726 1807 1009 2672 4899 6250 1142 9124 7953 8589 4526 3525 9080
359 765 835 726 1807 1009 2672 4899 6250 1142 9124 7953 8589 4526 7701 9080
359 765 835 726 1807 1009 2672 4899 6250 1142 9124 7953 8589 4526 7701 5377
359 765 835 726 6250 1009 2672 4899 8074 1142 9124 7953 8589 4526 7701 5377
359 765 835 726 6250 1009 2672 1969 8074 1142 9124 7953 8589 4526 7701 4899
359 765 835 726 6250 1009 2672 1969 8074 1039 9124 7953 8589 4526 7701 4899
359 765 835 726 6250 1009 828 1969 8074 1039 9124 7953 8589 2672 7701 4899
359 765 835 726 6250 1009 828 1969 8074 1039 9124 6273 8589 2672 7701 4899
359 835 1039 726 6250 1009 828 1969 8074 9043 9124 6273 8589 2672 7701 4899
359 1009 1039 726 6250 7310 828 1969 8074 9043 9124 6273 8589 2672 7701 4899
359 1009 1039 726 6250 7310 828 1969 8074 9043 9124 6273 8525 2672 7701 4899
359 1009 1039 726 6250 7310 828 1969 8074 9924 9124 6273 8525 2672 7701 4899
359 1009 1039 726 6250 7310 828 1969 8074 9924 9124 6273 5444 2672 7701 4899
359 1009 1039 726 6250 7310 828 1969 8074 9031 9124 6273 5444 2672 7701 4899
359 1009 1039 726 6250 7310 828 1969 8074 9031 9124 6273 5444 2672 7701 5962
359 1009 1039 726 6250 7310 2672 1969 8074 9031 9124 6273 5444 7721 7701 5962
359 1009 1039 726 6250 7310 2672 1969 8074 9031 7810 6273 5444 7721 7701 5962
359 1009 1039 726 6250 6842 2672 1969 8074 9031 7310 6273 5444 7721 7701 5962
359 1009 1039 726 6250 6842 2672 1969 8074 9031 7310 6273 5444 7721 7701 3655
359 1009 1039 726 6250 6842 2672 1969 8074 9031 7310 6273 5444 3760 7701 3655
359 1009 1039 726 6250 6842 2672 1969 8074 9031 7310 6273 5444 3776 7701 3655
359 1009 1039 726 6250 6842 2672 1969 8074 9031 7310 6273 5444 3776 6314 3655
359 1009 1039 726 6250 6842 2672 1969 6438 9031 7310 6273 5444 3776 6314 3655
359 1009 1039 726 6250 6842 2672 1969 6438 9031 7310 6273 3782 3776 6314 3655
359 1009 1039 726 6250 6842 2672 1969 6438 3146 7310 6273 3782 3776 6314 3655
359 945 1039 726 6250 6842 2672 1969 6438 3146 7310 6273 3782 3776 6314 3655
359 945 1027 726 1039 6842 2672 1969 6438 3146 7310 6273 3782 3776 6314 3655
359 945 1027 726 1039 6842 2672 1969 6438 3146 7310 6273 5720 3776 6314 3655
359 1027 3949 726 1039 6842 2672 1969 6438 3146 7310 6273 5720 3776 6314 3655
726 1027 3949 2672 1039 6842 5720 1969 6438 3146 7310 6273 9189 3776 6314 3655
726 1027 1160 2672 1039 6842 5720 1969 6438 3146 7310 3949 9189 3776 6314 3655
726 1027 1160 2672 1039 6842 5720 1969 6438 1598 7310 3949 9189 3776 6314 3655
726 1027 3949 2672 1039 6842 5720 1969 6438 1598 7310 6905 9189 3776 6314 3655
726 1027 3949 2672 1039 6842 5720 1969 6438 1598 7310 6905 7488 3776 6314 3655
726 1027 3949 2672 1598 6842 5720 1969 6438 8020 7310 6905 7488 3776 6314 3655
726 1027 3949 2672 1598 6842 5720 1969 6438 8020 7310 4705 7488 3776 6314 3655
726 1027 3949 2672 4134 6842 5720 1969 6438 8020 7310 4705 7488 3776 6314 3655
726 1027 3949 2672 4134 6842 3289 1969 6438 8020 7310 4705 7488 3776 6314 3655
726 1027 3949 2672 4134 6842 3289 1969 6438 8020 7310 4705 7488 3776 5248 3655
726 1027 3949 2672 4134 6842 3289 1969 6438 8020 7310 4705 7488 3776 5248 7728
726 1027 3949 2672 4134 6842 3289 1969 6438 4266 7310 4705 7488 3776 5248 7728
726 1027 3949 2672 4134 7310 3289 1969 6438 4266 9421 4705 7488 3776 5248 7728
726 1027 3949 2672 4134 7310 3289 1969 5899 4266 9421 4705 7488 3776 5248 7728
726 1027 3658 2672 4134 3949 3289 1969 5899 4266 7310 4705 7488 3776 5248 7728
726 1027 3658 2672 4134 3949 3289 1969 5899 4266 7310 4705 7488 5352 5248 7728
726 1027 3658 1923 4134 3949 3289 1969 5899 4266 7310 4705 7488 2672 5248 7728
726 1027 3658 1923 4134 3949 3289 1969 5899 4266 7310 4705 7488 2672 2525 7728
726 1027 3658 1923 4134 3949 3289 1969 5899 4266 7310 8472 7488 2672 2525 7728
726 1027 3658 1923 4266 3949 3289 1969 5899 9667 7310 8472 7488 2672 2525 7728
1027 1686 3658 1923 4266 3949 3289 1969 5899 9667 7310 8472 7488 2672 2525 7728
1027 1686 3949 1923 4266 5394 3289 1969 5899 9667 7310 8472 7488 2672 2525 7728
1027 1686 3949 1923 5378 5394 3289 1969 5899 9667 7310 8472 7488 2672 2525 7728
1027 1686 3949 1923 5378 5394 3289 1969 5528 9667 7310 8472 7488 2672 2525 7728
1027 1686 3949 1923 5378 7310 3289 1969 5528 9667 9753 8472 7488 2672 2525 7728
1027 1686 3949 1923 5378 7310 2948 1969 5528 9667 9753 8472 7488 2672 2525 7728
1027 1923 3949 1969 5378 7310 2948 2525 5528 9667 9753 8472 7488 2672 2905 7728
1027 1923 3949 1969 5378 7310 5984 2525 5528 9667 9753 8472 7488 2672 2905 7728
1027 1923 3949 1969 5378 5104 5984 2525 5528 9667 7310 8472 7488 2672 2905 7728
1027 1923 3949 1969 5378 5104 5984 2525 5528 6911 7310 8472 7488 2672 2905 7728
1027 1923 3949 1969 3791 5104 5984 2525 5528 6911 7310 8472 7488 2672 2905 7728
923 1923 3949 1969 3791 5104 5984 2525 5528 6911 7310 8472 7488 2672 2905 7728
923 1923 3949 1969 3791 5104 5984 2525 5528 6911 7310 8472 9595 2672 2905 7728
923 1923 3949 2525 3791 5104 5984 7504 5528 6911 7310 8472 9595 2672 2905 7728
923 1923 3949 2169 3791 5104 5984 2525 5528 6911 7310 8472 9595 2672 2905 7504
923 1923 3949 2169 3791 5104 9216 2525 5528 6911 7310 8472 9595 2672 2905 7504
923 1923 3949 2169 6290 5104 9216 2525 5528 6911 7310 8472 9595 2672 2905 7504
923 2169 3949 2672 6290 5104 9216 2525 5528 6911 7310 8472 9595 2774 2905 7504
923 2169 3042 2672 6290 3949 9216 2525 5528 6911 5104 8472 9595 2774 2905 7504
923 2169 3042 2672 6290 3949 9216 2525 5528 6911 5104 8472 9595 6280 2905 7504
923 2169 3042 2672 6290 3949 9216 2525 5528 6911 5104 8472 9832 6280 2905 7504
923 2169 3042 2672 3294 3949 9216 2525 5528 6290 5104 8472 9832 6280 2905 7504
923 2169 3042 2672 3294 3949 9216 2525 6038 6290 5104 8472 9832 6280 2905 7504
923 2169 3042 2672 3294 3949 9216 2525 6038 6290 5104 4434 9832 6280 2905 7504
923 2169 3042 2672 3294 3949 9216 2525 6038 8167 5104 4434 9832 6280 2905 7504
923 2169 3042 2672 3294 3949 9216 2525 2167 8167 5104 4434 9832 6280 2905 7504
131 923 3042 2672 3294 3949 9216 2169 2167 8167 5104 4434 9832 6280 2525 7504
131 923 3042 2672 3294 4434 9216 2169 2167 8167 5104 7379 9832 6280 2525 7504
131 923 3042 6280 3294 4434 9216 2169 2167 8167 5104 7379 9832 6822 2525 7504
131 923 3042 3482 3294 4434 9216 2169 2167 8167 5104 7379 9832 6280 2525 7504
131 2167 3042 3482 3294 4434 9216 2169 6888 8167 5104 7379 9832 6280 2525 7504
131 2167 3042 3482 6291 4434 9216 2169 6888 8167 5104 7379 9832 6280 2525 7504
131 2167 2911 3482 6291 3042 9216 2169 6888 8167 5104 7379 9832 6280 2525 7504
22 131 2167 3482 6291 2911 9216 2169 6888 8167 5104 7379 9832 6280 2525 7504
22 131 2167 3482 6291 2911 9216 2169 6888 8167 5104 7379 9832 7338 2525 7504
131 148 2167 3482 6291 2911 9216 2169 6888 8167 5104 7379 9832 7338 2525 7504
131 148 2167 3482 6291 2911 9216 2169 4430 8167 5104 7379 9832 7338 2525 7504
131 148 575 3482 2167 2911 9216 2169 4430 6291 5104 7379 9832 7338 2525 7504
131 148 575 3482 2167 2911 9216 2169 4430 6291 5104 4919 9832 7338 2525 7504
131 148 575 3482 2167 4379 9216 2169 4430 6291 5104 4919 9832 7338 2525 7504
131 148 575 3482 2167 4379 9216 2169 2637 6291 5104 4919 9832 7338 2525 7504
131 148 575 3482 2167 4379 9216 2169 2637 6291 5104 4919 9832 7338 2525 3417
131 148 575 3482 2167 4379 9216 2169 2637 6291 5104 4919 9832 7338 2525 8943
131 148 575 3482 2167 4379 9216 3807 2637 6291 5104 4919 9832 7338 2525 8943
131 148 575 355 2167 4379 3482 3807 2637 6291 5104 4919 9832 7338 2525 8943
131 575 2683 355 2167 4379 3482 3807 2637 6291 5104 4919 9832 7338 2525 8943
131 575 2683 355 2167 4379 3482 3807 2637 6291 3807 4919 9832 7338 2525 8943
131 575 2683 355 2167 4379 3482 3807 2637 2997 3807 4919 9832 7338 2525 8943
131 575 2683 355 2167 4379 3482 3807 2637 2997 3807 4919 9832 9410 2525 8943
131 575 2683 355 2167 4379 3482 3807 2637 2997 3807 4919 9832 9410 2525 7506
131 575 2683 355 2167 4919 3482 3807 2637 2997 3807 5343 9832 9410 2525 7506
131 575 2683 355 2167 4919 3482 3807 2637 2997 3807 5343 9832 8729 2525 7506
131 575 2683 3482 2167 4919 7687 3807 2637 2997 3807 5343 9832 8729 2525 7506
131 575 2683 3482 2637 4919 7687 3807 8396 2997 3807 5343 9832 8729 2525 7506
131 2637 2683 3482 2997 4919 7687 3807 8396 7456 3807 5343 9832 8729 2525 7506
131 2637 2683 3482 2997 4919 7687 3807 8396 7456 3152 5343 9832 8729 2525 7506
131 2637 2683 3482 2997 4919 7687 3807 8396 8681 3152 5343 9832 8729 2525 7506
2525 2637 2683 3482 2997 4919 7687 3807 8396 8681 3152 5343 9832 8729 6206 7506
2637 3482 2683 3807 2997 4919 7687 6206 8396 8681 3152 5343 9832 8729 7049 7506
78 3482 2637 3807 2997 4919 7687 6206 8396 8681 3152 5343 9832 8729 7049 7506
78 817 2637 3807 2997 4919 3482 6206 8396 8681 3152 5343 7687 8729 7049 7506
78 817 2637 3807 2997 5343 3482 6206 8396 8681 3152 9256 7687 8729 7049 7506
817 2637 2755 3807 2997 5343 3482 6206 8396 8681 3152 9256 7687 8729 7049 7506
817 2038 2637 3807 2997 2755 3482 6206 8396 8681 3152 5343 7687 8729 7049 7506
817 2038 2637 3807 2997 2755 3482 6206 8396 8681 3152 5343 4183 8729 7049 7506
817 1972 2038 3807 2637 2755 3482 6206 8396 2997 3152 5343 4183 8729 7049 7506
817 1972 2038 3807 2637 3152 3482 6206 8396 2997 7251 5343 4183 8729 7049 7506
817 1972 2038 3807 2637 3152 5634 6206 8396 2997 7251 5343 4183 8729 7049 7506
817 1519 1972 3807 2637 2038 5634 6206 8396 2997 7251 5343 4183 8729 7049 7506
817 1519 1972 3807 4874 2038 5634 6206 8396 2997 7251 5343 4183 8729 7049 7506
817 1519 1972 3807 4874 2038 5634 6206 8396 2997 7251 5343 4183 8918 7049 7506
817 1519 2893 3807 4874 2038 5634 6206 8396 2997 7251 5343 4183 8918 7049 7506
817 1519 2893 6206 4874 2038 5634 6400 8396 2997 7251 5343 4183 8918 7049 7506
817 1519 2893 6206 4874 2038 5634 6400 5181 2997 7251 5343 4183 8918 7049 7506
817 1519 2893 5714 4874 2038 5634 6206 5181 2997 7251 5343 4183 8918 7049 7506
817 1519 2997 5714 4874 2038 5634 6206 5181 5577 7251 5343 4183 8918 7049 7506
817 1519 2997 5714 4874 2038 5634 6206 5181 5577 7251 8579 4183 8918 7049 7506
817 1519 2997 3980 4874 2038 5634 6206 5181 5577 7251 8579 4183 8918 7049 7506
817 1519 2997 4221 4874 2038 5634 6206 5181 5577 7251 8579 4183 8918 7049 7506
817 1519 2997 4221 4874 2038 5634 6206 9278 5577 7251 8579 4183 8918 7049 7506
817 1519 2997 4221 4874 2038 4455 6206 9278 5577 7251 8579 4183 5634 7049 7506
817 1519 2997 4221 4874 2038 4455 6206 9278 5577 7251 8579 4183 5634 7049 7362
817 2038 2997 4221 4874 5157 4455 6206 9278 5577 7251 8579 4183 5634 7049 7362
817 2038 4618 4221 4874 5157 4455 6206 9278 5577 7251 8579 4183 5634 7049 7362
817 4618 5157 4221 4874 6648 4455 6206 9278 5577 7251 8579 4183 5634 7049 7362
817 2385 5157 4221 4618 6648 4455 6206 9278 5577 7251 8579 4183 5634 7049 7362
2385 2786 5157 4221 4618 6648 4455 6206 9278 5577 7251 8579 4183 5634 7049 7362
1364 2385 5157 4221 4618 6648 4455 6206 9278 5577 7251 8579 4183 5634 7049 7362
1364 2385 5157 4221 4618 6648 4455 6206 9278 5577 7251 8579 4183 5634 7049 9062
1364 2385 5157 4221 4618 6648 4455 4259 9278 5577 7251 8579 4183 5634 6206 9062
1364 2385 5157 4221 4618 6648 4455 4259 9278 5577 7251 6698 4183 5634 6206 9062
1364 2385 5157 4221 4618 6648 4455 4259 9278 6811 7251 6698 4183 5634 6206 9062
1364 2385 5157 4221 4618 6648 4671 4259 9278 6811 7251 6698 4183 5634 6206 9062
33 2385 5157 1364 4618 6648 4671 4221 9278 6811 7251 6698 4183 5634 6206 9062
33 2385 5157 1364 4618 6648 4671 4221 9278 6811 7251 6717 4183 5634 6206 9062
33 4122 5157 1364 4618 6648 4671 4221 9278 6811 7251 6717 4183 5634 6206 9062
33 2541 4122 1364 4618 5157 4671 4221 9278 6811 7251 6648 4183 5634 6206 9062
33 2541 4122 1364 4618 5157 4671 4221 9278 6811 7251 6648 7627 5634 6206 9062
33 2541 4122 1297 4618 5157 4671 4221 9278 6811 7251 6648 7627 5634 6206 9062
436 2541 4122 1297 4618 5157 4671 4221 9278 6811 7251 6648 7627 5634 6206 9062
436 2541 3431 1297 4122 5157 4671 4221 9278 6811 7251 6648 7627 5634 6206 9062
436 814 3431 1297 4122 2541 4671 4221 9278 6811 7251 6648 7627 5634 6206 9062
814 1297 3431 2964 4122 2541 4671 4221 9278 6811 7251 6648 7627 5634 6206 9062
1297 2541 3431 2964 4122 4863 4671 4221 9278 6811 7251 6648 7627 5634 6206 9062
885 1297 3431 2964 4122 2541 4671 4221 9278 6811 7251 6648 7627 5634 6206 9062
885 1297 2122 2964 3431 2541 4671 4221 9278 6811 7251 6648 7627 5634 6206 9062
690 1297 2122 2964 3431 885 4671 4221 9278 6811 7251 2541 7627 5634 6206 9062
690 1297 2122 2964 3431 6171 4671 4221 9278 6811 7251 2541 7627 5634 6206 9062
690 1297 2122 2964 3431 7251 4671 4221 9278 6811 8865 2541 7627 5634 6206 9062
690 1297 2122 2964 3431 8537 4671 4221 9278 6811 8865 2541 7627 5634 6206 9062
690 1297 2122 2725 3431 8537 4671 2964 9278 6811 8865 2541 7627 5634 6206 4221
128 1297 690 2725 2122 8537 4671 2964 9278 3431 8865 2541 7627 5634 6206 4221
128 1297 690 2725 2122 8537 4671 2964 9278 3431 8865 2541 3905 5634 6206 4221
128 1297 690 2725 2122 4547 4671 2964 9278 3431 8537 2541 3905 5634 6206 4221
128 1297 690 2725 2122 4547 4671 2964 9278 3431 8537 4987 3905 5634 6206 4221
128 937 690 2725 2122 4547 4671 2964 9278 3431 8537 4987 3905 5634 6206 4221
128 937 690 2725 2122 8537 4671 2964 9278 3431 9931 4987 3905 5634 6206 4221
128 552 690 937 2122 8537 4671 2964 9278 3431 9931 4987 3905 5634 6206 4221
128 908 690 937 2122 8537 4671 2964 9278 3431 9931 4987 3905 5634 6206 4221
128 908 690 937 2122 8537 4671 6206 9278 3431 9931 4987 3905 5634 8761 4221
128 908 690 937 2122 8537 4671 8194 9278 3431 9931 4987 3905 5634 8761 4221
128 908 690 937 2122 8537 5002 8194 9278 3431 9931 4987 3905 5634 8761 4221
128 908 690 937 2122 3241 5002 8194 9278 3431 8537 4987 3905 5634 8761 4221
128 301 690 908 2122 3241 5002 8194 9278 3431 8537 4987 937 5634 8761 4221
128 301 690 908 2122 3241 4242 8194 9278 3431 8537 4987 937 5002 8761 4221
128 301 690 908 2122 3241 4242 8194 9278 4292 8537 4987 937 5002 8761 4221
128 301 690 908 2122 3241 3263 8194 9278 4292 8537 4987 937 4242 8761 4221
128 301 2394 908 2122 3241 3263 8194 9278 4292 8537 4987 937 4242 8761 4221
128 301 2394 908 2122 3241 3263 8194 9278 4292 8537 4987 937 6147 8761 4221
128 301 2394 908 2122 3241 3263 8194 9278 4292 8537 4987 937 6147 9687 4221
128 301 2394 908 2122 3241 1017 8194 9278 4292 8537 4987 937 3263 9687 4221
128 301 2394 908 2122 3241 1017 8194 9278 6287 8537 4987 937 3263 9687 4221
128 908 2394 937 2122 3241 1017 8194 9278 6287 8537 4987 2531 3263 9687 4221
128 908 2846 937 2122 3241 1017 8194 9278 6287 8537 4987 2531 3263 9687 4221
128 908 2846 937 2122 3241 1017 8194 9278 6287 8537 4987 2531 3263 9687 3839
128 908 2846 937 2122 7464 1017 8194 9278 6287 8537 4987 2531 3263 9687 3839
128 908 2846 937 2122 7464 1017 6575 9278 6287 8537 4987 2531 3263 9687 3839
128 908 2846 937 2122 2962 1017 6575 9278 6287 8537 4987 2531 3263 9687 3839
128 908 292 937 2122 2962 1017 6575 9278 6287 8537 2846 2531 3263 9687 3839
128 908 292 937 2122 2962 1017 6750 9278 6287 8537 2846 2531 3263 9687 3839
128 908 292 937 2122 2962 1017 6750 9278 6287 8537 3519 2531 3263 9687 3839
128 908 292 937 2122 2962 1017 6750 9278 6287 8537 5955 2531 3263 9687 3839
128 908 292 937 5838 2962 1017 6750 9278 6287 8537 5955 2531 3263 9687 3839
128 908 292 937 5838 2962 1017 6750 9278 6287 8537 5955 2531 1241 9687 3839
128 908 292 1017 5838 2962 2531 6750 9278 6287 8537 5955 7411 1241 9687 3839
128 908 292 1241 5838 2962 2531 6750 9278 6287 8537 5955 7411 2975 9687 3839
292 908 3814 1241 5838 2962 2531 6750 9278 6287 8537 5955 7411 2975 9687 3839
292 908 3814 1241 5838 2962 2531 6750 9278 6287 8537 4131 7411 2975 9687 3839
292 908 3814 1241 5838 2962 2531 6750 9278 6287 9412 4131 7411 2975 9687 3839
292 908 3814 1241 5838 2962 2531 6750 9278 6287 9412 4131 7411 8758 9687 3839
292 908 3814 1241 5838 2962 2531 6750 9278 6287 9412 4131 7411 8758 9687 8285
908 2962 3814 1241 5838 4131 2531 6750 9278 6287 9412 7649 7411 8758 9687 8285
908 2962 3814 1241 5838 4131 2531 6750 9278 6287 9412 6770 7411 8758 9687 8285
908 1325 2962 1241 3814 4131 2531 6750 5838 6287 9412 6770 7411 8758 9687 8285
908 1325 2962 1241 3814 4131 1581 6750 5838 6287 9412 6770 2531 8758 9687 8285
908 1325 2962 1241 3814 4131 1581 6750 5838 4416 9412 6770 2531 8758 9687 8285
908 1325 2962 1241 3814 4131 1581 6750 5838 4416 9412 6770 2531 8758 9886 8285
908 1325 2962 1241 3814 3768 1581 6750 5838 4416 9412 6770 2531 8758 9886 8285
908 1325 2962 1241 3814 6770 1581 6750 5838 4416 9412 9380 2531 8758 9886 8285
908 2037 2962 1241 3814 6770 1581 6750 5838 4416 9412 9380 2531 8758 9886 8285
908 2037 2962 1241 3814 6770 1581 6750 5838 4416 9412 9380 2531 8758 7797 8285
657 908 2037 1241 3814 6770 1581 6750 5838 4416 9412 9380 2531 8758 7797 8285
657 908 2037 1241 3814 6770 1557 6750 5838 4416 9412 9380 1581 8758 7797 8285
657 908 2037 1241 3814 6770 1557 6804 5838 4416 9412 9380 1581 8758 7797 8285
657 1241 2037 3909 3814 6770 1557 6804 5838 4416 9412 9380 1581 8758 7797 8285
657 1241 2037 3909 4416 6770 1557 6804 5838 7481 9412 9380 1581 8758 7797 8285
657 1241 2037 3909 2180 6770 1557 6804 5838 7481 9412 9380 1581 8758 7797 8285
657 1241 2037 3909 2180 5326 1557 6804 5838 7481 9412 6770 1581 8758 7797 8285
657 1241 2037 2811 2180 5326 1557 3909 5838 7481 9412 6770 1581 8758 7797 8285
657 1241 2037 2811 2180 3735 1557 3909 5838 7481 9412 5326 1581 8758 7797 8285
657 1557 2037 2811 2180 3735 5446 3909 5838 7481 9412 5326 1581 8758 7797 8285
657 1581 2037 2811 2180 3735 5446 3909 5838 7481 9412 5326 7040 8758 7797 8285
657 1581 2037 2811 2180 3735 5446 3909 5838 7481 9412 5326 7040 8758 7797 7271
657 1581 2037 2811 2180 3735 5446 3909 5838 7481 2261 5326 7040 8758 7797 7271
657 1581 2037 2811 2180 3735 5446 6196 5838 7481 2261 5326 7040 8758 7797 7271
657 1581 2037 2811 2180 3992 5446 6196 5838 7481 2261 5326 7040 8758 7797 7271
657 1581 2037 1635 2180 3992 5446 6196 5838 7481 2261 5326 7040 8758 7797 7271
657 1581 2037 1635 2180 3992 5446 6196 5838 7481 2261 5326 2285 8758 7797 7271
657 1581 2037 1635 2180 3992 5446 6196 2807 7481 2261 5326 2285 8758 7797 7271
657 1581 2037 1635 2180 3992 2848 6196 2807 7481 2261 5326 2285 5446 7797 7271
657 1635 2037 2285 2180 3992 2848 6196 2807 7481 2261 5326 5740 5446 7797 7271
657 1635 2180 2285 2420 3992 2848 6196 2807 7481 2261 5326 5740 5446 7797 7271
657 1635 2180 2285 2420 3992 2848 6196 2807 7481 2261 5932 5740 5446 7797 7271
657 1635 2180 2285 2420 5932 2848 6196 2807 7481 2261 7295 5740 5446 7797 7271
657 1635 1660 2285 2180 5932 2848 6196 2807 7481 2261 7295 5740 5446 7797 7271
648 657 1660 2285 2180 5932 2848 6196 2807 7481 2261 7295 5740 5446 7797 7271
648 657 2180 2285 2807 5932 2848 6196 5010 7481 2261 7295 5740 5446 7797 7271
609 648 2180 2285 2807 5932 2848 6196 5010 7481 2261 7295 5740 5446 7797 7271
609 648 2180 2285 2807 5932 2848 6196 5010 7481 2261 7295 5740 5446 1053 7271
609 648 2180 2285 2807 2992 2848 6196 5010 7481 2261 5932 5740 5446 1053 7271
609 648 2180 2285 2807 2992 2848 6196 6892 7481 2261 5932 5740 5446 1053 7271
609 648 2180 2285 2807 1335 2848 6196 6892 7481 2261 5932 5740 5446 1053 7271
609 648 2180 2285 2807 1335 2848 6196 6892 7481 2261 3318 5740 5446 1053 7271
178 609 2180 648 2807 1335 2848 6196 6892 7481 2261 3318 2285 5446 1053 7271
178 226 2180 648 2807 609 2848 6196 6892 7481 2261 3318 2285 5446 1053 7271
178 226 2180 648 2807 609 2848 6196 2818 7481 2261 3318 2285 5446 1053 7271
178 226 2180 648 2807 609 2848 6196 2818 7481 2261 3318 2285 5446 3319 7271
178 226 2180 648 2807 609 2848 6196 2818 7481 6675 3318 2285 5446 3319 7271
178 609 2180 648 2807 3318 2848 6196 2818 7481 6675 7810 2285 5446 3319 7271
178 609 2180 260 2807 3318 2848 6196 2818 7481 6675 7810 2285 5446 3319 7271
178 609 2180 260 2807 3318 2848 6196 2818 4277 6675 7810 2285 5446 3319 7271
178 609 2180 2973 2807 3318 2848 6196 2818 4277 6675 7810 2285 5446 3319 7271
178 609 2180 3319 2807 3318 2848 6196 2818 4277 6675 7810 2285 5446 3492 7271
178 609 1131 3319 2180 3318 2848 6196 2807 4277 6675 7810 2285 5446 3492 7271
178 1131 1187 3319 2180 3318 2848 6196 2807 4277 6675 7810 2285 5446 3492 7271
178 1131 1187 3319 2180 3318 2848 6196 2807 4277 6675 7810 3382 5446 3492 7271
178 1131 1187 1634 2180 3318 2848 3319 2807 4277 6675 7810 3382 5446 3492 7271
178 1131 1187 1634 2180 3318 2848 3319 2807 9856 6675 7810 3382 5446 3492 7271
178 1131 1187 1634 2180 7810 2848 3319 2807 9856 6675 9031 3382 5446 3492 7271
178 1131 1187 3242 2180 7810 2848 3319 2807 9856 6675 9031 3382 5446 3492 7271
178 1131 1187 3242 2180 7810 2848 3319 2705 9856 6675 9031 3382 5446 3492 7271
1131 2848 1187 3242 2180 7810 3382 3319 2705 9856 6675 9031 7163 5446 3492 7271
1131 2848 1187 3242 2180 7810 3382 3319 6901 9856 6675 9031 7163 5446 3492 7271
1131 2848 1187 3242 2180 7810 3382 3319 6901 9856 6675 9031 9150 5446 3492 7271
1131 2848 1187 3242 2180 7810 3382 3319 6901 9856 6675 9031 9150 5446 3492 7067
1187 2848 2180 3242 3801 7810 3382 3319 6901 9856 6675 9031 9150 5446 3492 7067
1187 2848 2180 3242 3801 7810 3382 3319 6297 9856 6675 9031 9150 5446 3492 7067
1187 1763 2180 3242 3801 7810 2848 3319 6297 9856 6675 9031 3382 5446 3492 7067
1187 1763 2180 3242 3801 7810 2848 3319 6297 9856 6675 9031 6160 5446 3492 7067
1187 1763 2180 3242 3801 7810 2848 3319 6026 9856 6675 9031 6160 5446 3492 7067
1187 1763 2180 3242 3801 7810 2848 3319 6026 9856 6675 9031 6160 5446 3492 9271
1187 1763 2180 3242 3801 7810 2848 3319 6026 9856 6675 9031 9693 5446 3492 9271
1187 1763 2180 3242 3801 7810 2848 3492 6026 9856 6675 9031 9693 5446 6469 9271
1187 1763 2180 3242 3801 4054 2848 3492 6026 9856 6675 9031 9693 5446 6469 9271
1187 1763 2180 3001 3801 4054 2848 3492 6026 9856 6675 9031 9693 5446 6469 9271
1187 2848 2180 3001 3801 4054 9536 3492 6026 9856 6675 9031 9693 5446 6469 9271
1187 1514 2180 3001 3801 4054 2848 3492 6026 9856 6675 9031 9693 5446 6469 9271
1187 1514 2180 3001 3801 4054 2848 6200 6026 9856 6675 9031 9693 5446 6469 9271
1187 1514 3801 3001 9114 4054 2848 6200 6026 9856 6675 9031 9693 5446 6469 9271
1187 1514 3801 3001 9114 4054 2848 6200 6026 9856 9191 9031 9693 5446 6469 9271
1187 1514 3801 3001 9114 4054 2848 6200 6026 9856 9191 9031 9693 5446 6469 4404
1187 1514 3801 3001 9114 4054 2848 5010 6026 9856 9191 9031 9693 5446 6469 4404
1187 1514 3801 3001 9114 4054 2848 5010 6026 9856 5296 9031 9693 5446 6469 4404
1187 1514 3801 3001 9114 4054 2848 5010 6026 9856 6255 9031 9693 5446 6469 4404
1187 2848 3801 3001 9114 4054 3975 5010 6026 9856 6255 9031 9693 5446 6469 4404
1187 2848 3801 3001 9114 4054 3975 5010 9472 9856 6255 9031 9693 5446 6469 4404
1187 3001 3801 3975 9114 4054 5446 5010 9472 9856 6255 9031 9693 9334 6469 4404
1187 3001 3801 3975 9114 4054 5446 5010 9472 9856 6255 9031 9693 9334 6834 4404
1187 3001 3801 3975 9114 4054 6098 5010 9472 9856 6255 9031 9693 9334 6834 4404
1187 2474 3801 3975 9114 4054 6098 3001 9472 9856 6255 9031 9693 9334 5010 4404
1187 2474 3513 3975 3801 4054 6098 3001 9472 9856 6255 9031 9693 9334 5010 4404
1187 2474 3513 3975 3801 4054 6098 3001 5405 9856 6255 9031 9693 9334 5010 4404
1187 2474 3513 3975 3801 4054 6098 3001 5405 9856 6255 9031 9693 7338 5010 4404
1187 2474 3513 3975 5405 4054 6098 3001 6442 9856 6255 9031 9693 7338 5010 4404
1187 2474 3513 3975 5405 4054 6098 3001 6442 9856 6255 9678 9693 7338 5010 4404
1187 1799 3513 3975 5405 4054 6098 2474 6442 9856 6255 9678 9693 7338 5010 3001
968 1799 3513 3975 5405 1187 6098 2474 6442 9856 6255 9678 9693 7338 5010 3001
405 968 3513 3975 5405 1187 6098 2474 6442 9856 6255 9678 9693 7338 5010 3001
968 2474 3513 3975 5405 1187 6098 3001 6442 9856 6255 9678 9693 7338 5010 5846
968 2474 3513 3975 5405 1475 6098 3001 6442 9856 6255 9678 9693 7338 5010 5846
968 2474 3513 3975 5405 1475 6098 3001 6442 9856 6255 9678 9693 7338 3135 5846
968 3001 3513 3975 5405 1475 6098 3135 6442 9856 6255 9678 9693 7338 4246 5846
968 3001 3513 3975 5405 1475 6098 3135 6442 9856 6255 9678 9693 7338 9092 5846
110 968 3513 3001 5405 1475 6098 3135 6442 9856 6255 9678 9693 7338 9092 5846
110 968 3513 3001 5405 1475 247 3135 6442 9856 6255 9678 9693 7338 9092 5846
110 968 3513 1995 5405 1475 247 3001 6442 9856 6255 9678 9693 7338 9092 5846
110 968 3513 1995 5363 1475 247 3001 6442 9856 6255 9678 9693 7338 9092 5846
110 968 3513 1995 5363 1475 247 3001 6442 9856 6255 9678 9611 7338 9092 5846
110 968 3513 1995 6442 1475 247 3001 9344 9856 6255 9678 9611 7338 9092 5846
110 968 3513 1995 6442 1475 247 3001 9344 9856 6255 9678 9611 7338 9092 9151
110 968 3513 1995 6442 1475 247 3001 9344 9856 6255 9678 9611 7338 9092 9222
110 968 3513 1995 6442 3588 247 3001 9344 9856 6255 9678 9611 7338 9092 9222
110 447 3513 1995 6442 3588 247 3001 9344 9856 6255 9678 9611 7338 9092 9222
110 447 3513 1995 6442 3588 247 3001 9344 9856 6255 9678 9611 7338 9092 4606
110 447 3513 1995 6442 3588 247 3001 9344 9856 9877 9678 9611 7338 9092 4606
247 447 3513 1995 6442 3588 1660 3001 9344 9856 9877 9678 9611 7338 9092 4606
247 447 3513 2278 6442 3588 1660 3001 9344 9856 9877 9678 9611 7338 9092 4606
247 447 3513 2278 6442 3588 1660 3001 9344 9856 7245 9678 9611 7338 9092 4606
247 447 3513 2278 6442 3588 1660 2414 9344 9856 7245 9678 9611 7338 9092 3001
247 447 3513 2278 6442 3588 1660 2414 9344 9856 7245 5682 9611 7338 9092 3001
247 447 3513 2278 6442 3588 1660 2414 9344 9856 7245 5682 5840 7338 9092 3001
247 447 1981 2278 3513 3588 1660 2414 6442 9856 7245 5682 5840 7338 9092 3001
247 1981 3588 2278 3513 5380 1660 2414 6442 9856 7245 5682 5840 7338 9092 3001
247 1981 3588 2278 3513 5380 1660 2414 6442 8731 7245 5682 5840 7338 9092 3001
247 1981 3588 2278 3513 5380 1660 2414 2632 8731 7245 5682 5840 7338 9092 3001
247 813 3588 2278 3513 5380 1660 2414 2632 8731 7245 5682 5840 7338 9092 3001
247 813 3588 2278 3513 5380 1660 2414 7183 8731 7245 5682 5840 7338 9092 3001
813 1660 3588 2278 3513 5380 1964 2414 7183 8731 7245 5682 5840 7338 9092 3001
813 1660 3588 2278 3513 5380 1964 2414 7183 8731 7245 5682 5840 7338 9092 6845
1660 3513 3588 2278 7183 5380 1964 2414 9179 8731 7245 5682 5840 7338 9092 6845
1660 3588 7183 2278 8731 5380 1964 2414 9179 8969 7245 5682 5840 7338 9092 6845
1660 3588 7183 2278 8731 5380 1964 2414 9179 8969 7245 5682 5840 7033 9092 6845
1660 3588 7183 2278 8731 5380 1964 2414 9179 8969 7245 5682 5840 3448 9092 6845
1660 3588 7183 2278 8731 5380 1964 2414 9179 8969 7245 6602 5840 3448 9092 6845
1660 3588 7183 2278 8731 5380 1964 2414 9179 8969 7245 6602 5840 3448 9092 6955
1660 3588 7183 2278 8731 3948 1964 2414 9179 8969 7245 6602 5840 3448 9092 6955
1964 3588 7183 2278 8731 3948 3409 2414 9179 8969 7245 6602 5840 3448 9092 6955
2278 3588 7183 3409 8731 3948 3448 2414 9179 8969 7245 6602 5840 5176 9092 6955
2278 3588 7183 3409 8731 3948 3448 2414 9179 8969 8464 6602 5840 5176 9092 6955
2278 2290 3588 3409 7183 3948 3448 2414 9179 8969 8464 6602 5840 5176 9092 6955
2278 2290 3588 3409 7183 3948 5176 2414 9179 8969 8464 6602 5840 5566 9092 6955
2278 3588 7071 3409 7183 3948 5176 2414 9179 8969 8464 6602 5840 5566 9092 6955
2278 3588 7071 3409 7183 3948 5176 2414 9179 8969 8464 6602 5840 5566 7330 6955
2278 3588 7071 2351 7183 3948 5176 2414 9179 8969 8464 6602 3409 5566 7330 6955
2278 3588 7071 2351 7183 3948 5176 6955 9179 8969 8464 6602 3409 5566 7330 9789
2278 3588 5128 2351 7071 3948 5176 6955 7183 8969 8464 6602 3409 5566 7330 9789
2278 2753 5128 2351 7071 3588 5176 6955 7183 8969 8464 3948 3409 5566 7330 9789
2278 2753 4336 2351 5128 3588 5176 6955 7183 8969 8464 3948 3409 5566 7330 9789
2278 2753 4336 2351 5128 3588 5566 6955 7183 8969 8464 3948 3409 7351 7330 9789
2278 2753 4336 2351 5128 3588 5566 7972 7183 8969 8464 3948 3409 7351 7330 9789
2278 2753 4336 2351 5128 3588 5566 6509 7183 8969 8464 3948 3409 7351 7330 9789
2278 2753 4336 2351 5128 3588 5566 3438 7183 8969 8464 3948 3409 7351 7330 6509
1646 2278 4336 2351 5128 3588 5566 3438 7183 8969 8464 2753 3409 7351 7330 6509
1646 2278 4336 2351 5128 3588 7351 3438 7183 8969 8464 2753 3409 7395 7330 6509
1646 2278 4336 3409 5128 3588 7351 3438 7183 8969 8464 2753 5555 7395 7330 6509
78 1646 4336 2278 5128 3588 3409 3438 7183 8969 8464 2753 5555 7395 7330 6509
78 1646 4336 2278 5128 3588 3409 3438 7183 6018 8464 2753 5555 7395 7330 6509
78 1646 4336 2278 5128 3588 3409 3438 7183 6018 6040 2753 5555 7395 7330 6509
78 1646 4336 2278 5128 3588 3409 3438 7023 6018 6040 2753 5555 7395 7330 6509
78 1332 1646 2278 5128 3588 3409 3438 7023 4336 6040 2753 5555 7395 7330 6509
78 1332 1646 2278 5128 3588 3409 3438 7023 4336 6040 2753 5555 7395 7330 6956
78 1180 1646 2278 1332 3588 3409 3438 5128 4336 6040 2753 5555 7395 7330 6956
78 1180 1646 2278 4336 3588 3409 3438 5128 8127 6040 2753 5555 7395 7330 6956
78 1180 1646 2278 4336 3588 3409 3438 5128 8127 6040 9472 5555 7395 7330 6956
78 1180 1646 2278 4336 3588 3409 2314 5128 8127 6040 9472 5555 7395 7330 3438
78 1180 1646 2278 4336 3588 3409 2314 5128 8127 6040 6228 5555 7395 7330 3438
78 1180 3588 2278 4336 6228 3409 2314 5128 8127 6040 6659 5555 7395 7330 3438
78 3588 4336 2278 5128 6228 3409 2314 6611 8127 6040 6659 5555 7395 7330 3438
78 3588 4336 2278 5128 6228 3409 2314 6611 8127 6040 7184 5555 7395 7330 3438
78 3588 4336 2278 5128 6228 3409 2314 6611 8127 6040 7184 5555 7395 7330 5037
78 3588 4336 1725 5128 6228 3409 2314 6611 8127 6040 7184 5555 7395 2278 5037
1725 3588 4336 3409 5128 6228 4525 2314 6611 8127 6040 7184 5555 7395 2278 5037
1725 3588 4336 3409 5128 6228 4525 2314 6611 8127 6040 7184 5555 7395 5617 5037
1725 3588 4336 3409 5128 3690 4525 2314 6611 8127 6040 7184 5555 7395 5617 5037
1725 3588 4336 3409 5034 3690 4525 2314 6611 8127 6040 7184 5555 7395 5617 5037
1451 1725 4336 3409 5034 3690 4525 2314 6611 8127 6040 7184 5555 7395 5617 5037
1725 2580 4336 3409 5034 3690 4525 2314 6611 8127 6040 7184 5555 7395 5617 5037
614 2580 4336 1725 5034 3690 4525 2314 6611 8127 6040 7184 5555 7395 5617 5037
614 2580 4336 1725 6611 3690 4525 2314 9968 8127 6040 7184 5555 7395 5617 5037
614 2580 4336 1725 6611 3690 4525 2314 9968 8127 6040 7184 4164 7395 5617 5037
1725 2580 4336 2556 6611 3690 4525 2314 9968 8127 6040 7184 4164 7395 5617 5037
1725 2580 4336 2556 6611 3690 4525 3779 9968 8127 6040 7184 4164 7395 5617 5037
1725 2580 4336 2556 6611 3690 4525 3779 9968 8127 9869 7184 4164 7395 5617 5037
745 1725 4336 2556 6611 2580 4525 3779 9968 8127 9869 7184 4164 7395 5617 5037
745 1725 4336 2556 6611 2580 4525 3779 9968 8127 9869 7184 8796 7395 5617 5037
745 1725 4336 2556 6611 2580 4525 3779 9968 8127 9869 7184 8796 8995 5617 5037
385 1725 4336 2556 6611 745 4525 3779 9968 8127 9869 7184 8796 8995 5617 5037
385 1725 1062 2556 6611 745 4525 3779 9968 4336 9869 7184 8796 8995 5617 5037
385 1725 1062 1894 6611 745 4525 3779 9968 4336 9869 7184 8796 8995 5617 5037
385 1725 1062 1894 6611 745 4525 3779 9968 4336 9869 7184 8796 7719 5617 5037
385 1339 1062 1725 6611 745 4525 3779 9968 4336 9869 7184 1894 7719 5617 5037
385 1339 1062 1725 6611 745 4525 1985 9968 4336 9869 7184 1894 7719 5617 5037
745 1339 1062 1725 6611 8633 4525 1985 9968 4336 9869 7184 1894 7719 5617 5037
745 1339 3869 1725 6611 8633 4525 1985 9968 4336 9869 7184 1894 7719 5617 5037
745 1339 3869 1725 6611 8633 4525 1985 9968 4336 9869 7184 1894 7719 3191 5037
745 1339 3869 1725 6611 9679 4525 1985 9968 4336 9869 7184 1894 7719 3191 5037
745 1339 1050 1725 3869 9679 4525 1985 6611 4336 9869 7184 1894 7719 3191 5037
745 1339 1050 1725 3869 9679 4525 1985 6611 4336 9869 7184 1894 7719 3191 3160
745 1339 1050 1725 3869 9679 4525 1985 6611 4336 9869 7184 1894 7719 6912 3160
745 1339 1050 1725 3869 9679 4525 1985 2248 4336 9869 7184 1894 7719 6912 3160
745 1339 1050 1725 2064 9679 4525 1985 2248 3869 9869 7184 1894 7719 6912 3160
745 1339 1050 1725 2064 9679 5179 1985 2248 3869 9869 7184 1894 7719 6912 3160
745 1339 1050 1725 2064 9679 5179 1985 2248 3869 9869 7184 1894 7719 6912 2686
745 1339 1050 1725 2064 9679 5179 2686 2248 3869 9869 7184 1894 7719 6912 9081
745 1339 1050 1725 2064 9679 5179 2686 2144 3869 9869 7184 1894 7719 6912 9081
745 1339 1050 1725 2064 1473 5179 2686 2144 3869 9869 7184 1894 7719 6912 9081
745 1339 1050 1725 2064 1473 5179 2686 8134 3869 9869 7184 1894 7719 6912 9081
745 1339 1050 2686 2064 1473 5179 6584 8134 3869 9869 7184 1894 7719 6912 9081
745 1894 1050 2686 2064 1473 5179 6584 8134 3869 9869 7184 5409 7719 6912 9081
745 1894 1050 2686 2064 2790 5179 6584 8134 3869 9869 7184 5409 7719 6912 9081
745 1894 795 2686 2064 2790 5179 6584 1050 3869 9869 7184 5409 7719 6912 9081
745 1894 795 3259 2064 2790 5179 6584 1050 3869 9869 7184 5409 7719 6912 9081
745 1894 795 3259 2064 2790 7719 6584 1050 3869 9869 7184 5409 9695 6912 9081
745 1894 795 6584 2064 2790 7719 9081 1050 3869 9869 7184 5409 9695 6912 9916
745 1894 795 6584 3869 2790 7719 9081 1050 4531 9869 7184 5409 9695 6912 9916
745 1894 795 3321 3869 2790 7719 6584 1050 4531 9869 7184 5409 9695 6912 9916
745 1894 795 3321 3869 2790 7719 6584 849 4531 9869 7184 5409 9695 6912 9916
745 3321 795 5409 3869 2790 7719 6584 849 4531 9869 7184 6593 9695 6912 9916
745 3321 795 5409 3869 2790 7719 6584 849 3879 9869 7184 6593 9695 6912 9916
745 3321 795 5409 3869 2790 7719 6584 849 3879 9869 9054 6593 9695 6912 9916
745 2009 795 3321 3869 2790 5409 6584 849 3879 9869 9054 6593 9695 6912 9916
745 1920 795 2009 3869 2790 5409 6584 849 3879 9869 9054 6593 9695 6912 3321
745 1920 795 2009 3869 2790 5409 6584 849 3879 9869 9054 6593 4382 6912 3321
745 1920 795 2009 3869 2790 5409 6584 849 5094 9869 9054 6593 4382 6912 3321
745 1920 795 2009 3869 2790 5409 5446 849 5094 9869 9054 6593 4382 6912 3321
745 1920 795 2009 3869 2790 5409 5446 849 5094 3055 9054 6593 4382 6912 3321
745 1920 795 2009 3869 2790 5409 5446 849 5094 3055 9054 6593 4382 6912 9820
745 1920 795 2009 3869 2790 5409 5446 849 5094 6997 9054 6593 4382 6912 9820
745 1920 795 2009 3869 2790 5409 5446 849 7278 6997 9054 6593 4382 6912 9820
745 813 795 2009 3869 2790 5409 1920 849 7278 6997 9054 6593 4382 5446 9820
745 813 795 2009 3869 2790 5409 1920 849 7278 6997 9054 6593 4382 5446 4170
745 813 795 2009 3869 2790 5409 1480 849 7278 6997 9054 6593 4382 5446 4170
745 813 795 2009 3869 2790 2322 1480 849 7278 6997 9054 6593 4382 5446 4170
745 813 795 2322 3869 2790 4382 1480 849 7278 6997 9054 6593 4945 5446 4170
745 813 795 2091 3869 2790 4382 1480 849 7278 6997 9054 2322 4945 5446 4170
745 813 795 2091 3869 2790 4382 1480 849 7278 6997 9054 6325 4945 5446 4170
745 813 795 2091 2073 2790 4382 1480 849 7278 6997 9054 6325 4945 5446 4170
745 813 795 2091 2073 2790 4382 1480 849 7278 6997 9054 9094 4945 5446 4170
745 813 795 2091 2073 2790 4382 1480 849 3557 6997 9054 9094 4945 5446 4170
745 813 795 2091 2073 2790 4382 1480 3617 3557 6997 9054 9094 4945 5446 4170
745 813 795 2091 927 2790 4382 1480 3617 3557 6997 9054 9094 4945 5446 4170
745 813 795 2091 927 2790 4382 1480 3617 1671 6997 9054 9094 4945 5446 4170
745 813 795 2091 927 6997 4382 1480 3617 1671 8517 9054 9094 4945 5446 4170
795 813 6595 2091 927 6997 4382 1480 3617 1671 8517 9054 9094 4945 5446 4170
795 813 6595 4382 927 6997 5458 1480 3617 1671 8517 9054 9094 4945 5446 4170
795 813 6595 4382 927 6997 5458 1480 3617 1671 8517 9054 9094 8358 5446 4170
795 813 6595 4382 927 6997 5458 1480 3617 1671 8517 6944 9094 8358 5446 4170
795 813 6595 4382 927 6997 5458 1480 3617 1671 8517 6944 6498 8358 5446 4170
795 813 6595 4382 927 6997 5458 1480 3617 7575 8517 6944 6498 8358 5446 4170
795 813 6595 4382 927 6997 5458 1480 3617 3492 8517 6944 6498 8358 5446 4170
795 813 6595 4382 927 6997 5458 1480 3617 3492 8517 6944 6216 8358 5446 4170
795 813 6595 4382 927 6997 5458 1480 3617 3492 8517 6944 6216 8358 5446 5241
795 813 6595 4382 927 6997 5458 1480 3617 3492 8517 6944 6216 8358 5446 8578
328 795 6595 4382 927 6997 5458 1480 3617 3492 8517 6944 6216 8358 813 8578
2 328 6595 4382 927 6997 5458 1480 795 3492 8517 6944 6216 8358 813 8578
2 328 6595 4382 927 6997 5458 1480 795 3492 8517 6944 6216 4443 813 8578
2 813 6595 4382 927 6997 5458 1480 795 3492 8517 6944 6216 4443 8343 8578
2 813 6595 4382 927 6997 5458 7175 795 3492 8517 6944 6216 4443 8343 8578
2 813 6595 4382 927 6997 5110 7175 795 3492 8517 6944 6216 4443 8343 8578
2 813 6595 4382 592 6997 5110 7175 795 927 8517 6944 6216 4443 8343 8578
2 813 6595 4382 461 6997 5110 7175 795 592 8517 6944 6216 4443 8343 8578
2 813 6595 4382 461 6997 5110 7175 795 592 8517 6944 6216 6326 8343 8578
461 813 6595 4382 795 6997 5110 7175 5334 592 8517 6944 6216 6326 8343 8578
461 813 6595 1905 795 6997 5110 7175 5334 592 8517 6944 6216 4382 8343 8578
461 813 6595 1905 795 6997 5110 7175 5334 592 8517 6944 6216 4382 9364 8578
461 813 6595 4382 795 6997 5110 7175 5334 592 8517 6944 6216 4823 9364 8578
461 813 6595 4382 795 6997 5110 7175 5334 2009 8517 6944 6216 4823 9364 8578
461 813 4626 4382 795 6997 5110 7175 5334 2009 8517 6944 6216 4823 9364 8578
461 813 4626 4382 795 6997 5110 7175 5334 2009 8517 6944 6216 7237 9364 8578
461 813 4626 1940 795 6997 5110 7175 5334 2009 8517 6944 6216 4382 9364 8578
461 813 4626 1940 795 6997 5110 7175 5334 2842 8517 6944 6216 4382 9364 8578
795 813 4626 1940 2842 6997 5110 7175 5334 7189 8517 6944 6216 4382 9364 8578
795 813 4626 1517 2842 6997 1940 7175 5334 7189 8517 6944 6216 4382 9364 8578
795 813 4626 1517 2842 6997 1940 7175 5334 7189 8517 6944 6633 4382 9364 8578
795 813 1178 1517 2842 6997 1940 7175 5334 7189 8517 6944 6633 4382 9364 8578
795 813 1178 1940 2842 6997 6633 7175 5334 7189 8517 6944 6877 4382 9364 8578
795 813 1178 1940 2842 6997 6633 4573 5334 7189 8517 6944 6877 4382 9364 8578
795 813 1178 1940 2842 6997 6633 4573 5334 7189 8517 6944 6877 7820 9364 8578
795 813 1178 1940 2842 6997 6633 4573 5334 7189 8517 6944 6877 7820 1460 8578
795 813 1178 1940 2842 6997 5973 4573 5334 7189 8517 6944 6633 7820 1460 8578
795 1460 1178 1940 2842 6997 5973 4573 5334 7189 8517 6944 6633 7820 3525 8578
795 1460 1178 1940 2842 6997 5973 4573 5334 7189 8517 6944 6633 7820 3013 8578
795 1460 1178 1940 2842 6997 5973 4573 5334 7189 8517 8967 6633 7820 3013 8578
795 1460 1178 1940 2842 6997 5973 4573 9957 7189 8517 8967 6633 7820 3013 8578
795 1460 1178 1940 2842 6997 5973 4573 9957 7189 8517 2669 6633 7820 3013 8578
795 1460 1178 1940 2842 6997 5973 4573 9957 7189 8517 2669 6633 8504 3013 8578
1178 1460 2842 1940 9049 6997 5973 4573 9957 7189 8517 2669 6633 8504 3013 8578
1460 2337 2842 1940 9049 6997 5973 4573 9957 7189 8517 2669 6633 8504 3013 8578
1460 2337 2842 1940 9049 6997 5973 4573 9957 7189 8517 2669 6633 8504 3013 5783
1460 1763 2337 1940 9049 6997 5973 4573 9957 7189 8517 2669 6633 8504 3013 5783
1460 1763 2337 1940 9049 6997 5973 4573 9957 7189 8517 2669 8904 8504 3013 5783
1460 1763 2337 1940 9049 6997 5973 4573 9957 7189 8517 2669 8904 8504 3013 4590
1460 1763 2337 1940 3195 6997 5973 4573 9049 7189 8517 2669 8904 8504 3013 4590
1460 1763 2337 4090 3195 6997 5973 4573 9049 7189 8517 2669 8904 8504 3013 4590
1763 3013 2337 4090 3195 6997 5973 4573 9049 7189 8517 2669 8904 8504 4869 4590
505 1763 2337 3013 3195 6997 5973 4573 9049 7189 8517 2669 8904 8504 4869 4590
505 1763 2337 3013 2910 6997 5973 4573 9049 7189 8517 2669 8904 8504 4869 4590
505 2337 2910 3013 7189 6997 5973 4573 9049 9251 8517 2669 8904 8504 4869 4590
505 2337 2910 3013 7189 3192 5973 4573 9049 9251 6997 2669 8904 8504 4869 4590
505 2337 2910 1132 7189 3192 5973 3013 9049 9251 6997 2669 8904 8504 4869 4573
505 2669 2910 1132 7189 3192 5973 3013 9049 9251 6997 5454 8904 8504 4869 4573
431 505 2910 1132 7189 3192 5973 3013 9049 9251 6997 2669 8904 8504 4869 4573
431 505 2910 1132 7189 3192 2782 3013 9049 9251 6997 2669 8904 8504 4869 4573
431 505 2910 1132 7189 3192 2782 3013 9049 9251 6997 2669 8904 8504 6608 4573
431 505 2910 1132 7189 3192 2782 3013 9049 9251 6997 2669 5318 8504 6608 4573
431 505 2910 1132 7189 3192 2782 3013 9049 9251 6997 2669 5318 8504 8370 4573
431 505 2910 1132 7189 3192 2782 3013 9049 9251 6997 2669 5318 8504 8370 3104
431 1132 2910 1546 7189 3192 2782 3013 9049 9251 6997 2669 5318 8504 8370 3104
431 1132 2910 1546 7189 3192 2782 3013 9049 9251 6997 2669 5318 2328 8370 3104
431 1132 2910 1546 7189 3192 2782 3013 9049 9251 6997 2669 3215 2328 8370 3104
368 431 2910 1546 7189 3192 2782 3013 9049 9251 6997 2669 3215 2328 8370 1132
368 431 2910 1546 7189 2485 2782 3013 9049 9251 3192 2669 3215 2328 8370 1132
368 431 2910 1546 5476 2485 2782 3013 9049 9251 3192 2669 3215 2328 8370 1132
43 431 2910 368 5476 2485 2782 3013 9049 9251 3192 2669 3215 2328 8370 1132
43 431 2910 368 5476 2485 2782 1253 9049 9251 3192 2669 3215 2328 8370 1132
43 431 2910 368 5476 3192 2782 1253 9049 9251 7841 2669 3215 2328 8370 1132
43 431 2910 368 5476 3192 2782 1253 9049 9251 7841 2355 3215 2328 8370 1132
43 431 2910 368 7962 3192 2782 1253 9049 9251 7841 2355 3215 2328 8370 1132
368 431 2910 885 7962 3192 2782 1253 9049 9251 7841 2355 3215 2328 8370 1132
368 431 885 885 7962 3192 2782 1253 2910 9251 7841 2355 3215 2328 8370 1132
368 431 885 885 7962 3192 2782 5170 2910 9251 7841 2355 3215 2328 8370 1132
368 431 885 885 7962 3192 1181 5170 2910 9251 7841 2355 3215 2328 8370 1132
368 431 2910 885 7962 3192 1181 5170 5966 9251 7841 2355 3215 2328 8370 1132
16 368 431 885 7962 3192 1181 5170 5966 9251 7841 2355 3215 2328 8370 1132
16 368 431 885 7962 2619 1181 5170 5966 9251 7841 2355 3215 2328 8370 1132
16 885 431 1132 7962 2619 1181 5170 5966 9251 7841 2355 3215 2328 8370 8252
16 885 431 2172 7962 2619 1181 5170 5966 9251 7841 2355 3215 2328 8370 8252
16 1181 431 2172 7962 2619 2328 5170 5966 9251 7841 2355 3215 3396 8370 8252
16 1181 431 2172 7962 2619 2328 5170 5966 9251 7841 2355 1933 3396 8370 8252
16 1181 431 2172 9251 2619 2328 5170 5966 9761 7841 2355 1933 3396 8370 8252
16 1181 431 2172 2143 2619 2328 5170 5966 9761 7841 2355 1933 3396 8370 8252
16 1181 431 2172 2143 2619 2328 5170 5966 9761 7841 2355 8614 3396 8370 8252
16 714 431 1181 2143 2619 2328 5170 5966 9761 7841 2355 8614 3396 8370 2172
16 714 431 1181 2143 2619 2328 5170 5966 9761 7841 2355 8614 3396 8370 2172
16 714 431 1181 2143 3322 2328 5170 5966 9761 7841 2355 8614 3396 8370 2172
16 714 431 1181 2143 3322 2328 5170 5966 9761 5902 2355 8614 3396 8370 2172
16 714 431 1181 2143 3322 2328 5170 5966 9761 5902 2355 9776 3396 8370 2172
431 714 2143 1181 5966 3322 2328 5170 9632 9761 5902 2355 9776 3396 8370 2172
431 714 2143 1181 5966 3322 2328 5170 9632 9761 5902 6808 9776 3396 8370 2172
9 431 2143 714 5966 3322 1181 5170 9632 9761 5902 6808 9776 3396 8370 2172
9 431 2143 714 5966 3322 1181 5170 9632 9761 5902 6808 9776 3396 8370 2031
9 431 2143 714 5966 3322 1181 5170 9632 9761 5902 6808 9776 1202 8370 2031
9 431 2143 714 5966 3322 1181 1407 9632 9761 5902 6808 9776 1202 8370 2031
431 714 2143 1181 5966 3322 1202 1407 9632 9761 5902 6808 9776 9552 8370 2031
714 2143 3322 1181 5966 6687 1202 1407 9632 9761 5902 6808 9776 9552 8370 2031
714 2143 2181 1181 5966 3322 1202 1407 9632 9761 5902 6687 9776 9552 8370 2031
714 2143 2181 1181 5966 3322 1202 1407 9632 9761 5902 6687 9776 9552 4348 2031
714 2143 2181 1181 5966 3322 9050 1407 9632 9761 5902 6687 9776 9552 4348 2031
714 2143 2181 1181 5966 3322 9050 1407 9632 9761 5902 3267 9776 9552 4348 2031
714 2143 2181 1181 5966 3322 9050 1407 9632 9761 5902 3267 9776 9176 4348 2031
714 2143 2181 1181 5966 3322 9050 1407 9632 9761 5902 3267 9776 9176 2177 2031
714 2143 2181 1181 5966 3322 9050 1407 9632 9761 5902 3267 3344 9176 2177 2031
714 2143 2181 1181 5966 3322 9050 1407 9632 6730 5902 3267 3344 9176 2177 2031
714 2143 2181 1181 5966 5902 9050 1407 9632 6730 6306 3267 3344 9176 2177 2031
714 2143 2181 1181 5966 5902 6010 1407 9632 6730 6306 3267 3344 9050 2177 2031
714 2143 2181 1181 5966 5902 6010 1407 9632 6988 6306 3267 3344 9050 2177 2031
714 2143 2181 1181 5966 4876 6010 1407 9632 6988 5902 3267 3344 9050 2177 2031
714 2143 2181 1181 5966 4876 6010 1407 9632 9529 5902 3267 3344 9050 2177 2031
714 908 2181 1181 5966 4876 6010 1407 9632 2143 5902 3267 3344 9050 2177 2031
908 1181 2181 1407 5966 4876 6010 2031 9632 2143 5902 3267 3344 9050 2177 7379
908 1181 2181 1407 5966 4876 6010 7379 9632 2143 5902 3267 3344 9050 2177 8468
908 1181 2181 1407 5966 4876 6010 7379 9632 2143 5902 3267 2863 9050 2177 8468
908 1181 2181 1407 5966 4876 6010 7379 9632 2143 5902 4143 2863 9050 2177 8468
908 1181 2181 1407 5966 4876 6010 5653 9632 2143 5902 4143 2863 9050 2177 7379
908 1407 2181 2863 5966 4876 6010 5653 9632 2143 5902 4143 5646 9050 2177 7379
908 1407 2181 2863 5966 4876 6010 4822 9632 2143 5902 4143 5646 9050 2177 7379
908 1407 2181 2863 3092 4876 6010 4822 9632 2143 5902 4143 5646 9050 2177 7379
1407 2143 2181 2863 3092 4876 6010 4822 9632 7608 5902 4143 5646 9050 2177 7379
1407 2143 2181 2863 3092 4297 6010 4822 9632 7608 4876 4143 5646 9050 2177 7379
800 2143 2181 1407 3092 4297 2863 4822 9632 7608 4876 4143 5646 6010 2177 7379
800 2143 2181 1407 3092 4297 2863 1936 9632 7608 4876 4143 5646 6010 2177 4822
800 2143 4143 1407 3092 4297 2863 1936 9632 7608 4876 7959 5646 6010 2177 4822
800 2143 4143 1407 3092 4297 5646 1936 9632 7608 4876 7959 8959 6010 2177 4822
1407 2143 4143 5646 3092 4297 6010 1936 9632 7608 4876 7959 8959 6725 2177 4822
141 2143 4143 1407 3092 4297 5646 1936 9632 7608 4876 7959 8959 6725 2177 4822
141 2143 4143 1407 3092 4297 5646 4822 9632 7608 4876 7959 8959 6725 2177 6896
141 2143 4143 1407 3092 4297 5646 4822 9632 7608 4876 7959 8959 6725 2177 7755
141 2143 4143 1407 3092 4297 5646 4822 9632 7608 4876 7959 8959 6725 2177 5324
141 2143 4143 1407 3092 4297 5363 4822 9632 7608 4876 7959 8959 6725 2177 5324
141 2143 4143 1407 3092 4297 5363 4822 9632 7608 4876 7959 8959 6725 3833 5324
141 2143 4143 1407 3092 4297 5363 4822 9632 7608 4876 7959 8959 6725 3833 6373
1407 2143 4143 5363 3092 4297 6725 4822 9632 7608 4876 7959 8959 8121 3833 6373
1407 2143 4297 5363 3092 4705 6725 4822 9632 7608 4876 7959 8959 8121 3833 6373
1407 2143 4297 5363 5734 4705 6725 4822 9632 7608 4876 7959 8959 8121 3833 6373
1407 2143 4297 5363 5734 4705 6963 4822 9632 7608 4876 7959 8959 8121 3833 6373
2143 3833 4297 5363 5734 4705 6963 4822 9632 7608 4876 7959 8959 8121 8086 6373
1468 2143 4297 3833 5734 4705 5363 4822 9632 7608 4876 7959 8959 6963 8086 6373
1468 2143 4297 2814 5734 4705 5363 4822 9632 7608 4876 7959 8959 6963 3833 6373
1468 2143 4297 2814 5734 4705 5363 4822 9632 7608 4876 7959 8959 6963 3833 6733
1468 2143 2502 2814 5734 4705 5363 4822 9632 7608 4297 7959 8959 6963 3833 6733
1468 2502 5734 2814 7608 4705 5363 4822 9632 7753 4297 7959 8959 6963 3833 6733
1468 2502 5734 2814 7608 4705 5363 4822 6840 7753 4297 7959 8959 6963 3833 6733
1468 2502 5734 2814 7608 4705 5363 4822 6840 7753 4297 7959 6104 6963 3833 6733
1468 4297 5734 2814 7608 4705 5363 4822 6840 7753 7548 7959 6104 6963 3833 6733
1468 4297 5734 2814 7608 4705 4792 4822 6840 7753 7548 7959 6104 6963 3833 6733
1468 4297 5734 3833 7608 4705 4792 4822 6840 7753 7548 7959 6104 6963 7426 6733
1468 4297 5734 3833 7608 4705 4792 4822 7779 7753 7548 7959 6104 6963 7426 6733
1468 4297 5734 3833 7608 4705 4792 4822 6464 7753 7548 7959 6104 6963 7426 6733
1468 4297 5734 3833 7608 4705 4792 4822 6464 7753 7548 7959 6104 6963 4700 6733
1468 4297 5734 3833 6591 4705 4792 4822 6464 7608 7548 7959 6104 6963 4700 6733
1468 4297 5734 3833 6591 4705 4792 6733 6464 7608 7548 7959 6104 6963 4700 7059
1443 1468 4297 3833 5734 4705 4792 6733 6464 7608 7548 7959 6104 6963 4700 7059
1443 1468 4297 3833 5734 4705 2719 6733 6464 7608 7548 7959 4792 6963 4700 7059
1443 1468 4297 2753 5734 4705 2719 3833 6464 7608 7548 7959 4792 6963 4700 7059
1443 1468 4297 2753 4770 4705 2719 3833 5734 7608 7548 7959 4792 6963 4700 7059
1443 1468 4297 2753 4770 7020 2719 3833 5734 7608 7548 7959 4792 6963 4700 7059
1443 1468 4297 3833 4770 7020 2719 5412 5734 7608 7548 7959 4792 6963 4700 7059
1468 4297 4770 3833 7608 7020 2719 5412 5734 8901 7548 7959 4792 6963 4700 7059
1468 4297 4411 3833 7608 7020 2719 5412 4770 8901 7548 7959 4792 6963 4700 7059
196 4297 4411 3833 7608 7020 2719 5412 4770 8901 7548 7959 4792 1468 4700 7059
196 3535 4297 3833 4411 7020 2719 5412 4770 8901 7548 7959 4792 1468 4700 7059
196 496 4297 3833 3535 7020 2719 5412 4411 8901 7548 7959 4792 1468 4700 7059
196 496 4297 3833 3535 7020 2719 5412 4411 8901 7548 7959 4792 1888 4700 7059
196 496 4297 4700 3535 7020 2719 5412 4411 8901 7548 7959 4792 1888 6213 7059
496 1888 4297 4700 3535 7020 2719 5412 4411 8901 7548 7959 4792 8803 6213 7059
496 1888 4297 5361 3535 7020 2719 5412 4411 8901 7548 7959 4792 8803 6213 7059
496 1888 4297 5361 3535 7020 2719 5412 4411 8901 7548 7959 4792 6483 6213 7059
496 2719 4297 5361 3535 7020 6483 5412 4411 8901 7548 7959 4792 7926 6213 7059
2719 3535 4297 5361 4411 7020 6483 5412 9362 8901 7548 7959 4792 7926 6213 7059
2719 3416 3535 5361 4411 4297 6483 5412 9362 8901 7548 7020 4792 7926 6213 7059
2719 3416 3535 5412 4411 4297 6483 6213 9362 8901 7548 7020 4792 7926 8863 7059
1186 3416 3535 2719 4411 4297 6483 5412 9362 8901 7548 7020 4792 7926 8863 7059
1186 3416 3535 2516 4411 4297 6483 5412 9362 8901 7548 7020 2719 7926 8863 7059
1186 2165 3535 2516 4411 3416 6483 5412 9362 8901 4297 7020 2719 7926 8863 7059
1186 2165 3535 2516 4411 3416 7254 5412 9362 8901 4297 7020 2719 7926 8863 7059
1186 2165 3535 2516 4411 3416 4709 5412 9362 8901 4297 7020 2719 7254 8863 7059
1186 2165 3535 1615 4411 3416 4709 5412 9362 8901 4297 7020 2719 7254 8863 7059
620 2165 3535 1615 4411 3416 4709 1186 9362 8901 4297 7020 2719 7254 8863 5412
620 2165 3535 1615 4411 7020 4709 1186 9362 8901 4297 8093 2719 7254 8863 5412
620 2165 3535 1615 4411 8093 4709 1186 9362 8901 4297 9573 2719 7254 8863 5412
289 620 3535 1615 4411 2165 4709 1186 9362 8901 4297 9573 2719 7254 8863 5412
289 620 3535 1615 4411 2165 4709 1186 7896 8901 4297 9573 2719 7254 8863 5412
289 620 3535 1615 4411 2165 4709 1186 7896 8901 4297 9573 2719 7254 8863 1041
289 620 490 1615 4411 2165 4709 1186 7896 8901 4297 9573 2719 7254 8863 1041
289 620 490 1615 4411 2165 4709 7852 7896 8901 4297 9573 2719 7254 8863 1041
289 620 490 1615 4411 2165 4709 7852 7896 3794 4297 9573 2719 7254 8863 1041
289 620 490 1615 4411 2165 4709 7852 7896 3794 7038 9573 2719 7254 8863 1041
289 620 490 1615 4411 2165 4709 7852 7896 3794 7038 3912 2719 7254 8863 1041
289 620 490 1615 4411 2165 4838 7852 7896 3794 7038 3912 2719 7254 8863 1041
289 620 490 1615 4411 2165 4838 1056 7896 3794 7038 3912 2719 7254 8863 1041
490 620 1139 1615 4411 2165 4838 1056 7896 3794 7038 3912 2719 7254 8863 1041
490 620 1139 2719 4411 2165 4838 1056 7896 3794 7038 3912 4688 7254 8863 1041
620 1139 3794 2719 4411 2165 4838 1056 7896 6092 7038 3912 4688 7254 8863 1041
620 1139 2243 2719 3794 2165 4838 1056 7896 6092 7038 3912 4688 7254 8863 1041
620 2165 2243 2719 3794 3912 4838 1056 7896 6092 7038 4971 4688 7254 8863 1041
620 2165 2243 2719 3794 3912 4838 1056 7896 6092 7038 4971 4688 7254 8863 923
620 2165 2243 2719 3794 3912 4949 1056 7896 6092 7038 4971 4688 7254 8863 923
620 2165 2243 2719 3794 3912 4949 1056 7896 6092 7038 4971 5490 7254 8863 923
923 2165 2243 2719 3794 3912 4949 1056 7896 6092 7038 4971 5490 7254 8863 2676
923 2165 2243 4949 3794 3912 5490 1056 7896 6092 7038 4971 7874 7254 8863 2676
923 2165 2243 4949 3794 3912 5490 4750 7896 6092 7038 4971 7874 7254 8863 2676
923 2165 2243 4949 3794 3912 5490 4750 7896 6092 7038 4971 7874 7254 7312 2676
923 2243 3912 4949 3794 6704 5490 4750 7896 6092 7038 4971 7874 7254 7312 2676
923 2243 3912 4949 3794 6704 5490 7312 7896 6092 7038 4971 7874 7254 7503 2676
923 2243 3912 4949 3794 7027 5490 7312 7896 6092 7038 4971 7874 7254 7503 2676
44 923 2243 4949 3794 3912 5490 7312 7896 6092 7027 4971 7874 7254 7503 2676
44 2676 2243 4949 3794 3912 5490 7312 7896 6092 7027 4971 7874 7254 7503 5125
44 2676 2243 4949 3794 4971 5490 7312 7896 6092 7027 6525 7874 7254 7503 5125
44 2676 2243 4949 3794 4971 5490 7312 7896 6092 7027 6525 9890 7254 7503 5125
44 2676 2243 4949 3794 4971 5490 7312 7896 6092 7027 6525 9890 7254 7503 8191
44 2676 2243 5490 3794 4971 7254 7312 7896 6092 7027 6525 9890 9869 7503 8191
44 2676 2243 5490 3794 4971 7254 7312 7896 6092 7027 6525 9890 9869 7503 6249
44 2101 2243 5490 3794 4971 7254 2676 7896 6092 7027 6525 9890 9869 7312 6249
44 2101 2243 5490 3794 4971 7254 2676 7896 6092 2540 6525 9890 9869 7312 6249
2101 2243 2540 5490 3794 4971 7254 2676 7896 6092 7211 6525 9890 9869 7312 6249
2101 2243 2540 5490 3794 3726 7254 2676 7896 6092 7211 6525 9890 9869 7312 6249
2101 2243 2540 5490 5979 3726 7254 2676 7896 6092 7211 6525 9890 9869 7312 6249
2101 2243 2540 3531 5979 3726 5490 2676 7896 6092 7211 6525 9890 9869 7312 6249
2101 2243 2540 3531 5979 3726 5490 2676 7896 6092 7211 6525 9890 9869 7312 8622
2101 2243 2540 3531 5979 6525 5490 2676 7896 6092 7211 8915 9890 9869 7312 8622
2101 2243 2540 3531 5979 5197 5490 2676 7896 6092 7211 6525 9890 9869 7312 8622
2101 2243 2540 3531 5979 5197 5490 2676 7896 6092 7211 6525 9890 9869 7152 8622
100 2243 2540 3531 5979 5197 5490 2676 7896 6092 7211 6525 9890 9869 7152 8622
100 2243 2540 3531 5979 5197 5490 2676 7896 6092 7211 6691 9890 9869 7152 8622
100 2243 2540 3531 5979 5197 5490 2676 7896 6092 7211 6691 9890 9869 7152 5106
100 2243 2540 3531 5979 5197 5490 2676 7896 6092 7211 6691 9890 9869 4209 5106
100 2243 2540 3531 5979 5197 5490 2676 7896 7638 7211 6691 9890 9869 4209 5106
100 2243 2540 3531 5979 5197 5490 2676 7896 7638 7388 6691 9890 9869 4209 5106
100 2067 2243 3531 5979 5197 5490 2676 7896 7638 2540 6691 9890 9869 4209 5106
100 317 2067 3531 5979 5197 5490 2676 2243 7638 2540 6691 9890 9869 4209 5106
100 2067 2243 3531 5979 5197 5490 2676 8993 7638 2540 6691 9890 9869 4209 5106
100 2067 2243 3531 5979 5197 5490 1364 8993 7638 2540 6691 9890 9869 4209 5106
100 2067 2243 633 5979 5197 5490 1364 8993 7638 2540 6691 9890 3531 4209 5106
100 2067 2243 633 7638 5197 5490 1364 8993 9125 2540 6691 9890 3531 4209 5106
100 2067 2243 498 7638 5197 5490 1364 8993 9125 2540 6691 9890 633 4209 5106
100 2067 2243 498 7638 5197 5490 5106 8993 9125 2540 6691 9890 633 4209 7516
100 2067 6556 498 7638 5197 5490 5106 8993 9125 2540 6691 9890 633 4209 7516
100 2067 6556 498 7638 5197 5199 5106 8993 9125 2540 6691 9890 633 4209 7516
100 2067 6556 498 7638 5197 5199 5106 8993 9125 2540 5865 9890 633 4209 7516
100 2067 6556 498 7638 5197 5199 5106 8993 9125 4787 5865 9890 633 4209 7516
100 2067 6556 498 7638 5197 5199 5106 8993 9125 4787 5865 9890 633 4209 8714
100 2067 6556 498 7638 5197 5199 5106 8993 9125 4787 5624 9890 633 4209 8714
70 2067 6556 498 7638 5197 5199 100 8993 9125 4787 5624 9890 633 4209 5106
70 2067 6556 498 7638 5197 1863 100 8993 9125 4787 5624 5199 633 4209 5106
70 2067 6556 498 7638 2071 1863 100 8993 9125 4787 5197 5199 633 4209 5106
70 2067 5238 498 7638 2071 1863 100 6556 9125 4787 5197 5199 633 4209 5106
70 2067 5238 498 7638 2071 1863 100 6556 9125 4787 5197 7776 633 4209 5106
70 676 2067 498 5238 2071 1863 100 6556 9125 4787 5197 7776 633 4209 5106
70 676 2067 498 5238 2071 1863 100 6556 9125 4787 5197 7776 633 4209 8784
70 676 2067 498 5238 2071 1863 100 6556 7224 4787 5197 7776 633 4209 8784
70 676 2067 633 5238 2071 1863 100 6556 7224 4787 5197 7776 9405 4209 8784
70 676 2067 633 5238 2071 1863 100 6556 7224 5378 5197 7776 9405 4209 8784
70 2067 3601 633 5238 2071 1863 100 6556 7224 5378 5197 7776 9405 4209 8784
70 2071 3601 633 5238 3952 1863 100 6556 7224 5378 5197 7776 9405 4209 8784
70 2071 3601 633 5238 3952 1863 100 6556 7224 5378 5197 7776 2050 4209 8784
70 637 2071 633 5238 3952 1863 100 6556 3601 5378 5197 7776 2050 4209 8784
70 637 2071 633 5238 5378 1863 100 6556 3601 9205 5197 7776 2050 4209 8784
70 637 2071 633 5238 5378 1863 100 6556 3601 9205 5197 3655 2050 4209 8784
70 637 2071 633 5238 5378 1863 100 8804 3601 9205 5197 3655 2050 4209 8784
70 637 1004 633 5238 2071 1863 100 8804 3601 9205 5197 3655 2050 4209 8784
70 637 1004 633 5238 2179 1863 100 8804 3601 9205 5197 3655 2050 4209 8784
70 637 1004 633 5238 2179 1863 100 8804 3601 9205 5197 3655 2050 856 8784
70 637 1004 633 5238 2179 1863 100 8804 3601 9150 5197 3655 2050 856 8784
70 637 1004 633 3182 2179 1863 100 8804 3601 9150 5197 3655 2050 856 8784
70 637 1004 633 3182 5197 1863 100 8804 3601 9150 9990 3655 2050 856 8784
70 637 1004 633 4403 5197 1863 100 8804 3601 9150 9990 3655 2050 856 8784
70 637 1004 633 4403 5197 1863 100 8804 3601 9150 9990 3655 7283 856 8784
70 637 1004 633 8804 5197 1863 100 9844 3601 9150 9990 3655 7283 856 8784
70 545 1004 633 637 5197 1863 100 9844 3601 9150 9990 3655 7283 856 8784
70 637 1004 633 3264 5197 1863 100 9844 3601 9150 9990 3655 7283 856 8784
70 637 1004 633 3264 5197 1863 100 9844 3601 9150 9990 3655 7283 2362 8784
70 637 1004 633 3264 5197 1863 100 9844 3601 9150 9990 3655 7283 9203 8784
70 637 1004 633 3268 5197 1863 100 9844 3601 9150 9990 3655 7283 9203 8784
70 261 1004 633 3268 5197 1863 100 9844 637 9150 9990 3655 7283 9203 8784
70 261 1004 633 3268 5197 1863 100 9844 637 9150 9990 3655 7283 2759 8784
70 261 1004 633 3268 5197 1863 100 3722 637 9150 9990 3655 7283 2759 8784
70 261 1004 633 3268 5679 1863 100 3722 637 9150 9990 3655 7283 2759 8784
70 261 1004 633 3268 5679 1863 100 3722 637 9150 9990 3655 8954 2759 8784
70 261 1004 633 3268 5679 1863 100 3722 3125 9150 9990 3655 8954 2759 8784
70 261 1004 1863 3268 5679 3805 100 3722 3125 9150 9990 3655 8954 2759 8784
70 261 1004 1863 3268 5679 3805 100 3722 3157 9150 9990 3655 8954 2759 8784
70 261 1002 1863 3268 1004 3805 100 3722 3157 9150 9990 3655 8954 2759 8784
70 261 1004 1863 3268 9732 3805 100 3722 3157 9150 9990 3655 8954 2759 8784
70 261 1004 1863 3268 9732 3805 2759 3722 3157 9150 9990 3655 8954 9785 8784
70 261 1004 1863 3268 9732 5587 2759 3722 3157 9150 9990 3655 8954 9785 8784
70 261 1004 1863 3268 9732 5587 2759 3722 3157 9150 9990 8313 8954 9785 8784
70 261 1004 1863 3268 9732 5587 2759 3722 5006 9150 9990 8313 8954 9785 8784
70 261 1004 1863 3268 9732 8954 2759 3722 5006 9150 9990 8313 9371 9785 8784
70 261 1004 1863 3268 9732 8954 4285 3722 5006 9150 9990 8313 9371 9785 8784
70 261 1004 1863 3268 9732 8954 8238 3722 5006 9150 9990 8313 9371 9785 8784
70 261 1004 1863 3268 9732 8954 8238 3722 5006 9150 9990 8313 9371 9785 7202
70 261 1004 1863 3268 9185 8954 8238 3722 5006 9150 9732 8313 9371 9785 7202
70 261 1004 1863 3722 9185 8954 8238 8905 5006 9150 9732 8313 9371 9785 7202
261 1863 1004 7202 3722 9185 8954 8238 8905 5006 9150 9732 8313 9371 9785 8882
261 1863 1004 7202 3722 9185 8954 8238 8905 5006 9150 9732 3056 9371 9785 8882
261 1863 1004 7202 3722 9185 8954 8238 8905 5006 9150 9732 1920 9371 9785 8882
261 1863 1004 7202 3722 9185 9371 8238 8905 5006 9150 9732 1920 9809 9785 8882
261 1863 1004 7202 3722 9185 2975 8238 8905 5006 9150 9732 1920 9371 9785 8882
1004 1863 1984 7202 3722 9185 2975 8238 8905 5006 9150 9732 1920 9371 9785 8882
1004 1863 1984 7202 2230 9185 2975 8238 3722 5006 9150 9732 1920 9371 9785 8882
1004 1863 1984 7202 2230 9185 5251 8238 3722 5006 9150 9732 1920 9371 9785 8882
1004 1863 1984 7202 2230 3010 5251 8238 3722 5006 9150 9732 1920 9371 9785 8882
1004 1863 1984 7202 3722 3010 5251 8238 9761 5006 9150 9732 1920 9371 9785 8882
1004 1863 1984 7202 3722 3010 5251 8238 9761 5006 9150 9926 1920 9371 9785 8882
1004 1863 1984 6116 3722 3010 5251 8238 9761 5006 9150 9926 1920 9371 9785 8882
1004 1863 1984 6116 3722 3010 5251 8238 9761 5006 9150 9926 1920 6053 9785 8882
14 1863 1984 6116 3722 1004 5251 8238 9761 5006 9150 9926 1920 6053 9785 8882
14 1863 1982 6116 3722 1004 5251 8238 9761 5006 9150 9926 1920 6053 9785 8882
14 1863 1982 6116 3722 1004 5251 8238 9761 5006 7915 9926 1920 6053 9785 8882
14 1863 1982 8238 3722 1004 5251 8882 9761 5006 7915 9926 1920 6053 9785 9208
14 1863 1982 6286 3722 1004 5251 8238 9761 5006 7915 9926 1920 6053 9785 8882
14 1863 1982 2949 3722 1004 5251 8238 9761 5006 7915 9926 1920 6053 9785 6286
14 1863 1982 2949 3722 1004 5251 8238 9761 7839 7915 9926 1920 6053 9785 6286
14 1863 1982 2560 3722 1004 5251 8238 9761 7839 7915 9926 1920 6053 9785 6286
