658 1009 1780 2316 7784 2778 4329 6948 5099 8248 9837 3653 5975 9557 3387 9801
658 894 1780 2316 7784 2778 4329 6948 5099 8248 9837 3653 5975 9557 3387 9801
498 658 1780 894 7784 2778 4329 6948 5099 8248 9837 3653 2316 9557 3387 9801
658 894 1780 2316 7784 2778 4329 6948 5099 8248 9837 3653 5511 9557 3387 9801
658 894 1780 2316 7784 2778 4329 6948 5099 8248 9837 3653 5511 9557 6685 9801
658 894 1780 2316 7296 2778 4329 6948 5099 7784 9837 3653 5511 9557 6685 9801
658 894 1579 2316 1780 2778 4329 6948 5099 7296 9837 3653 5511 9557 6685 9801
658 894 1579 2316 1780 2778 4329 6948 5099 7296 9837 4051 5511 9557 6685 9801
894 1579 2778 2316 1780 8498 4329 6948 5099 7296 9837 4051 5511 9557 6685 9801
894 1579 2778 2316 4460 8498 4329 6948 5099 7296 9837 4051 5511 9557 6685 9801
894 1579 2778 2316 4460 8498 4329 6162 5099 7296 9837 4051 5511 9557 6685 6948
1579 2316 2778 6162 4460 8498 4329 6685 5099 7296 9837 4051 5511 9557 8837 6948
1579 2316 2778 6162 4460 8498 4329 6685 5099 7296 9837 7208 5511 9557 8837 6948
874 1579 2778 2316 4460 8498 4329 6685 5099 7296 9837 7208 5511 9557 8837 6948
874 1579 2778 2316 4460 8498 4329 6685 5099 7296 9837 7208 5511 9557 8837 9860
874 1579 2778 2316 4460 8498 4329 6685 5099 7296 9837 7208 5511 9557 8837 1245
874 1579 2778 2316 4460 8498 4329 6685 5099 7296 9837 3949 5511 9557 8837 1245
874 1579 2778 2316 4460 8498 4329 6685 5099 7296 9837 6109 5511 9557 8837 1245
874 1579 2496 2316 4460 2778 4329 6685 5099 7296 8498 6109 5511 9557 8837 1245
874 1579 2496 2316 5099 2778 4329 6685 9528 7296 8498 6109 5511 9557 8837 1245
874 1579 2496 2316 5099 2778 4329 6685 6631 7296 8498 6109 5511 9557 8837 1245
874 1579 1934 2316 5099 2496 4329 6685 6631 7296 8498 2778 5511 9557 8837 1245
874 1579 1934 2316 4032 2496 4329 6685 6631 7296 8498 2778 5511 9557 8837 1245
874 1579 1934 2316 1819 2496 4329 6685 6631 7296 8498 2778 5511 9557 8837 1245
874 1579 1934 2316 1819 2496 4329 6685 6631 7296 8498 4619 5511 9557 8837 1245
874 1579 1934 2316 1819 2496 4329 6317 6631 7296 8498 4619 5511 9557 8837 1245
264 1579 1934 874 1819 2496 2316 6317 6631 7296 8498 4619 5511 4329 8837 1245
264 1579 1934 874 1819 2496 2316 6317 6631 7296 8498 6309 5511 4329 8837 1245
264 1579 1934 874 1819 2496 5511 6317 6631 7296 8498 6309 9712 4329 8837 1245
874 1579 1934 4329 1819 2496 5511 6317 6631 7296 8498 6309 9712 5070 8837 1245
874 1579 1934 4329 1819 2496 5511 6317 6631 7296 8498 4041 9712 5070 8837 1245
874 1579 1934 1550 1819 2496 5511 6317 6631 7296 8498 4041 9712 4329 8837 1245
874 1579 1934 1550 1819 2496 5511 6317 6631 7296 8498 4041 9712 4589 8837 1245
874 1579 1934 1550 1819 2496 5511 6317 3785 7296 8498 4041 9712 4589 8837 1245
874 1579 1934 1550 1819 2496 5511 6317 3785 7296 8498 3587 9712 4589 8837 1245
874 1579 1934 1550 1819 2496 5511 6317 8853 7296 8498 3587 9712 4589 8837 1245
874 1579 1934 1550 1819 2496 5511 6317 3288 7296 8498 3587 9712 4589 8837 1245
874 1579 1934 1550 1819 3925 5511 6317 3288 7296 8498 3587 9712 4589 8837 1245
13 1579 1934 874 1819 3925 1550 6317 3288 7296 8498 3587 5511 4589 8837 1245
13 192 1579 874 1819 3925 1550 6317 3288 7296 8498 1934 5511 4589 8837 1245
13 192 1579 874 1819 3925 1550 6317 3288 7296 8498 1934 9306 4589 8837 1245
13 192 1579 874 1819 218 1550 6317 3288 7296 3925 1934 9306 4589 8837 1245
13 192 1579 874 1819 3925 1550 6317 3288 7296 9057 1934 9306 4589 8837 1245
192 874 1579 1550 1819 3925 2333 6317 3288 7296 9057 1934 9306 4589 8837 1245
192 874 1579 1550 1819 3925 2333 6317 8289 7296 9057 1934 9306 4589 8837 1245
192 874 1579 1550 1819 3925 2333 6317 8289 4113 9057 1934 9306 4589 8837 1245
192 874 1819 1550 4113 3925 2333 6317 8289 8405 9057 1934 9306 4589 8837 1245
192 874 1819 1550 6461 3925 2333 6317 8289 8405 9057 1934 9306 4589 8837 1245
192 1245 1819 1550 6461 3925 2333 6317 8289 8405 9057 1934 9306 4589 8837 2759
192 1245 1819 1550 6461 3925 2333 6317 8289 8405 9057 2710 9306 4589 8837 2759
192 1245 1819 1550 6461 3925 2333 6317 8289 8405 9057 2710 9306 4589 8837 3962
192 1245 1819 1550 6461 3925 2333 6317 8289 8405 9057 2710 2899 4589 8837 3962
192 1245 1819 1550 6461 3925 1592 6317 8289 8405 9057 2710 2899 4589 8837 3962
192 1245 1819 1550 6461 4532 1592 6317 8289 8405 9057 2710 2899 4589 8837 3962
192 1245 1819 1550 6461 4532 1592 6317 8289 8405 9057 2710 4449 4589 8837 3962
192 1245 1819 1550 2225 4532 1592 6317 8289 8405 9057 2710 4449 4589 8837 3962
192 1245 1819 1550 2225 4532 4449 6317 8289 8405 9057 2710 5216 4589 8837 3962
192 1245 2225 1550 5182 4532 4449 6317 8289 8405 9057 2710 5216 4589 8837 3962
192 1245 2225 1550 5182 5835 4449 6317 8289 8405 9057 2710 5216 4589 8837 3962
192 1245 2225 1530 5182 5835 4449 6317 8289 8405 9057 2710 5216 4589 8837 3962
192 1530 2225 3225 5182 5835 4449 6317 8289 8405 9057 2710 5216 4589 8837 3962
192 1530 2225 3225 5182 5835 4449 6317 8289 8405 9057 9992 5216 4589 8837 3962
192 1530 2225 3225 5182 5835 4449 6317 8289 3047 9057 9992 5216 4589 8837 3962
192 1530 2225 3225 4137 5835 4449 6317 5182 3047 9057 9992 5216 4589 8837 3962
192 1530 2225 3962 4137 5835 4449 6317 5182 3047 9057 9992 5216 4589 8837 9807
192 1530 2225 3962 4137 3831 4449 6317 5182 3047 9057 9992 5216 4589 8837 9807
192 1530 2225 6317 4137 3831 4449 7315 5182 3047 9057 9992 5216 4589 8837 9807
192 1530 2225 6317 4137 3831 4449 7315 5182 3047 9057 9992 5216 4589 7561 9807
192 4254 2225 6317 4137 3831 4449 7315 5182 3047 9057 9992 5216 4589 7561 9807
192 4254 2225 6317 4137 3831 4449 7315 5182 3047 5856 9992 5216 4589 7561 9807
1652 4254 2225 6317 4137 3831 4449 7315 5182 3047 5856 9992 5216 4589 7561 9807
1652 4254 2225 6317 4137 3831 4449 7315 5182 3047 5856 9992 5216 4589 7561 7948
1652 4254 2225 6317 4137 3831 5216 7315 5182 3047 5856 9992 9272 4589 7561 7948
1652 4254 2225 6317 4137 3831 5216 7315 5182 3047 6891 9992 9272 4589 7561 7948
1652 4254 2225 6317 4137 3831 8914 7315 5182 3047 6891 9992 9272 4589 7561 7948
1652 4254 2225 6317 4137 3831 8914 7315 5182 3047 6891 5410 9272 4589 7561 7948
1652 4254 3047 6317 4137 3831 8914 7315 5182 6035 6891 5410 9272 4589 7561 7948
1652 4254 3047 6317 4137 6891 8914 7315 5182 6035 9419 5410 9272 4589 7561 7948
1652 1867 3047 4254 4137 6891 8914 7315 5182 6035 9419 5410 9272 4589 7561 7948
1652 1867 3047 4254 4137 6891 8914 7315 5182 6035 8411 5410 9272 4589 7561 7948
1652 1867 3047 4254 4137 4502 8914 7315 5182 6035 6891 5410 9272 4589 7561 7948
1652 1867 3047 4254 4137 4502 6609 7315 5182 6035 6891 5410 8914 4589 7561 7948
1652 1867 3047 4254 4137 3560 6609 7315 5182 6035 6891 5410 8914 4589 7561 7948
1652 1867 3047 4254 4137 3560 6609 7315 5182 6035 8472 5410 8914 4589 7561 7948
1652 1867 3047 4254 4137 3560 6609 7315 5182 8810 8472 5410 8914 4589 7561 7948
1867 2649 3047 4254 4137 3560 6609 7315 5182 8810 8472 5410 8914 4589 7561 7948
1867 2649 3047 4589 4137 3560 6609 7315 5182 8810 8472 5410 8914 5356 7561 7948
1867 2649 3047 4589 4137 3560 6609 7315 5182 7692 8472 5410 8914 5356 7561 7948
1867 2649 3047 4589 4137 3560 6609 7315 5182 9245 8472 5410 8914 5356 7561 7948
1867 2649 3047 4589 4137 3560 6609 4138 5182 9245 8472 5410 8914 5356 7561 7948
1867 2649 3047 4589 5182 3560 6609 4138 7684 9245 8472 5410 8914 5356 7561 7948
1867 2649 3047 4589 5182 3560 6609 4138 7684 9245 8472 5410 8914 6749 7561 7948
1056 2649 3047 1867 5182 3560 6609 4138 7684 9245 8472 5410 8914 6749 7561 7948
1056 2649 3047 1867 5182 3560 6609 4138 7684 9245 8472 5410 8914 6749 7561 7980
1056 2649 3047 1867 5182 3560 6609 4138 9082 9245 8472 5410 8914 6749 7561 7980
1056 2649 3047 1867 5182 3560 6609 7093 9082 9245 8472 5410 8914 6749 7561 7980
1056 2649 3047 1867 5182 3560 6609 7093 9082 9245 8472 5410 8914 6749 2890 7980
1056 2649 3047 1068 5182 3560 6609 7093 9082 9245 8472 5410 8914 6749 2890 7980
1056 2649 3047 1068 5182 3560 6609 7093 9082 9245 9507 5410 8914 6749 2890 7980
1056 2649 3047 1068 5182 3560 6609 7093 9082 9245 9507 5410 8914 6774 2890 7980
1068 2649 3047 4922 5182 3560 6609 7093 9082 9245 9507 5410 8914 6774 2890 7980
2649 2890 3047 4922 5182 3560 6609 7093 9082 9245 9507 5410 8914 6774 8842 7980
2649 2890 3047 4922 5182 3560 6609 7093 9082 9245 9507 5410 7003 6774 8842 7980
2426 2649 3047 4922 5182 3560 6609 7093 9082 9245 9507 5410 7003 6774 8842 7980
2426 2649 3047 4922 5182 3560 6609 7093 9082 9245 7555 5410 7003 6774 8842 7980
2257 2426 3047 4922 5182 3560 6609 7093 9082 9245 7555 2649 7003 6774 8842 7980
2257 2426 3047 4922 5182 3560 6609 3194 9082 9245 7555 2649 7003 6774 8842 7093
2257 2426 3047 4922 5182 3560 6548 3194 9082 9245 7555 2649 6609 6774 8842 7093
2257 2426 3047 4922 5182 3560 6548 3194 7158 9245 7555 2649 6609 6774 8842 7093
2257 2426 3047 4922 5182 3560 6548 3194 7158 5625 7555 2649 6609 6774 8842 7093
2257 2426 3047 4922 5182 3560 6548 3194 7158 5625 7555 2649 6609 6774 8842 3944
2257 2426 3047 6548 5182 3560 6774 3194 7158 5625 7555 2649 6609 7726 8842 3944
407 2426 3047 6548 5182 3560 6774 3194 7158 5625 7555 2649 6609 7726 8842 3944
407 2426 3047 6548 5182 7555 6774 3194 7158 5625 8262 2649 6609 7726 8842 3944
407 2426 758 6548 3047 7555 6774 3194 5182 5625 8262 2649 6609 7726 8842 3944
407 3194 758 6548 3047 7555 6774 4578 5182 5625 8262 2649 6609 7726 8842 3944
407 3194 758 6548 3047 7555 6774 4578 5182 5625 8262 8546 6609 7726 8842 3944
407 3194 758 6548 3047 7555 6774 4578 5182 5264 8262 8546 6609 7726 8842 3944
407 3194 758 6548 3047 7555 6774 4578 5503 5264 8262 8546 6609 7726 8842 3944
407 3194 758 6548 3047 7555 6774 3989 5503 5264 8262 8546 6609 7726 4578 3944
407 3194 758 6548 3047 7555 6774 3989 885 5264 8262 8546 6609 7726 4578 3944
407 3194 758 6548 3047 7555 6774 3989 885 5264 8262 8546 7150 7726 4578 3944
407 3194 758 3574 3047 7555 6548 3989 885 5264 8262 8546 7150 7726 4578 3944
407 1690 758 3194 3047 7555 6548 3989 885 5264 8262 8546 7150 7726 4578 3944
407 1690 758 3194 5264 7555 6548 3989 885 7661 8262 8546 7150 7726 4578 3944
407 1690 758 3194 5264 7555 6548 3989 885 7661 8262 8546 7150 7726 4578 9170
407 1690 758 3194 5264 7555 6548 3989 885 7661 9341 8546 7150 7726 4578 9170
407 1690 758 3194 5264 7555 6548 3989 885 7661 9341 8546 7150 8726 4578 9170
407 1690 758 3194 5264 7555 6548 3989 885 7661 9341 8546 9214 8726 4578 9170
407 1690 758 3194 5264 7555 6548 3989 885 7661 9341 8546 9214 8726 4578 7767
407 2009 758 3194 5264 7555 6548 3989 885 7661 9341 8546 9214 8726 4578 7767
407 2009 758 3194 5264 7555 6548 3989 3161 7661 9341 8546 9214 8726 4578 7767
758 2009 7555 3194 5264 8546 6548 3989 3161 7661 9341 9509 9214 8726 4578 7767
758 2009 7555 3194 2018 8546 6548 3989 3161 7661 9341 9509 9214 8726 4578 7767
758 2009 4625 3194 2018 7555 6548 3989 3161 7661 9341 8546 9214 8726 4578 7767
758 2009 1270 3194 2018 4625 6548 3989 3161 7661 9341 8546 9214 8726 4578 7767
758 2009 1270 3194 2018 4625 6460 3989 3161 7661 9341 8546 9214 8726 4578 7767
758 2009 1270 3194 2018 4625 6460 3989 9048 7661 9341 8546 9214 8726 4578 7767
758 2009 827 3194 2018 4625 6460 3989 9048 7661 1270 8546 9214 8726 4578 7767
827 2009 2018 3194 6133 4625 6460 3989 9048 7661 1270 8546 9214 8726 4578 7767
827 2009 4345 3194 6133 4625 6460 3989 9048 7661 1270 8546 9214 8726 4578 7767
827 2009 4345 3194 6133 3508 6460 3989 9048 7661 1270 8546 9214 8726 4578 7767
113 827 4345 3194 6133 3508 2009 3989 9048 7661 1270 8546 6460 8726 4578 7767
113 827 4345 3194 6133 3508 879 3989 9048 7661 1270 8546 6460 8726 4578 7767
113 827 4345 3194 6133 3508 879 3989 9048 7661 1270 8546 6460 8726 8643 7767
113 1270 4345 3194 6133 3508 879 3989 9048 7661 3441 8546 6460 8726 8643 7767
113 1270 4345 3194 6122 3508 879 3989 9048 7661 3441 8546 6460 8726 8643 7767
113 1270 4345 3194 6122 3508 879 3989 9048 7661 3441 8546 6460 8726 8643 3414
113 1270 4345 3194 6122 3508 879 5341 9048 7661 3441 8546 6460 8726 8643 3414
113 1270 4345 3194 6122 3508 2636 5341 9048 7661 3441 8546 6460 8726 8643 3414
113 1270 4345 3194 6122 3508 2636 8509 9048 7661 3441 8546 6460 8726 8643 3414
113 1270 4345 2009 6122 3508 2636 8509 9048 7661 3441 8546 6460 8726 8643 3414
113 1270 4345 2009 6122 3508 2636 8643 9048 7661 3441 8546 6460 8726 8708 3414
113 1270 4345 3414 6122 3508 2636 8643 9048 7661 3441 8546 6460 8726 8708 5896
113 1270 4345 3414 6122 3508 2636 8643 9048 7661 3441 8546 6460 2664 8708 5896
113 1270 4345 3414 6122 2280 2636 8643 9048 7661 3441 3508 6460 2664 8708 5896
113 1270 4345 2884 6122 2280 2636 3414 9048 7661 3441 3508 6460 2664 8643 5896
113 1270 4345 2884 6122 2280 2636 3414 9048 8317 3441 3508 6460 2664 8643 5896
113 1270 4345 2884 6122 2280 2636 3414 9048 8317 3441 3508 6460 2664 8643 9057
113 1270 4345 2884 6122 2280 2636 3414 9048 8317 3441 3508 6697 2664 8643 9057
113 1270 4587 2884 6122 2280 2636 3414 9048 8317 3441 3508 6697 2664 8643 9057
113 1270 4587 1727 6122 2280 2636 2884 9048 8317 3441 3508 6697 2664 8643 9057
113 1270 4587 1727 6122 2280 2636 2049 9048 8317 3441 3508 6697 2664 8643 9057
113 1270 4587 1727 6122 2280 2636 6936 9048 8317 3441 3508 6697 2664 8643 9057
113 1270 4587 1727 6122 2280 451 6936 9048 8317 3441 3508 6697 2664 8643 9057
113 1270 4587 1727 6122 2280 451 6936 9048 8710 3441 3508 6697 2664 8643 9057
113 1270 4587 223 6122 2280 451 1727 9048 8710 3441 3508 6697 2664 8643 9057
113 1270 1873 223 4587 2280 451 1727 9048 8710 3441 3508 6697 2664 8643 9057
113 1270 1873 223 4587 2280 451 1727 9048 7527 3441 3508 6697 2664 8643 9057
113 438 1270 223 4587 2280 451 1727 9048 7527 3441 3508 6697 2664 8643 9057
113 438 1270 223 4587 2280 451 1727 9048 7527 3441 3508 882 2664 8643 9057
113 438 843 223 4587 2280 451 1727 9048 7527 3441 3508 882 2664 8643 9057
113 438 843 223 4587 2280 1605 1727 9048 7527 3441 3508 882 2664 8643 9057
113 843 2524 223 4587 2280 1605 1727 9048 7527 3441 3508 882 2664 8643 9057
113 843 2524 223 4587 2280 1605 1727 5193 7527 3441 3508 882 2664 8643 9057
113 843 2524 223 4587 3508 1605 1727 5193 7527 3441 5263 882 2664 8643 9057
113 843 2524 223 4587 3103 1605 1727 5193 7527 3441 5263 882 2664 8643 9057
113 2524 3103 223 4587 3441 1605 1727 5193 7527 3858 5263 882 2664 8643 9057
113 2524 3441 223 4587 5263 1605 1727 5193 7527 3858 8777 882 2664 8643 9057
113 2524 3858 223 4587 5263 1605 1727 5193 7527 8179 8777 882 2664 8643 9057
113 2524 3858 223 4587 5263 1605 1727 5193 7527 8179 8777 1610 2664 8643 9057
113 2524 3858 223 4587 5263 1605 1727 9796 7527 8179 8777 1610 2664 8643 9057
113 2524 3858 223 4587 5263 1605 3949 9796 7527 8179 8777 1610 2664 8643 9057
113 846 2524 223 4587 3858 1605 3949 9796 7527 8179 8777 1610 2664 8643 9057
113 846 2524 223 4587 3858 1605 3949 9796 9830 8179 8777 1610 2664 8643 9057
113 846 2524 223 4587 3858 1605 3949 9796 8039 8179 8777 1610 2664 8643 9057
113 846 2524 223 4587 3858 1605 3949 9796 8039 8179 8131 1610 2664 8643 9057
113 846 2524 223 4587 3858 1605 1727 9796 8039 8179 8131 1610 2664 8643 9057
113 846 2524 223 4587 3858 1605 1727 9796 8039 8179 8131 771 2664 8643 9057
223 846 2524 771 4587 3858 1605 1727 9796 8039 8179 8131 5653 2664 8643 9057
223 1441 2524 771 4587 3858 1605 1727 9796 8039 8179 8131 5653 2664 8643 9057
223 2524 3858 771 4587 5005 1605 1727 9796 8039 8179 8131 5653 2664 8643 9057
223 2122 3858 771 2524 5005 1605 1727 9796 4587 8179 8131 5653 2664 8643 9057
223 2122 3858 771 2524 5005 1605 4129 9796 4587 8179 8131 5653 2664 8643 9057
223 2122 3858 771 2524 5005 1605 4129 9796 4587 8179 8131 5653 2664 4177 9057
223 2122 3858 771 2524 5005 1605 4129 9796 4587 8179 6631 5653 2664 4177 9057
223 2122 3858 771 2524 5005 1605 4129 9796 4587 8179 6631 5653 2006 4177 9057
223 2122 3858 771 2524 5005 1605 4129 9796 4587 8179 6631 5653 2006 4177 4149
223 2122 3858 771 2524 5005 1605 4129 5541 4587 8179 6631 5653 2006 4177 4149
223 2122 2736 771 2524 5005 1605 4129 5541 4587 8179 6631 5653 2006 4177 4149
223 2122 2736 771 2524 5005 1605 4129 5541 4587 3700 6631 5653 2006 4177 4149
223 2122 2736 771 2524 5005 1605 4129 5541 4587 3700 6376 5653 2006 4177 4149
223 2122 2736 771 2524 5005 1605 4129 5541 4587 3700 6376 5653 2454 4177 4149
223 2122 2736 771 2524 5005 1605 4129 5541 4587 3700 6376 5653 2454 4177 5091
223 2122 2736 771 2524 5005 1605 4129 5541 4587 3700 6376 5653 2454 4177 6453
223 2122 2736 771 2524 6376 1605 4129 5541 4587 3700 6391 5653 2454 4177 6453
1 2122 2736 771 2524 6376 1605 223 5541 4587 3700 6391 5653 2454 4177 4129
223 2122 2736 771 2524 6376 1605 1430 5541 4587 3700 6391 5653 2454 4177 4129
223 2122 2736 771 2524 6376 1605 1430 5541 4587 3700 6391 5338 2454 4177 4129
223 2122 2736 771 2524 6376 1605 1430 5541 4587 9267 6391 5338 2454 4177 4129
223 2122 2736 771 2524 6376 1605 4129 5541 4587 9267 6391 5338 2454 4177 9467
223 431 2122 771 2524 2736 1605 4129 5541 4587 9267 6376 5338 2454 4177 9467
223 431 2122 771 2524 2736 1605 4129 5541 4587 9267 3132 5338 2454 4177 9467
223 2122 2736 771 2524 3132 1605 4129 5541 4587 9267 6783 5338 2454 4177 9467
223 1189 2736 771 2122 3132 1605 4129 5541 4587 9267 6783 5338 2454 4177 9467
223 1189 2736 1605 2122 3132 4032 4129 5541 4587 9267 6783 5338 2454 4177 9467
223 1189 2736 1605 2122 3132 4032 4129 5541 4151 9267 6783 5338 2454 4177 9467
223 251 2736 1605 1189 3132 4032 4129 5541 2122 9267 6783 5338 2454 4177 9467
76 251 2736 223 1189 3132 1605 4129 5541 2122 9267 6783 4032 2454 4177 9467
76 251 2736 223 1189 3132 1605 2740 5541 2122 9267 6783 4032 2454 4177 4129
76 251 2736 223 1189 3132 1605 2740 5541 2122 9267 6783 4032 2454 5223 4129
76 251 2736 223 1189 3132 1605 2740 5541 2122 9267 6783 4032 2454 9508 4129
76 251 2736 2740 1189 3132 1605 8733 5541 2122 9267 6783 4032 2454 9508 4129
76 251 3132 2740 1189 6856 1605 8733 5541 2122 9267 6783 4032 2454 9508 4129
76 251 3132 2740 1189 6856 2000 8733 5541 2122 9267 6783 4032 2454 9508 4129
76 251 3132 2740 1189 6856 2000 8733 5541 1573 9267 6783 4032 2454 9508 4129
67 76 251 2740 1189 3132 2000 8733 5541 1573 9267 6783 4032 2454 9508 4129
67 76 251 2740 1189 3132 2000 8719 5541 1573 9267 6783 4032 2454 8733 4129
67 1257 251 2740 1189 3132 2000 8719 5541 1573 9267 6783 4032 2454 8733 4129
67 1257 251 2740 1189 3132 2000 8719 5541 1573 6549 6783 4032 2454 8733 4129
67 1257 251 2740 3344 3132 2000 8719 5541 1573 6549 6783 4032 2454 8733 4129
67 1257 1573 2740 3344 3132 2000 8719 5541 5671 6549 6783 4032 2454 8733 4129
67 774 1573 1257 3344 3132 2000 2740 5541 5671 6549 6783 4032 2454 8719 4129
67 774 1573 1257 3344 3132 1447 2740 5541 5671 6549 6783 4032 2000 8719 4129
67 774 3344 1257 5319 3132 1447 2740 5541 5671 6549 6783 4032 2000 8719 4129
67 774 3344 1257 5319 3132 2000 2740 5541 5671 6549 6783 4032 6701 8719 4129
67 774 3344 1257 5319 3132 2000 2740 5541 5988 6549 6783 4032 6701 8719 4129
67 774 3344 1257 5319 3132 2000 4129 5541 5988 6549 6783 4032 6701 8719 6321
67 774 3344 1257 5319 3132 6701 4129 5541 5988 6549 6783 4032 7356 8719 6321
67 774 3344 1257 5319 3132 6701 4129 5541 5988 6549 6783 4032 7356 7753 6321
67 774 3344 1257 5988 3132 6701 4129 5541 7123 6549 6783 4032 7356 7753 6321
67 1257 3344 2087 5988 3132 6701 4129 5541 7123 6549 6783 4032 7356 7753 6321
1257 2604 3344 2087 5988 3132 6701 4129 5541 7123 6549 6783 4032 7356 7753 6321
1257 2604 2743 2087 5988 3132 6701 4129 5541 7123 6549 6783 4032 7356 7753 6321
1257 2604 2743 1613 5988 3132 6701 4129 5541 7123 6549 6783 4032 7356 7753 6321
1257 2604 2743 1613 5988 3132 6701 4129 5541 6224 6549 6783 4032 7356 7753 6321
1257 2604 2743 1613 6224 3132 6701 4129 5541 9641 6549 6783 4032 7356 7753 6321
76 1257 2743 1613 6224 2604 6701 4129 5541 9641 6549 3132 4032 7356 7753 6321
76 1257 2743 1613 6224 2604 6701 4129 5541 9641 3469 3132 4032 7356 7753 6321
58 76 2743 1613 6224 2604 6701 4129 5541 9641 3469 3132 1257 7356 7753 6321
58 76 2743 1613 6224 2604 6701 4129 5541 9908 3469 3132 1257 7356 7753 6321
58 76 2062 1613 6224 2604 6701 4129 2743 9908 3469 3132 1257 7356 7753 6321
58 76 2062 1248 6224 2604 6701 4129 2743 9908 3469 3132 1257 7356 1613 6321
58 76 2062 1248 6224 2604 6701 4129 2743 9908 3469 3132 1257 7356 1613 9346
58 76 2062 1248 6224 2604 1835 4129 2743 9908 3469 3132 1257 6701 1613 9346
58 76 2062 1248 6224 2604 1835 3793 2743 9908 3469 3132 1257 6701 1613 4129
58 76 2062 1248 6224 2604 1835 2441 2743 9908 3469 3132 1257 6701 1613 4129
58 76 2062 1248 6224 2604 4650 2441 2743 9908 3469 3132 1257 6701 1613 4129
58 76 2062 1248 6224 3469 4650 2441 2743 9908 7018 3132 1257 6701 1613 4129
58 76 2062 1248 4844 3469 4650 2441 2743 6224 7018 3132 1257 6701 1613 4129
58 76 2062 1248 4844 3469 4650 2441 6004 6224 7018 3132 1257 6701 1613 4129
58 76 2062 1248 4844 3469 4650 2441 6004 6224 7018 3132 1257 6701 8377 4129
58 76 2062 1248 4844 7018 4650 2441 6004 6224 9329 3132 1257 6701 8377 4129
58 243 2062 1248 4844 7018 4650 2441 6004 6224 9329 3132 1257 6701 8377 4129
243 1248 2062 1257 4844 7018 4650 2441 6004 6224 9329 3132 8231 6701 8377 4129
243 1248 2062 1257 4844 7018 4650 2441 6004 6224 9329 3132 8231 6701 8377 8182
243 1248 2062 4631 4844 7018 4650 2441 6004 6224 9329 3132 8231 6701 8377 8182
243 1248 2062 4631 4844 7018 4650 2441 6004 6224 9329 3132 8231 6701 8377 6763
243 1248 2062 4631 4844 7018 4650 2441 6004 6224 9329 3132 8231 6701 8377 9909
243 1248 2062 4631 4844 7018 4650 2441 5779 6224 9329 3132 8231 6701 8377 9909
243 966 2062 4631 4844 7018 4650 1248 5779 6224 9329 3132 8231 6701 8377 2441
243 966 2062 2106 4844 7018 4650 1248 5779 6224 9329 3132 4631 6701 8377 2441
243 966 2062 2106 4844 7018 4769 1248 5779 6224 9329 3132 4631 6701 8377 2441
243 966 2062 2106 4844 6864 4769 1248 5779 6224 7018 3132 4631 6701 8377 2441
966 2062 3132 2106 4844 6864 4769 1248 5779 6224 7018 8000 4631 6701 8377 2441
966 3132 4844 2106 5779 6864 4769 1248 7959 6224 7018 8000 4631 6701 8377 2441
82 3132 4844 966 5779 6864 4769 1248 7959 6224 7018 8000 2106 6701 8377 2441
82 4844 6637 966 5779 6864 4769 1248 7959 6224 7018 8000 2106 6701 8377 2441
82 4844 6637 966 5779 6864 4769 1248 7959 6224 7018 8000 2106 6531 8377 2441
82 3907 6637 966 5779 6864 4769 1248 7959 4844 7018 8000 2106 6531 8377 2441
82 3907 6864 966 5779 8000 4769 1248 7959 4844 7018 8811 2106 6531 8377 2441
82 3907 6864 966 5779 8000 4769 1248 7959 4844 7018 8811 2106 6531 8377 5837
82 3907 6864 966 5086 8000 4769 1248 7959 4844 7018 8811 2106 6531 8377 5837
82 414 6864 966 5086 8000 4769 1248 7959 4844 7018 8811 2106 6531 8377 5837
82 414 764 966 5086 6864 4769 1248 7959 4844 7018 8000 2106 6531 8377 5837
82 414 764 1248 5086 6864 4769 2088 7959 4844 7018 8000 2106 6531 8377 5837
82 414 764 795 5086 6864 4769 1248 7959 4844 7018 8000 2106 6531 8377 2088
82 414 764 795 1201 6864 4769 1248 5086 4844 7018 8000 2106 6531 8377 2088
82 414 764 795 1201 6864 4769 1248 3825 4844 7018 8000 2106 6531 8377 2088
235 414 764 795 1201 6864 4769 1248 3825 4844 7018 8000 2106 6531 8377 2088
235 764 1201 795 2577 6864 4769 1248 3825 4844 7018 8000 2106 6531 8377 2088
235 764 1201 795 2577 6864 4769 1427 3825 4844 7018 8000 2106 6531 8377 2088
235 1201 3559 795 2577 6864 4769 1427 3825 4844 7018 8000 2106 6531 8377 2088
235 1201 3559 795 1972 6864 4769 1427 3825 2577 7018 8000 2106 6531 8377 2088
235 1201 3559 795 1972 6864 6531 1427 3825 2577 7018 8000 2106 9144 8377 2088
235 1201 6864 795 1972 7932 6531 1427 3825 2577 7018 8000 2106 9144 8377 2088
235 1201 6864 795 1972 7932 6714 1427 3825 2577 7018 8000 2106 9144 8377 2088
235 1972 6864 795 3825 7932 6714 1427 7863 2577 7018 8000 2106 9144 8377 2088
235 1972 6037 795 3825 7932 6714 1427 7863 2577 7018 8000 2106 9144 8377 2088
235 1972 2418 795 3825 6037 6714 1427 7863 2577 7018 8000 2106 9144 8377 2088
235 1972 2418 795 6095 6037 6714 1427 7863 2577 7018 8000 2106 9144 8377 2088
235 1972 2418 795 6095 6037 1246 1427 7863 2577 7018 8000 2106 6714 8377 2088
235 1972 2418 301 6095 6037 1246 1427 7863 2577 7018 8000 2106 6714 8377 2088
235 2418 2577 301 6095 6037 1246 1427 7863 6829 7018 8000 2106 6714 8377 2088
235 2418 2577 301 6095 6037 1246 5909 7863 6829 7018 8000 2106 6714 8377 2088
235 2418 2577 301 3407 6037 1246 5909 7863 6829 7018 8000 2106 6714 8377 2088
235 462 2418 301 3407 6037 1246 5909 7863 2577 7018 8000 2106 6714 8377 2088
235 462 2418 301 3407 6037 1246 5909 7863 2577 7018 8000 2106 4699 8377 2088
235 2418 2577 301 3407 6037 1246 5909 7863 5096 7018 8000 2106 4699 8377 2088
235 2418 2577 2088 3407 6037 1246 5909 7863 5096 7018 8000 2106 4699 8377 5979
235 2418 2577 2088 3407 6037 1246 5909 7863 5096 7018 5673 2106 4699 8377 5979
235 239 2418 2088 2577 6037 1246 5909 7863 5096 7018 5673 2106 4699 8377 5979
235 239 2418 2088 2577 6037 1246 5909 7863 5254 7018 5673 2106 4699 8377 5979
235 239 2418 2088 1398 6037 1246 5909 7863 2577 7018 5673 2106 4699 8377 5979
235 239 2418 2088 1398 6037 1246 5909 7863 2577 7018 5261 2106 4699 8377 5979
235 239 2418 5909 1398 6037 1246 5979 7863 2577 7018 5261 2106 4699 8377 7169
235 239 2418 5909 1398 6037 968 5979 7863 2577 7018 5261 2106 4699 8377 7169
114 235 239 5909 1398 6037 968 5979 7863 2577 7018 2418 2106 4699 8377 7169
235 239 2418 5909 1398 6037 968 5979 7863 2577 7018 4750 2106 4699 8377 7169
235 239 2418 1327 1398 6037 968 5909 7863 2577 7018 4750 2106 4699 8377 7169
235 239 1333 1327 1398 6037 968 5909 7863 2577 7018 2418 2106 4699 8377 7169
235 239 2418 1327 1398 6037 968 5909 7863 2577 7018 3109 2106 4699 8377 7169
235 239 2418 1327 1398 6037 968 5909 8024 2577 7018 3109 2106 4699 8377 7169
235 239 2418 1327 2577 6037 968 5909 8024 7191 7018 3109 2106 4699 8377 7169
235 239 1224 1327 2577 2418 968 5909 8024 7191 7018 3109 2106 4699 8377 7169
235 239 1224 1327 2577 2418 968 5909 8024 4167 7018 3109 2106 4699 8377 7169
235 239 975 1327 2577 2418 968 5909 8024 4167 7018 3109 2106 4699 8377 7169
235 239 975 1327 2577 2418 2920 5909 8024 4167 7018 3109 2106 4699 8377 7169
235 239 2418 1327 2577 2490 2920 5909 8024 4167 7018 3109 2106 4699 8377 7169
235 1188 2418 1327 2577 2490 2920 5909 8024 4167 7018 3109 2106 4699 8377 7169
235 1188 2418 322 2577 2490 2920 5909 8024 4167 7018 3109 2106 4699 8377 1327
322 1188 2418 2106 2577 2490 2920 5909 8024 4167 7018 3109 6354 4699 8377 1327
322 1188 2418 2920 2577 2490 4470 5909 8024 4167 7018 3109 6354 4699 8377 1327
322 1188 2418 2920 2577 2490 4470 5909 8024 4167 7018 3109 8910 4699 8377 1327
322 1188 2418 2920 2577 2490 4470 5909 8024 4167 7018 3109 8910 4957 8377 1327
322 1188 1511 2920 2577 2490 4470 5909 8024 4167 7018 3109 8910 4957 8377 1327
322 1188 1511 2920 2577 3464 4470 5909 8024 4167 7018 3109 8910 4957 8377 1327
322 1188 1511 2920 4167 3464 4470 5909 8024 4613 7018 3109 8910 4957 8377 1327
322 1188 1511 2920 4167 3464 4470 5909 8024 4613 7018 3923 8910 4957 8377 1327
322 1188 1511 2920 4167 3464 4470 5909 8024 4613 7018 3923 7113 4957 8377 1327
322 1188 2046 2920 4167 3464 4470 5909 8024 4613 7018 3923 7113 4957 8377 1327
322 1188 2046 2920 2745 3464 4470 5909 8024 4167 7018 3923 7113 4957 8377 1327
322 1188 2046 2920 2401 3464 4470 5909 8024 2745 7018 3923 7113 4957 8377 1327
322 1188 2046 2920 2401 3464 7113 5909 8024 2745 7018 3923 9975 4957 8377 1327
322 1188 2046 2920 2401 3464 7113 4154 8024 2745 7018 3923 9975 4957 5909 1327
322 584 2046 2920 1188 3464 7113 4154 8024 2745 7018 3923 9975 4957 5909 1327
322 584 2046 2920 1188 3464 7113 4154 8024 2745 7018 3923 9975 4957 5909 9283
322 584 2046 2920 1188 3464 7113 4154 8024 2745 4082 3923 9975 4957 5909 9283
346 584 2046 2920 1188 3464 7113 4154 8024 2745 4082 3923 9975 4957 5909 9283
346 584 2046 2920 1188 3464 4552 4154 8024 2745 4082 3923 7113 4957 5909 9283
346 584 2046 2920 1188 3464 4552 5909 8024 2745 4082 3923 7113 4957 6393 9283
346 584 2046 2920 1188 3464 4552 5909 8024 2745 4082 9725 7113 4957 6393 9283
346 584 2046 2920 1188 3464 4552 5909 8024 2745 4082 9725 7113 3176 6393 9283
346 584 2046 2920 1188 3464 4552 5909 8024 1466 4082 9725 7113 3176 6393 9283
346 584 2046 2920 5078 3464 4552 5909 8024 1466 4082 9725 7113 3176 6393 9283
346 584 2046 2920 5078 3464 4552 5909 8024 1466 4082 9725 7113 8384 6393 9283
346 584 2046 2920 7739 3464 4552 5909 8024 1466 4082 9725 7113 8384 6393 9283
346 584 2046 2920 7739 4082 4552 5909 8024 1466 8262 9725 7113 8384 6393 9283
346 584 2046 2920 7739 4082 4552 6393 8024 1466 8262 9725 7113 8384 9490 9283
346 584 2046 2920 3339 4082 4552 6393 7739 1466 8262 9725 7113 8384 9490 9283
346 584 2046 2920 3339 4082 4552 6393 7739 1466 8262 9725 7113 8384 8564 9283
346 584 2046 2920 3339 4082 4552 6393 7739 8052 8262 9725 7113 8384 8564 9283
346 2046 3339 2920 6341 4082 4552 6393 7739 8052 8262 9725 7113 8384 8564 9283
346 2046 3339 2920 6341 4082 4552 6393 7739 8052 8262 9483 7113 8384 8564 9283
346 2046 3339 2920 6341 4082 4552 6393 7739 8052 8262 3255 7113 8384 8564 9283
346 2046 3339 2920 6341 2263 4552 6393 7739 8052 8262 3255 7113 8384 8564 9283
346 2046 2130 2920 3339 2263 4552 6393 7739 6341 8262 3255 7113 8384 8564 9283
2046 2612 2130 2920 3339 2263 4552 6393 7739 6341 8262 3255 7113 8384 8564 9283
1559 2612 2130 2920 3339 2263 4552 6393 7739 6341 8262 3255 7113 8384 8564 9283
137 1559 2130 2920 3339 2263 4552 2612 7739 6341 8262 3255 7113 8384 8564 9283
137 2130 2263 2920 3339 3255 4552 2612 7739 6341 8262 6493 7113 8384 8564 9283
137 2263 3339 2920 6341 3255 4552 2612 7739 8210 8262 6493 7113 8384 8564 9283
137 2263 3339 2920 6341 3255 4552 2612 7739 8210 8262 6493 7113 8384 7907 9283
137 1719 3339 2920 6341 3255 4552 2612 7739 8210 2263 6493 7113 8384 7907 9283
137 1719 3339 2920 6341 3255 4552 2612 7739 8210 2263 6493 5455 8384 7907 9283
137 2263 3339 2920 6341 3255 4552 2612 7739 8210 4606 6493 5455 8384 7907 9283
137 2263 3339 2920 6341 3255 4552 2612 7739 8210 9357 6493 5455 8384 7907 9283
137 2263 3339 1176 6341 3255 4552 2612 7739 8210 9357 6493 5455 8384 7907 9283
137 2263 3339 1176 4586 3255 4552 2612 7739 8210 9357 6493 5455 8384 7907 9283
137 2263 3339 1176 4586 3255 5455 2612 7739 8210 9357 6493 7728 8384 7907 9283
1176 2263 3339 2612 4586 3255 5455 4663 7739 8210 9357 6493 7728 8384 7907 9283
1176 1670 3339 2612 4586 2263 5455 4663 7739 8210 9357 6493 7728 8384 7907 9283
1176 1670 3339 2612 4586 2263 5455 4663 7739 8210 9357 6493 7728 8384 7907 6588
1176 1670 3339 2612 4586 2263 5455 4663 7739 8210 9357 6493 7728 6511 7907 6588
1176 1670 3339 1647 4586 2263 5455 2612 7739 8210 9357 6493 7728 6511 4663 6588
1176 1670 3339 2612 4586 2263 5455 4097 7739 8210 9357 6493 7728 6511 4663 6588
1176 1670 3339 4097 4586 2263 5455 6588 7739 8210 9357 6493 7728 6511 4663 8233
1176 1670 3339 4097 4586 2263 5455 6588 7739 8210 9357 6626 7728 6511 4663 8233
1176 1670 3339 4097 4586 2263 5455 6588 7739 8210 9357 6626 8181 6511 4663 8233
1176 1670 3339 4663 4586 2263 5455 6588 7739 8210 9357 6626 8181 6511 7371 8233
620 1176 1670 4663 4586 2263 5455 6588 3339 8210 9357 6626 8181 6511 7371 8233
620 1176 1670 4663 4586 2263 5455 6588 3339 8210 6966 6626 8181 6511 7371 8233
1176 1670 3339 4663 4586 2263 5455 6588 4252 8210 6966 6626 8181 6511 7371 8233
1176 1670 3339 4663 3700 2263 5455 6588 4252 8210 6966 6626 8181 6511 7371 8233
1176 1670 3339 6588 3700 2263 5455 7371 4252 8210 6966 6626 8181 6511 9957 8233
1176 1670 3339 5952 3700 2263 5455 7371 4252 8210 6966 6626 8181 6511 9957 6588
733 1176 1670 5952 3700 2263 5455 7371 4252 8210 6966 6626 8181 6511 9957 6588
733 1176 1670 5374 3700 2263 5455 7371 4252 8210 6966 6626 8181 6511 9957 6588
733 1176 1670 5374 2727 2263 5455 7371 4252 3700 6966 6626 8181 6511 9957 6588
733 1176 1670 5374 2727 2263 5455 7371 4252 3700 6966 6626 8181 6511 7446 6588
733 1032 1670 5374 2727 2263 5455 7371 4252 3700 6966 6626 8181 6511 7446 6588
733 1032 1670 5374 2727 2263 5455 7371 5133 3700 6966 6626 8181 6511 7446 6588
733 1032 1670 5374 2727 2263 5455 7371 5133 3700 6757 6626 8181 6511 7446 6588
733 1032 1670 5374 2727 2263 5455 7371 5133 3700 6757 6626 8181 6511 7446 8559
733 5374 1670 5455 2727 2263 6297 7371 5133 3700 6757 6626 8181 6511 7446 8559
733 5374 1670 5455 2727 2263 6297 7371 4474 3700 6757 6626 8181 6511 7446 8559
733 1465 1670 5374 2727 2263 5455 7371 4474 3700 6757 6626 8181 6297 7446 8559
733 1465 1670 5374 2727 2263 5868 7371 4474 3700 6757 6626 8181 6297 7446 8559
733 1465 1670 5374 2727 2263 5868 7371 4474 3700 6757 6626 8181 6297 9015 8559
733 1465 2263 5374 2727 2545 5868 7371 4474 3700 6757 6626 8181 6297 9015 8559
733 1465 2263 5374 2727 4382 5868 7371 4474 3700 6757 6626 8181 6297 9015 8559
733 5374 2263 5868 2727 4382 6297 7371 4474 3700 6757 6626 8181 8625 9015 8559
733 5374 2263 5868 2727 6626 6297 7371 4474 3700 6757 9734 8181 8625 9015 8559
733 5374 2263 5868 2727 6626 6297 7371 4474 3700 6757 9734 8181 8625 8653 8559
733 5151 2263 5374 2727 6626 6297 7371 4474 3700 6757 9734 5868 8625 8653 8559
733 5151 2263 5374 2727 6626 6228 7371 4474 3700 6757 9734 5868 6297 8653 8559
733 5151 2263 5374 2727 6982 6228 7371 4474 3700 6757 9734 5868 6297 8653 8559
2263 5151 2727 5374 4474 6982 6228 7371 7225 3700 6757 9734 5868 6297 8653 8559
754 5151 2263 5374 4474 6982 6228 7371 7225 2727 6757 9734 5868 6297 8653 8559
754 5151 2263 5374 4474 6982 6228 7371 7225 9255 6757 9734 5868 6297 8653 8559
754 5151 2263 5659 4474 6982 6228 7371 7225 9255 6757 9734 5868 6297 8653 8559
754 840 2263 5151 4474 6982 6228 5659 7225 9255 6757 9734 5868 6297 7371 8559
754 5151 2263 5659 4474 6982 6228 7371 7225 9255 6757 9734 5868 6297 8770 8559
754 5151 5368 5659 4474 6982 6228 7371 7225 9255 6757 9734 5868 6297 8770 8559
754 2986 5368 5151 4474 6982 6228 5659 7225 9255 6757 9734 5868 6297 8770 8559
754 2986 5368 5151 4474 6982 6228 5659 8656 9255 6757 9734 5868 6297 8770 8559
754 2986 5368 5151 4474 6982 6228 5659 8656 9326 6757 9734 5868 6297 8770 8559
754 2986 5368 5151 6900 6982 6228 5659 8656 9326 6757 9734 5868 6297 8770 8559
754 2986 5368 5151 6900 6982 6228 5659 8398 9326 6757 9734 5868 6297 8770 8559
754 2986 5368 5151 6900 6982 6228 5659 8307 9326 6757 9734 5868 6297 8770 8559
754 2986 5368 5151 6900 6982 6228 5659 8307 9326 6918 9734 5868 6297 8770 8559
754 2986 5368 5151 6900 6982 6297 5659 8307 9326 6918 9734 5868 7651 8770 8559
754 2986 6252 5151 6900 6982 6297 5659 8307 9326 6918 9734 5868 7651 8770 8559
754 2986 2526 5151 6900 6982 6297 5659 8307 9326 6252 9734 5868 7651 8770 8559
754 2200 2526 5151 6900 6982 6297 2986 8307 9326 6252 9734 5868 7651 8770 8559
214 2200 2526 5151 754 6982 6297 2986 6900 9326 6252 9734 5868 7651 8770 8559
214 2183 2526 5151 754 6982 6297 2200 6900 9326 6252 9734 5868 7651 8770 8559
214 2183 2526 5151 754 6982 6297 2200 6900 9326 6252 9734 5868 7651 7568 8559
214 2183 2526 5151 754 6982 6297 2200 6900 9326 6252 9734 9271 7651 7568 8559
214 2183 2526 3834 754 6982 5151 2200 6900 9326 6252 9734 9271 6297 7568 8559
214 2183 2526 3834 754 4788 5151 2200 6900 9326 6252 9734 9271 6297 7568 8559
214 2183 2526 3834 754 4788 5151 2200 6900 9326 7862 9734 9271 6297 7568 8559
754 2183 2526 3834 1186 4788 5151 2200 6900 9326 7862 9734 9271 6297 7568 8559
754 2183 2526 2838 1186 4788 5151 2200 6900 9326 7862 9734 9271 3834 7568 8559
754 2183 2526 2838 1186 4788 5151 2200 6900 9326 7862 9734 9271 3950 7568 8559
754 2183 2526 2838 1186 4788 5151 2200 6900 9326 7862 9734 7566 3950 7568 8559
754 2183 4788 2838 1186 5942 5151 2200 6900 9326 7862 9734 7566 3950 7568 8559
754 2183 4788 2838 1186 5942 5151 2200 6900 7268 7862 9734 7566 3950 7568 8559
754 2183 4788 3950 1186 5942 5151 2200 6900 7268 7862 9734 7566 7102 7568 8559
754 2183 4788 3950 1186 5942 5151 2200 6900 7268 7862 9734 7566 7131 7568 8559
1186 2183 4788 3950 1295 5942 5151 2200 6900 7268 7862 9734 7566 7131 7568 8559
1186 2183 4788 3950 1295 7735 5151 2200 6900 7268 7862 9734 7566 7131 7568 8559
1186 2183 3097 3950 1295 4788 5151 2200 6900 7268 7735 9734 7566 7131 7568 8559
1113 2183 1186 3950 1295 4788 5151 2200 6900 7268 3097 9734 7566 7131 7568 8559
362 2183 1113 3950 1186 4788 5151 2200 6900 1295 3097 9734 7566 7131 7568 8559
362 2183 1113 3950 1186 4788 5151 2200 6900 1295 3097 9734 8015 7131 7568 8559
362 2183 1113 3950 1186 4788 5151 8559 6900 1295 3097 9734 8015 7131 7568 9254
362 3950 1113 6161 1186 4788 5151 8559 6900 1295 3097 9734 8015 7131 7568 9254
362 3950 3097 6161 1186 4788 5151 8559 6900 1295 7971 9734 8015 7131 7568 9254
362 1210 3097 3950 1186 4788 5151 6161 6900 1295 7971 9734 8015 7131 7568 8559
362 1210 3097 3950 1186 4788 5151 6161 6900 1295 7971 9253 8015 7131 7568 8559
362 1210 671 3950 1186 4788 5151 6161 6900 1295 7971 9253 8015 7131 7568 8559
362 1210 671 3950 1186 4788 5151 6161 8758 1295 7971 9253 8015 7131 7568 8559
362 1210 671 3941 1186 4788 3950 6161 8758 1295 7971 9253 5151 7131 7568 8559
362 1210 671 3941 1186 4788 3950 6161 3029 1295 7971 9253 5151 7131 7568 8559
362 1210 671 3941 1186 4788 3950 6161 3869 1295 7971 9253 5151 7131 7568 8559
362 1210 671 3941 1186 4788 7131 6161 3869 1295 7971 9253 5151 9586 7568 8559
362 1210 671 3941 1186 4788 7131 6161 3869 1295 7971 9253 5151 9586 7568 6167
362 1210 671 3941 1186 4788 7131 6161 3063 1295 7971 9253 5151 9586 7568 6167
362 1210 671 3941 1186 4788 4089 6161 3063 1295 7971 9253 5151 7131 7568 6167
362 1210 671 4089 1186 4788 5151 6161 3063 1295 7971 9253 5504 7131 7568 6167
362 1210 671 4089 1186 4788 5151 6161 3063 1295 7971 6996 5504 7131 7568 6167
362 1210 671 4089 1186 4788 5151 6680 3063 1295 7971 6996 5504 7131 7568 6167
362 1210 671 4089 1186 4788 5151 5162 3063 1295 7971 6996 5504 7131 6680 6167
362 1210 671 4089 1186 3667 5151 5162 3063 1295 7971 4788 5504 7131 6680 6167
362 1210 671 4089 1186 3667 5151 5162 3063 1295 5567 4788 5504 7131 6680 6167
362 1210 671 4089 1186 3667 5151 5162 5218 1295 5567 4788 5504 7131 6680 6167
362 752 671 1210 1186 3667 5151 5162 5218 1295 5567 4788 5504 7131 6680 6167
362 752 671 1210 2703 3667 5151 5162 5218 1295 5567 4788 5504 7131 6680 6167
362 752 671 1631 2703 3667 5151 5162 5218 1295 5567 4788 5504 7131 6680 6167
362 752 671 1631 2703 3667 5504 5162 5218 1295 5567 4788 8592 7131 6680 6167
671 752 1295 1631 2703 3667 5504 5162 5218 9056 5567 4788 8592 7131 6680 6167
671 752 1295 1631 4616 3667 5504 5162 5218 9056 5567 4788 8592 7131 6680 6167
671 752 1295 1631 4616 1438 5504 5162 5218 9056 5567 3667 8592 7131 6680 6167
671 752 1295 1631 4616 1438 5504 5162 5218 9056 8128 3667 8592 7131 6680 6167
671 752 1295 2475 4616 1438 5504 5162 5218 9056 8128 3667 8592 7131 6680 6167
671 752 1295 2348 4616 1438 5504 5162 5218 9056 8128 3667 8592 7131 6680 2475
671 752 1295 2475 4616 1438 5504 5162 5218 9056 8128 3667 8592 7131 6680 6890
671 752 1295 2475 4616 1438 5504 5162 5218 9056 4285 3667 8592 7131 6680 6890
560 671 1295 2475 4616 1438 752 5162 5218 9056 4285 3667 5504 7131 6680 6890
560 671 1295 1265 4616 1438 752 5162 5218 9056 4285 3667 5504 7131 6680 6890
560 1295 1438 1265 4616 2372 752 5162 5218 9056 4285 3667 5504 7131 6680 6890
560 1295 1438 1265 4616 2034 752 5162 5218 9056 4285 3667 5504 7131 6680 6890
560 1295 2034 1265 4616 3422 752 5162 5218 9056 4285 3667 5504 7131 6680 6890
560 1108 2034 1265 1295 3422 752 5162 5218 9056 4285 3667 5504 7131 6680 6890
560 1108 2034 1265 1295 3422 752 4291 5218 9056 4285 3667 5504 7131 5162 6890
560 1108 2034 1265 1295 3422 752 4291 5218 9056 4285 3980 5504 7131 5162 6890
560 1295 2034 1265 4855 3422 752 4291 5218 9056 4285 3980 5504 7131 5162 6890
560 1295 2034 3301 4855 3422 752 4291 5218 9056 4285 3980 5504 7131 5162 6890
560 1295 3422 3301 4855 4285 752 4291 5218 9056 9557 3980 5504 7131 5162 6890
560 1295 2420 3301 4855 4285 752 4291 5218 9056 9557 3422 5504 7131 5162 6890
560 1295 2420 3301 4855 4285 752 4291 5218 9056 9557 9678 5504 7131 5162 6890
560 1295 2420 3301 4855 4285 752 4291 4873 9056 9557 9678 5504 7131 5162 6890
560 1295 2420 3301 4855 4285 752 5162 4873 9056 9557 9678 5504 7131 7177 6890
752 1295 2420 3301 4855 4285 5504 5162 4873 9056 9557 9678 7456 7131 7177 6890
1295 3301 2420 5504 4855 4285 7131 5162 4873 9056 9557 9678 7456 9629 7177 6890
1295 5162 2420 5504 4855 4285 7131 6855 4873 9056 9557 9678 7456 9629 7177 6890
1295 5162 2420 5504 4855 4285 7131 6855 4873 8755 9557 9678 7456 9629 7177 6890
1295 5162 2420 5504 4855 4285 7131 6855 4873 8755 9557 9678 7456 8444 7177 6890
1148 5162 1295 5504 4855 4285 7131 6855 4873 8755 9557 2420 7456 8444 7177 6890
1295 5162 2420 5504 4855 4285 7131 6855 4873 8755 9557 8957 7456 8444 7177 6890
1295 5162 2420 6102 4855 4285 7131 6855 4873 8755 9557 8957 7456 8444 7177 6890
1060 5162 2420 6102 4855 4285 7131 6855 4873 1295 9557 8957 7456 8444 7177 6890
948 5162 2420 6102 4855 4285 7131 6855 4873 1295 9557 8957 7456 8444 7177 6890
948 5162 1301 6102 4855 4285 7131 6855 4873 1295 9557 2420 7456 8444 7177 6890
948 5162 2420 6102 4855 4285 7131 6855 4873 1295 9557 6115 7456 8444 7177 6890
948 5162 2420 6102 4855 4285 7131 6855 4873 1295 9557 3258 7456 8444 7177 6890
948 5162 2420 6102 4855 4285 7131 6855 4873 7249 9557 3258 7456 8444 7177 6890
95 948 2420 6102 4855 4285 7131 6855 4873 7249 9557 3258 7456 8444 7177 6890
95 948 2420 4585 4855 4285 6102 6855 4873 7249 9557 3258 7456 8444 7177 6890
95 948 2420 4585 4855 4285 6102 6855 4873 7249 9557 3258 7456 8444 7177 9875
95 948 2420 4585 4855 4285 6102 1160 4873 7249 9557 3258 7456 8444 7177 9875
95 525 948 4585 4855 4285 6102 1160 4873 7249 9557 3258 7456 8444 7177 9875
95 525 4855 4585 7249 4285 6102 1160 4873 9688 9557 3258 7456 8444 7177 9875
95 525 4855 4585 7249 8688 6102 1160 4873 9688 9557 3258 7456 8444 7177 9875
95 525 4855 4585 7249 7025 6102 1160 4873 9688 9557 3258 7456 8444 7177 9875
95 525 4855 4585 7249 7025 6102 1160 4873 9688 9557 3994 7456 8444 7177 9875
95 525 4855 4585 7249 7025 6102 1160 4873 9688 9557 3994 7456 8444 8691 9875
95 525 4855 3613 7249 7025 4585 1160 4873 9688 9557 3994 6102 8444 8691 9875
95 525 4855 365 7249 7025 3613 1160 4873 9688 9557 3994 6102 8444 8691 9875
95 525 4855 365 7249 7025 3613 1160 4873 9688 9557 3994 6102 8444 1320 9875
95 525 4855 365 7249 7025 3613 1160 4873 9688 9557 3994 9502 8444 1320 9875
95 525 4855 365 7249 7025 3613 8358 4873 9688 9557 3994 9502 8444 1320 9875
95 525 4855 365 7249 7025 3613 8358 4873 9688 9557 3994 9502 8444 6336 9875
95 525 4855 365 7249 7025 3613 8358 4873 9688 9557 4535 9502 8444 6336 9875
95 525 4855 365 7249 7025 3613 8358 4873 9688 9557 4535 9502 3389 6336 9875
95 525 4855 365 7249 7025 3613 8358 4873 9688 9557 7249 9502 3389 6336 9875
95 525 4855 365 7249 4499 3613 8358 4873 9688 9557 7249 9502 3389 6336 9875
95 525 4855 365 7249 1775 3613 8358 4873 9688 9557 7249 9502 3389 6336 9875
365 525 4855 1436 7249 1775 3613 8358 4873 9688 9557 7249 9502 3389 6336 9875
365 525 4855 1436 7249 1775 3613 8358 4873 9688 9557 9911 9502 3389 6336 9875
365 525 4855 1436 7249 4772 3613 8358 4873 9688 9557 9911 9502 3389 6336 9875
365 525 4855 1436 7249 4772 3613 8358 4873 9688 9557 9911 7128 3389 6336 9875
365 4772 4855 1436 7249 9413 3613 8358 4873 9688 9557 9911 7128 3389 6336 9875
365 4772 4855 1436 7249 9413 3613 8358 4873 9688 5545 9911 7128 3389 6336 9875
365 4772 4855 1436 7249 9413 1379 8358 4873 9688 5545 9911 3613 3389 6336 9875
365 3688 4855 1436 7249 4772 1379 8358 4873 9688 5545 9413 3613 3389 6336 9875
365 3688 4855 1436 7249 4772 1379 9875 4873 9688 5545 9413 3613 3389 6336 9915
365 3688 4855 1436 5942 4772 1379 9875 4873 9688 5545 9413 3613 3389 6336 9915
365 3688 4855 6336 5942 4772 1379 9875 4873 9688 5545 9413 3613 3389 9052 9915
1379 3688 4855 6336 5942 4772 2526 9875 4873 9688 5545 9413 3613 3389 9052 9915
1379 3688 4855 6336 5942 4772 2526 9875 4873 9688 5545 9413 3613 5340 9052 9915
1379 3688 4855 6336 5942 5545 2526 9875 4873 9688 8097 9413 3613 5340 9052 9915
1379 2958 3688 6336 4855 5545 2526 9875 4873 5942 8097 9413 3613 5340 9052 9915
1379 2958 5545 6336 4855 7643 2526 9875 4873 5942 8097 9413 3613 5340 9052 9915
1379 2958 5545 6336 4855 7643 5340 9875 4873 5942 8097 9413 3613 9277 9052 9915
1379 2958 7643 6336 4855 8097 5340 9875 4873 5942 9795 9413 3613 9277 9052 9915
1379 2958 7643 6336 3372 8097 5340 9875 4873 5942 9795 9413 3613 9277 9052 9915
1379 1667 2958 6336 3372 8097 5340 9875 4873 5942 9795 7643 3613 9277 9052 9915
1379 1667 2958 6336 3372 8097 5340 9875 4873 5942 9795 9608 3613 9277 9052 9915
1379 1667 3372 6336 5583 8097 5340 9875 4873 5942 9795 9608 3613 9277 9052 9915
1667 3613 3372 6336 5583 8097 5340 9875 4873 5942 9795 9608 4984 9277 9052 9915
1656 1667 3372 6336 5583 8097 5340 9875 4873 5942 9795 9608 3613 9277 9052 9915
1656 1667 3372 6336 5583 8097 3525 9875 4873 5942 9795 9608 3613 5340 9052 9915
1656 3372 8097 6336 5583 9608 3525 9875 4873 5942 9795 9854 3613 5340 9052 9915
1656 3372 8097 6336 5583 9608 3525 9875 4873 5942 9795 9854 2860 5340 9052 9915
1656 3372 8097 6336 5583 9608 3525 9875 4873 5942 9795 9854 2860 5340 7418 9915
1656 3372 8097 6336 5583 9608 4143 9875 4873 5942 9795 9854 2860 5340 7418 9915
1656 3372 8097 7418 5583 9608 4143 9875 4873 5942 9795 9854 2860 5340 9108 9915
1656 2013 3372 7418 5583 8097 4143 9875 4873 5942 9795 9854 2860 5340 9108 9915
1656 2013 3372 7418 5583 8791 4143 9875 4873 5942 9795 9854 2860 5340 9108 9915
1656 2013 3372 7418 5583 8791 4143 9875 5848 5942 9795 9854 2860 5340 9108 9915
1656 2013 3372 7418 5942 8791 4143 9875 5848 8483 9795 9854 2860 5340 9108 9915
1656 2013 3372 7418 5942 8791 4736 9875 5848 8483 9795 9854 2860 5340 9108 9915
1656 2013 3372 7418 5942 8791 4736 9875 5848 8483 8885 9854 2860 5340 9108 9915
1656 2013 3372 7418 5942 8791 4736 9875 5848 8483 8885 9854 2860 5340 8654 9915
197 1656 3372 7418 5942 8791 4736 9875 5848 8483 8885 2013 2860 5340 8654 9915
197 1656 3372 7418 5942 8791 4509 9875 5848 8483 8885 2013 2860 4736 8654 9915
197 1656 3372 7418 5942 2339 4509 9875 5848 8483 8885 2013 2860 4736 8654 9915
197 1656 3372 7418 5942 2339 4509 7874 5848 8483 8885 2013 2860 4736 8654 9875
197 1656 3372 7418 5942 2339 4509 7874 5848 8483 8413 2013 2860 4736 8654 9875
197 1656 3372 7418 5942 2339 4509 7874 5848 8483 8413 2013 9770 4736 8654 9875
197 1656 3372 7418 5942 2339 4509 7874 5848 8483 8413 2013 9770 4736 8654 9753
197 1656 3372 7418 5942 2339 4509 7874 5848 8483 4125 2013 9770 4736 8654 9753
197 1656 2465 7418 3372 2339 4509 7874 5848 8483 4125 2013 9770 4736 8654 9753
197 1656 2465 7418 3372 2339 4509 7874 5848 8483 4125 2013 9770 6812 8654 9753
1656 2013 2465 7418 3372 2339 4509 7874 5848 8483 4125 4674 9770 6812 8654 9753
1656 2013 2465 7418 3372 2339 4509 7874 5848 9003 4125 4674 9770 6812 8654 9753
1656 2013 2465 7418 3372 2339 4509 7874 5848 9003 4125 4674 9770 6812 9746 9753
1656 2013 2465 5986 3372 2339 4509 7874 5848 9003 4125 4674 9770 6812 7418 9753
1273 2013 2465 1656 3372 2339 4509 7874 5848 9003 4125 4674 9770 6812 5986 9753
1216 2013 2465 1273 3372 2339 1656 7874 5848 9003 4125 4674 9770 4509 5986 9753
1216 2013 2465 5593 3372 2339 1656 7874 5848 9003 4125 4674 9770 4509 5986 9753
1216 2013 2465 5593 3372 2339 3775 7874 5848 9003 4125 4674 9770 4509 5986 9753
1216 2013 2465 5593 3372 2339 3775 7874 5826 9003 4125 4674 9770 4509 5986 9753
1216 2013 2465 3829 3372 2339 3775 5593 5826 9003 4125 4674 9770 4509 5986 9753
2013 3775 2465 3829 3372 2339 4509 5593 5826 9003 4125 4674 9770 5208 5986 9753
2013 3775 2465 3829 3372 4125 4509 5593 5826 9003 4474 4674 9770 5208 5986 9753
2013 3775 2465 3829 3372 4125 4509 5593 5826 9003 4474 4674 9770 8347 5986 9753
2013 3775 2465 3829 3372 4474 4509 5593 5826 9003 8608 4674 9770 8347 5986 9753
2013 3775 2465 3829 3372 4474 4509 5986 5826 9003 8608 4674 9770 8347 7252 9753
2013 3775 2465 3829 3372 4474 5155 5986 5826 9003 8608 4674 9770 8347 7252 9753
2013 3775 2465 3829 3372 4474 5155 5986 5826 9003 8608 4674 9770 8347 7216 9753
2013 3775 2465 3829 3372 4474 5155 5986 9483 9003 8608 4674 9770 8347 7216 9753
2013 3775 2465 5906 3372 4474 5155 5986 9483 9003 8608 4674 9770 8347 7216 9753
2013 5155 2465 5906 3372 4474 6245 5986 9483 9003 8608 4674 9770 8347 7216 9753
329 2013 2465 5906 3372 4474 6245 5986 9483 9003 8608 4674 9770 5155 7216 9753
329 2013 2465 5906 3372 4474 6245 5986 6242 9003 8608 4674 9770 5155 7216 9753
329 2013 2465 5906 3372 4474 6245 5986 6242 9003 8608 4674 9770 6840 7216 9753
329 2013 2465 5906 3372 4474 6245 7216 6242 9003 8608 4674 9770 6840 9155 9753
329 2013 2465 5906 3372 4474 5210 7216 6242 9003 8608 4674 6245 6840 9155 9753
329 2013 2465 5906 3372 4474 5210 7216 6242 9760 8608 4674 6245 6840 9155 9753
116 329 2465 5906 3372 2013 5210 7216 6242 9760 8608 4674 6245 6840 9155 9753
116 329 2465 5906 3372 2013 5210 6188 6242 9760 8608 4674 6245 6840 9155 9753
116 329 2465 5906 6242 2013 5210 6188 9382 9760 8608 4674 6245 6840 9155 9753
116 329 297 5906 2465 2013 5210 6188 6242 9760 8608 4674 6245 6840 9155 9753
116 329 297 3782 2465 2013 5210 6188 6242 9760 8608 4674 6245 6840 9155 5906
116 236 297 329 2465 2013 5210 3782 6242 9760 8608 4674 6245 6840 9155 5906
116 236 297 329 2465 2013 5210 3782 6242 5106 8608 4674 6245 6840 9155 5906
116 329 297 3782 2465 2013 5210 4365 6242 5106 8608 4674 6245 6840 9155 5906
116 329 297 3782 2465 2013 5210 4365 6242 5106 8608 4674 6245 6840 6886 5906
116 329 297 3782 2465 2013 5210 4365 6242 5106 3549 4674 6245 6840 6886 5906
116 329 297 3782 2465 2013 5210 4365 6242 5106 3549 4818 6245 6840 6886 5906
116 3782 297 5210 2465 2013 6840 4365 6242 5106 3549 4818 6245 8590 6886 5906
116 3782 297 5210 2465 4818 6840 4365 6242 5106 3549 9826 6245 8590 6886 5906
116 3782 297 5210 2465 4818 6840 4365 6242 5106 3549 7032 6245 8590 6886 5906
116 3782 297 5210 2465 4818 7881 4365 6242 5106 3549 7032 6245 8590 6886 5906
116 4365 297 5210 2465 4818 7881 5906 6242 5106 3549 7032 6245 8590 6886 6155
116 4365 297 5210 2465 3302 7881 5906 6242 5106 3549 7032 6245 8590 6886 6155
116 4365 297 5210 2465 3302 7881 5906 6553 5106 3549 7032 6245 8590 6886 6155
116 4365 297 5210 2465 3302 7881 5906 6553 5106 3549 7032 6245 8590 5999 6155
116 4365 297 5210 2465 3302 7881 5906 6553 5106 1027 7032 6245 8590 5999 6155
116 2631 297 4365 2465 3302 5210 5906 6553 5106 1027 7032 6245 7881 5999 6155
116 2631 297 4365 2465 3302 5210 5906 2987 5106 1027 7032 6245 7881 5999 6155
116 2132 297 4365 2465 3302 5210 5906 2987 5106 1027 7032 6245 7881 5999 6155
116 2132 297 4365 2465 3302 5210 5906 2987 8300 1027 7032 6245 7881 5999 6155
116 1598 297 4365 2465 3302 2132 5906 2987 8300 1027 7032 5210 7881 5999 6155
116 1598 297 4365 2465 3302 2132 5906 2987 8300 1027 7032 5098 7881 5999 6155
116 2132 297 4365 2465 3302 5098 5906 2987 8300 1027 7032 7615 7881 5999 6155
116 2132 297 4365 2465 3302 5098 5906 2987 8300 1027 7032 9572 7881 5999 6155
116 2132 193 4365 2465 3302 5098 5906 2987 8300 1027 7032 9572 7881 5999 6155
116 2132 193 4365 2465 7032 5098 5906 2987 8300 1027 8768 9572 7881 5999 6155
116 2132 193 4365 2465 7032 5098 5906 7959 8300 1027 8768 9572 7881 5999 6155
116 2132 193 4365 2465 7032 5098 5906 698 8300 1027 8768 9572 7881 5999 6155
193 2132 1027 4365 2465 7032 5098 5906 698 8300 5895 8768 9572 7881 5999 6155
193 338 1027 4365 2465 7032 2132 5906 698 8300 5895 8768 5098 7881 5999 6155
193 338 1027 4365 2465 2169 2132 5906 698 8300 5895 7032 5098 7881 5999 6155
193 338 1027 4365 2465 4270 2132 5906 698 8300 5895 7032 5098 7881 5999 6155
193 338 4270 4365 2465 5895 2132 5906 698 8300 8161 7032 5098 7881 5999 6155
193 338 3687 4365 2465 5895 2132 5906 698 8300 8161 7032 5098 7881 5999 6155
193 338 3687 4365 2465 5895 2132 5906 2414 8300 8161 7032 5098 7881 5999 6155
193 338 3687 4365 2465 5895 2132 5906 2414 2898 8161 7032 5098 7881 5999 6155
193 338 3687 4959 2465 5895 2132 5906 2414 2898 8161 7032 5098 7881 5999 6155
193 338 3687 4959 2465 5895 2132 5906 8122 2898 8161 7032 5098 7881 5999 6155
193 338 3687 4959 2465 5895 2132 5906 8122 2898 8161 7032 5098 7881 5999 6828
338 1427 3687 4959 2465 5895 2132 5906 8122 2898 8161 7032 5098 7881 5999 6828
1427 2132 3687 4959 2465 5895 5098 5906 8122 2898 8161 7032 6881 7881 5999 6828
1427 2132 3687 4959 2465 5895 5098 5906 8122 2898 8161 7032 6881 7881 5999 7679
1427 2132 3687 2639 2465 5895 5098 5906 8122 2898 8161 7032 6881 7881 5999 7679
1427 2132 3687 2639 2465 5895 3968 5906 8122 2898 8161 7032 5098 7881 5999 7679
1427 2132 3687 2639 2465 5895 3968 3524 8122 2898 8161 7032 5098 7881 5999 5906
1427 2132 3687 2639 2465 5895 3968 3524 8122 2898 8161 7032 5098 6448 5999 5906
1427 2132 3687 2639 2465 5895 3968 5906 8122 2898 8161 7032 5098 6448 5999 7131
1427 2132 3687 2639 2465 5895 2492 5906 8122 2898 8161 7032 3968 6448 5999 7131
1427 2132 3687 2809 2465 5895 2492 5906 8122 2898 8161 7032 3968 6448 5999 7131
1427 2132 3687 2809 2465 5895 2492 5906 8122 2898 6925 7032 3968 6448 5999 7131
1427 2132 3687 2809 1859 5895 2492 5906 8122 2898 6925 7032 3968 6448 5999 7131
1859 2132 3687 2809 3521 5895 2492 5906 8122 2898 6925 7032 3968 6448 5999 7131
1859 2132 3292 2809 3521 3687 2492 5906 8122 2898 5895 7032 3968 6448 5999 7131
1859 2132 3292 2809 3521 6777 2492 5906 8122 2898 5895 7032 3968 6448 5999 7131
1859 2132 3292 2809 3521 6777 2492 5906 8122 2898 5895 7032 8583 6448 5999 7131
1859 2132 3292 2809 3521 6777 2492 5906 8122 2898 9945 7032 8583 6448 5999 7131
1859 2132 3292 2809 3521 6777 8583 5906 8122 2898 9945 7032 10000 6448 5999 7131
1859 2132 3292 2809 3521 6777 8583 5906 8122 9880 9945 7032 10000 6448 5999 7131
1859 2132 3292 2809 3521 6777 8583 5906 8122 9880 4614 7032 10000 6448 5999 7131
1715 1859 3292 2132 3521 6777 8583 2809 8122 9880 4614 7032 10000 6448 5999 5906
711 1715 1859 2132 3521 6777 8583 2809 8122 9880 4614 7032 10000 6448 5999 5906
51 1715 1859 2132 3521 6777 8583 2809 8122 9880 711 7032 10000 6448 5999 5906
51 1715 1859 2132 8122 6777 8583 2809 9942 9880 711 7032 10000 6448 5999 5906
51 183 1859 2132 8122 6777 8583 2809 9942 9880 711 7032 10000 6448 5999 5906
183 711 1859 2132 8122 6777 8583 2809 9942 9880 5967 7032 10000 6448 5999 5906
183 711 1859 1319 8122 6777 8583 2809 9942 9880 5967 7032 10000 2132 5999 5906
183 711 1859 1319 8122 6777 4797 2809 9942 9880 5967 7032 8583 2132 5999 5906
183 711 1859 1319 8122 6777 4797 2809 9942 9880 5967 7032 8583 6201 5999 5906
183 711 1859 1319 8122 3984 4797 2809 9942 9880 5967 7032 8583 6201 5999 5906
183 711 1859 1319 8122 4381 4797 2809 9942 9880 5967 7032 8583 6201 5999 5906
183 711 1859 972 8122 4381 4797 2809 9942 9880 5967 7032 8583 6201 5999 5906
172 183 711 972 8122 4381 4797 2809 9942 9880 5967 7032 8583 6201 5999 5906
172 183 711 1397 8122 4381 4797 2809 9942 9880 5967 7032 8583 6201 5999 5906
172 183 711 1397 8122 4381 4797 2809 9942 7084 5967 7032 8583 6201 5999 5906
172 183 711 1397 8122 4381 4797 2809 9942 7084 5967 8922 8583 6201 5999 5906
172 183 711 1397 8122 4381 4797 2809 9942 7084 4035 8922 8583 6201 5999 5906
172 183 711 1397 3406 4381 4797 2809 8122 7084 4035 8922 8583 6201 5999 5906
172 183 711 1397 3406 4381 4440 2809 8122 7084 4035 8922 8583 6201 5999 5906
172 183 711 1545 3406 4381 4440 2809 8122 7084 4035 8922 8583 6201 5999 5906
172 183 4035 1545 3406 4381 4440 2809 8122 7084 6598 8922 8583 6201 5999 5906
172 183 4035 1545 3406 8922 4440 2809 8122 7084 6598 9785 8583 6201 5999 5906
172 183 4035 1545 3406 8922 4440 2809 8122 4329 6598 9785 8583 6201 5999 5906
172 183 4035 1545 3406 8922 4440 2809 8122 4329 6598 9785 8583 6201 5999 7255
172 183 4035 1545 3406 8922 4440 2809 8122 4329 9473 9785 8583 6201 5999 7255
172 183 4035 1545 1601 8922 4440 2809 3406 4329 9473 9785 8583 6201 5999 7255
172 183 4035 1545 1601 8922 4440 2809 3406 4329 9473 9785 8583 8429 5999 7255
172 183 2846 1545 1601 4035 4440 2809 3406 4329 9473 9785 8583 8429 5999 7255
172 183 990 1545 1601 4035 4440 2809 3406 4329 9473 2846 8583 8429 5999 7255
172 183 990 1545 1601 4035 1607 2809 3406 4329 9473 2846 4440 8429 5999 7255
172 183 920 1545 1601 4035 1607 2809 3406 4329 9473 990 4440 8429 5999 7255
172 183 920 1607 1601 4035 7310 2809 3406 4329 9473 990 4440 8429 5999 7255
172 183 920 1607 1601 4035 7310 2809 3406 1827 9473 990 4440 8429 5999 7255
172 183 920 4440 1601 4035 7310 2809 3406 1827 9473 990 6180 8429 5999 7255
172 183 920 6084 1601 4035 7310 2809 3406 1827 9473 990 6180 8429 5999 7255
172 183 920 6084 1601 4923 7310 2809 3406 1827 9473 990 6180 8429 5999 7255
172 183 920 6084 1601 4923 7310 2809 9055 1827 9473 990 6180 8429 5999 7255
172 183 920 3219 1601 4923 7310 2809 9055 1827 9473 990 6084 8429 5999 7255
172 183 920 3219 1601 4923 7310 305 9055 1827 9473 990 6084 8429 2809 7255
172 183 920 3219 1601 4923 7310 305 9055 1827 9473 990 6084 8429 7321 7255
172 183 920 2301 1601 4923 3219 305 9055 1827 9473 990 6084 8429 7321 7255
172 183 920 2301 1601 4923 3219 305 9055 1827 9473 990 6084 6549 7321 7255
172 183 920 2301 1601 4923 3219 305 9055 1827 9473 990 6084 8466 7321 7255
