2251 5287 9319 9969
5287 9319 9405 9969
4375 5287 9319 9969
4375 5287 7219 9969
1677 5287 4375 9969
4375 5287 7284 9969
5287 7284 8473 9969
5287 5453 7284 9969
5287 7284 7740 9969
5287 5487 7284 9969
5287 5487 8549 9969
5287 5487 8549 8646
368 5287 5487 8646
368 5287 9190 8646
368 5287 9190 5772
368 5287 9190 6863
368 5287 8045 6863
368 3835 8045 5287
368 3835 8643 5287
3628 3835 8643 5287
82 3835 8643 5287
82 3483 8643 5287
82 5287 8643 5677
82 5294 8643 5677
82 5294 8643 7176
4904 5294 8643 7176
975 5294 8643 7176
975 5294 8844 7176
975 5294 3672 7176
975 5294 1844 7176
975 5294 1844 6922
975 6922 1844 8378
975 6922 2798 8378
975 6922 1386 8378
1386 6922 3457 8378
1386 8233 3457 8378
3457 8233 6318 8378
3457 8233 8006 8378
3457 3711 8006 8378
3457 7617 8006 8378
3068 7617 8006 8378
1936 3068 8006 7617
1656 1936 3068 7617
1656 1936 3068 9461
1656 1936 3694 9461
1566 1936 3694 9461
1936 3694 5467 9461
1936 3694 5467 3301
1936 3694 5467 4596
3694 4596 5467 7975
3694 6990 5467 7975
2644 6990 3694 7975
1671 2644 3694 7975
2316 2644 3694 7975
2644 3476 3694 7975
2644 3476 7938 7975
2644 2963 7938 7975
1133 2644 7938 2963
1133 2644 7938 6089
1647 2644 7938 6089
1647 2644 7938 7344
1647 2644 7938 2698
1647 3399 7938 2698
2698 3399 7938 2721
2698 3399 6677 2721
443 2698 6677 2721
443 2721 6677 9471
443 2721 8471 9471
443 2721 8471 8625
1797 2721 8471 8625
1797 2721 8969 8625
1797 8625 8969 9368
1797 3241 8969 8625
1797 3241 8969 5687
1797 3241 8969 6899
1866 3241 8969 6899
1391 1866 8969 3241
1866 3241 8969 4555
1866 3241 5522 4555
3241 5522 6471 4555
688 5522 6471 3241
688 2172 5522 3241
250 2172 5522 688
250 2172 7041 688
250 2172 8025 688
688 2172 8025 8091
2172 4577 8025 8091
105 4577 8025 8091
105 4577 8025 8587
105 1681 8025 8587
34 105 8025 1681
34 2135 8025 1681
34 3476 8025 1681
34 3476 8025 3548
34 3476 8025 3659
34 1597 3476 3659
34 1597 3476 4296
34 1597 3476 3069
34 562 3476 3069
34 562 8676 3069
34 8676 9916 3069
34 4255 9916 3069
34 6538 9916 3069
34 5529 6538 3069
34 5529 6538 2563
34 6538 6912 2563
34 2653 6538 2563
34 775 2653 2563
34 775 2653 917
775 917 2653 8980
775 2135 2653 8980
775 5884 2653 8980
775 5884 9816 8980
775 7054 9816 8980
775 3991 9816 8980
775 2206 9816 8980
775 2206 9816 6951
775 2206 9816 8733
775 2206 9816 7366
775 1678 9816 2206
775 1678 9816 2225
1678 1684 9816 2225
1678 1684 9816 1877
1678 1684 6455 1877
1684 1877 6455 6913
1684 1877 3466 6913
1684 1877 3466 9815
1684 1877 2711 9815
1684 1877 2711 4118
1684 1877 8735 4118
1684 1877 8735 7359
1684 1877 7701 7359
1877 6049 7701 7359
1877 6049 8398 7359
472 1877 8398 7359
472 1877 5923 7359
472 1877 5923 9311
472 1877 7372 9311
472 1877 2356 9311
472 510 2356 9311
510 2356 2462 9311
510 2356 9163 9311
510 8559 9163 9311
510 8559 9163 6216
510 6592 8559 6216
510 6592 8559 7589
510 6592 8559 847
510 5887 8559 847
510 524 8559 847
510 524 9618 847
510 524 9618 2991
383 510 9618 2991
383 2991 9618 8599
2991 5478 9618 8599
2991 6925 9618 8599
536 2991 9618 8599
536 8599 9618 9130
536 7313 9618 9130
2618 7313 9618 9130
2618 7047 9618 9130
1208 2618 9618 9130
431 1208 9618 9130
326 431 9618 1208
326 431 9957 1208
326 431 9957 4047
431 4047 9957 6197
431 4047 583 6197
431 4047 6466 6197
4047 6466 8515 6197
4047 5483 6466 6197
4047 5483 8546 6197
4324 5483 8546 6197
5483 6197 8546 8751
4122 6197 8546 8751
4122 6197 8546 8533
385 4122 8546 8533
385 727 4122 8533
385 4122 7204 8533
385 6057 7204 8533
385 737 7204 8533
737 5881 7204 8533
5881 7204 8182 8533
5881 7204 8182 9026
5881 7743 8182 9026
5881 7687 8182 9026
3030 7687 8182 9026
3030 7687 8182 8071
3030 7687 8182 6461
3030 8069 8182 6461
1556 8069 8182 6461
1556 5553 8182 6461
1556 5553 8182 6556
699 5553 8182 1556
699 5553 8182 6436
699 5553 8182 3541
699 3444 8182 3541
3444 3541 8182 3606
852 3541 3444 3606
852 3606 3444 7672
852 5588 3444 7672
440 852 3444 5588
440 3444 4433 5588
1889 3444 4433 5588
1584 1889 3444 5588
1584 1889 3444 4331
1584 4267 3444 4331
1584 4003 3444 4267
3444 4003 5068 4267
2233 4003 5068 4267
2233 4003 5068 5799
1425 2233 5068 4003
1425 5068 6496 4003
1425 5068 6496 8310
1425 5068 9163 8310
5068 5339 9163 8310
992 5068 9163 8310
587 992 9163 8310
587 992 9163 3899
587 992 9163 6245
587 992 9163 7778
992 3469 9163 7778
992 3469 7687 7778
3469 6777 7687 7778
3469 7393 7687 7778
3469 7393 5504 7778
5504 7393 6490 7778
4832 5504 6490 7778
4832 6490 6872 7778
2795 6490 6872 7778
2795 5825 6490 7778
2795 5825 6596 7778
2218 5825 6596 7778
2218 5825 6596 9979
2218 6596 6670 9979
6596 9553 6670 9979
6596 7357 6670 9979
329 6596 6670 9979
5441 6596 6670 9979
6596 9624 6670 9979
6596 9620 6670 9624
2531 9620 6596 9624
2531 9620 2775 9624
2775 9620 5103 9624
5103 9620 9640 9624
5103 7703 9640 9620
5103 6849 9640 9620
5103 6340 9640 6849
2999 5103 9640 6849
2999 5103 9640 9576
2999 4445 5103 9576
2999 5103 6965 9576
4301 5103 6965 9576
3362 4301 6965 9576
3362 4301 6965 8206
2816 3362 6965 4301
1585 3362 6965 4301
1585 3362 5051 4301
1585 5051 7907 4301
3228 5051 7907 4301
652 5051 7907 4301
652 4944 5051 4301
652 4944 9779 4301
652 4944 9779 7910
652 732 4944 7910
652 732 4944 4640
699 732 4944 4640
699 4944 7164 4640
699 4944 9499 4640
4640 4944 9499 8599
2407 4944 9499 4640
2407 4719 9499 4640
2097 2407 9499 4640
1095 2097 9499 4640
1095 2609 9499 4640
2609 4640 9499 6378
2306 2609 9499 6378
2306 9499 9614 6378
2306 5079 9499 6378
2306 8132 9499 6378
3329 8132 9499 6378
1338 8132 9499 3329
3329 8132 9499 4706
3329 7937 8132 4706
4706 7937 8132 9822
4706 7937 8132 6611
3158 7937 8132 4706
2126 7937 8132 3158
2126 5218 8132 3158
1503 2126 8132 3158
1503 2126 8132 6270
1503 2126 8132 7411
140 2126 8132 7411
799 2126 8132 7411
799 3673 8132 7411
799 3673 8132 9236
799 5655 8132 9236
799 5655 6468 9236
445 799 6468 5655
