5246 8458 8931 9053
5246 9053 8931 9676
5246 6041 8931 9053
1918 5246 8931 9053
5246 8534 8931 9053
4587 5246 8931 8534
4587 5866 8931 8534
309 5866 8931 8534
309 2540 8931 8534
309 2540 7038 8534
309 2540 7566 8534
309 2540 6245 8534
309 6245 9128 8534
309 2333 6245 8534
309 453 6245 8534
309 6245 8725 8534
57 309 6245 8534
57 309 4684 8534
309 4684 5650 8534
309 5650 9522 8534
309 5650 6301 8534
4996 5650 6301 8534
4996 5650 6301 9569
4996 6301 8850 9569
2322 4996 6301 9569
2322 4996 4130 9569
2322 4996 4130 5967
2322 5032 4130 5967
3152 5032 4130 5967
4130 5032 6285 5967
1821 5032 4130 5967
1821 5032 7335 5967
1798 5032 7335 5967
1798 5032 7335 5775
1798 2133 7335 5032
135 2133 1798 5032
135 5032 1798 8777
135 5032 1798 6549
135 5032 5700 6549
135 5032 5700 9035
5032 5700 7594 9035
3904 5700 7594 5032
1334 5700 7594 3904
165 1334 7594 3904
165 1334 7594 9269
165 4605 7594 9269
4605 6025 7594 9269
4605 6025 7594 5488
3776 6025 7594 4605
2993 3776 6025 4605
2993 4605 6025 7704
2993 4605 7352 7704
2993 4086 7352 7704
4086 7352 8608 7704
4138 7352 8608 7704
4138 7352 8608 4600
4600 7352 8608 7597
4600 6456 7352 7597
1763 4600 6456 7597
1088 4600 1763 7597
509 4600 1763 7597
1763 4600 5566 7597
1763 4600 5566 9901
1763 3388 5566 9901
115 1763 5566 3388
115 1763 6630 3388
115 1763 6630 6669
1763 6669 6630 9122
1763 6412 6630 9122
1763 8586 6630 9122
1763 8586 6375 9122
1763 8586 3307 9122
840 8586 1763 9122
840 3184 1763 9122
840 3184 5320 9122
840 3184 3575 9122
636 840 3575 3184
636 840 3575 5308
229 636 3575 5308
229 636 6819 5308
636 6055 6819 5308
636 1548 6055 5308
636 1548 6003 5308
636 1548 8396 5308
636 1548 8396 3368
1548 3368 8396 7750
1548 3368 2071 7750
1548 2994 2071 7750
1548 2994 9777 7750
1548 5329 9777 7750
5329 9322 9777 7750
6575 9322 9777 7750
1046 6575 9777 7750
1046 6378 9777 7750
193 1046 9777 6378
193 5316 9777 6378
193 5303 9777 6378
193 5303 9777 2572
193 5303 9777 2522
89 5303 9777 2522
2522 5303 9777 4841
4841 5303 9777 4857
2537 4841 9777 4857
1860 4841 9777 4857
1860 4841 9777 8791
4841 9501 9777 8791
4841 9501 9777 7310
1465 4841 9777 7310
1465 2916 9777 4841
1465 1643 9777 2916
1465 1643 8143 2916
1465 2916 8143 8261
2916 8143 9335 8261
4918 8143 9335 8261
4918 7488 9335 8261
917 7488 9335 8261
917 7488 9335 3181
917 3836 7488 3181
917 3836 5911 3181
3181 3836 5911 5478
3836 5478 5911 7884
281 3836 5911 5478
281 3836 5911 3938
281 3836 7005 3938
281 7005 8802 3938
281 4796 7005 3938
281 4796 7951 3938
281 4796 7951 5609
281 4796 7951 6318
4796 5353 7951 6318
228 5353 4796 6318
4796 5353 9329 6318
2919 5353 4796 6318
2261 2919 4796 5353
2261 2919 4796 2512
2261 2919 9186 2512
2261 5781 9186 2512
2261 5781 9186 7548
2261 5777 5781 7548
2261 5777 5781 4141
2261 5781 6966 4141
2261 5004 6966 4141
2261 5004 6966 4109
2261 5004 5550 4109
1040 2261 5550 4109
1040 2261 5828 4109
2261 4013 5828 4109
1176 4013 5828 4109
1176 4013 5828 9978
1176 4013 8899 9978
1176 3020 8899 9978
1176 3156 8899 9978
1176 3156 8899 1472
1176 1884 3156 1472
1176 1884 3156 3342
285 1884 3156 1176
285 3156 4767 1176
285 3156 5747 1176
285 3156 7650 1176
285 768 3156 1176
285 3156 6463 1176
1134 3156 6463 1176
1134 3156 6463 4623
3156 4623 6463 5768
3156 3777 6463 5768
3156 3777 4420 5768
3156 3777 4420 6332
3156 3777 7484 6332
1764 3156 7484 6332
1764 3156 5917 6332
1764 1994 5917 6332
1764 1994 5917 8599
1994 8599 5917 9907
5917 8599 7061 9907
762 8599 7061 9907
285 8599 7061 9907
285 4559 7061 9907
285 4559 7061 7906
285 7906 7061 9494
285 7235 7061 9494
285 2123 7061 9494
285 2123 730 9494
285 1303 730 2123
285 2123 730 7063
285 2123 730 3836
285 3836 730 8348
285 3836 7046 8348
285 6933 7046 8348
285 6933 8103 8348
285 6933 5341 8348
285 5800 5341 8348
285 1864 5341 8348
285 1864 5341 9899
285 1864 5341 4954
285 4954 5341 9459
285 4954 6866 9459
285 2846 6866 4954
285 2846 636 4954
285 1932 636 4954
285 1932 636 4828
285 1932 8864 4828
285 1932 8864 5659
1932 5732 8864 5659
1932 8864 8918 5659
1932 8864 8918 9638
1932 7169 8918 9638
1932 7169 8918 8477
143 7169 8918 8477
143 459 8918 8477
143 459 8918 6733
143 459 4758 6733
459 2808 4758 6733
459 2808 4758 2946
459 1402 4758 2808
1402 3054 4758 2808
2808 3054 4758 6661
2808 4758 5987 6661
2808 4758 5987 5194
2808 4758 5987 8595
2808 4758 5782 8595
2808 4758 5782 7487
2808 4758 5782 7254
2808 5782 6592 7254
2808 3395 6592 7254
264 3395 6592 2808
264 3395 6150 2808
264 3395 6150 2080
264 3395 6150 5888
264 773 6150 5888
264 773 6150 5420
264 307 773 5420
264 773 5452 5420
773 1305 5452 5420
1305 5452 8482 5420
5420 5452 8482 8647
5452 8547 8482 8647
4850 8547 5452 8647
3086 8547 4850 8647
3086 8547 6043 8647
3086 7692 6043 8647
1214 3086 6043 8647
1214 3086 3774 8647
3086 3432 3774 8647
2150 3432 3774 8647
2024 2150 3774 3432
1681 2150 3774 2024
1681 3774 5306 2024
2024 3774 5306 6263
3774 6263 5306 9965
3269 3774 5306 6263
3269 3774 5306 3628
806 3269 5306 3628
806 3628 5306 4744
806 3628 9354 4744
806 4744 9354 7671
2555 4744 9354 7671
717 2555 9354 4744
717 2555 6390 4744
717 2555 9484 4744
717 2555 9484 4599
717 994 2555 4599
717 994 2555 4475
717 994 2555 5145
624 717 2555 5145
624 795 2555 5145
624 2501 2555 5145
2501 2555 9548 5145
1745 2555 9548 5145
1417 1745 2555 5145
1417 3172 2555 5145
1417 3473 2555 5145
2555 3473 8188 5145
2555 3473 8188 6755
2555 3473 8188 8539
2555 4614 8188 8539
75 2555 8188 8539
75 2555 6032 8539
75 4731 6032 8539
75 4731 6032 1170
1170 4731 6032 7720
1170 4731 6032 2835
404 1170 4731 2835
404 2835 4731 8343
2835 4669 4731 8343
2835 4669 4731 6698
2835 4669 4731 3385
2835 4669 5544 3385
2835 4669 4722 3385
2835 3775 4722 3385
2835 3306 3775 3385
2835 3775 9867 3385
1672 2835 3775 3385
2835 3775 5872 3385
742 3775 5872 3385
742 5872 6082 3385
1513 5872 6082 3385
521 5872 6082 3385
521 2477 6082 3385
2477 3385 6082 7014
1277 2477 6082 7014
1270 2477 6082 7014
1270 2477 6082 9657
1270 6082 9697 9657
3840 6082 9697 9657
2055 6082 9697 3840
2055 6082 9697 2358
2055 6082 9722 2358
2055 6082 8054 2358
2055 6082 9202 2358
2055 6538 9202 2358
2358 6538 9202 8315
2358 6538 9202 3503
2358 4123 6538 3503
2358 4123 6375 3503
2358 6282 6375 3503
1730 2358 6282 3503
1730 2358 7062 3503
2358 7062 9900 3503
2358 7062 9900 3030
2358 7326 9900 3030
2358 7326 9900 8179
2358 3860 9900 8179
3860 8179 9900 9262
3860 9246 9900 9262
1629 9246 9900 9262
1629 6664 9900 9262
1629 6664 8640 9262
1629 6664 8640 7893
1629 6664 6217 7893
1629 1793 6217 7893
1629 1793 2069 7893
1629 3950 2069 7893
1629 3950 1964 7893
1629 3950 8981 7893
1629 3950 5442 7893
1629 3950 7656 7893
918 3950 7656 7893
918 3097 7656 7893
42 918 7656 3097
42 7656 8182 3097
3097 7656 8182 4828
604 7656 8182 4828
0 604 8182 4828
0 1841 8182 4828
0 1841 8182 3574
0 2417 8182 3574
0 1202 8182 2417
1202 8062 8182 2417
2417 8062 8182 5858
5858 8062 8182 6730
2200 8062 8182 5858
1732 2200 8182 5858
1732 2200 1777 5858
1777 2200 3218 5858
472 1777 3218 2200
472 1777 3324 2200
1777 2200 3324 3590
1777 2200 3324 5290
1777 5290 3324 5778
1777 5778 3324 7375
1777 5778 5953 7375
1777 7375 5953 8974
146 1777 5953 8974
325 1777 5953 8974
1777 3243 5953 8974
1777 8109 5953 8974
1777 8109 8349 8974
8109 8349 9232 8974
8109 8349 9817 8974
2508 8109 9817 8974
5606 8109 9817 8974
1121 5606 9817 8974
1066 5606 9817 1121
1066 5606 9817 7607
1066 1883 5606 7607
306 1066 1883 7607
1066 1883 3475 7607
1066 1883 3763 7607
97 1066 3763 7607
97 7607 3763 9223
97 7607 8799 9223
97 7607 9973 9223
97 5969 9973 7607
5365 5969 9973 7607
5365 5969 9571 7607
5146 5969 5365 7607
3022 5969 5365 7607
963 3022 5365 5969
963 3022 5365 5342
963 3022 5365 1261
601 3022 5365 1261
601 3022 8069 1261
601 3022 8069 602
601 3022 8069 7661
189 3022 8069 7661
189 1038 3022 7661
189 3022 9302 7661
189 3022 8705 7661
189 3022 7866 7661
189 3022 3988 7661
189 3610 3988 7661
660 3610 3988 7661
660 3988 4525 7661
660 3963 3988 7661
660 3963 3988 7185
660 3963 3988 4519
660 3963 3988 2651
660 3963 3988 6773
660 1068 3988 6773
660 1068 2920 6773
1068 5819 2920 6773
2920 5819 7071 6773
2920 3310 7071 5819
2920 3310 9173 5819
2920 3310 9897 5819
1248 2920 9897 5819
1248 4847 9897 5819
1248 9365 9897 5819
1248 4848 9365 5819
1248 4848 7800 5819
1248 2768 4848 5819
2768 5819 4848 6938
2768 4973 4848 5819
2768 4973 4848 7461
317 4973 4848 7461
317 4973 729 7461
317 4973 6369 7461
317 7235 6369 7461
317 7235 4360 7461
317 6641 4360 7461
317 3017 4360 7461
317 4285 4360 7461
4285 4360 9417 7461
4285 4360 6441 7461
1783 4285 6441 7461
1783 4285 6441 6669
1832 4285 6441 6669
1832 1977 6441 6669
1832 5731 6441 6669
1832 5731 2197 6669
244 1832 2197 5731
244 2197 2756 5731
244 2197 2756 8579
244 2646 2756 8579
244 2756 4936 8579
244 2756 4936 4275
244 2756 4936 1045
1045 2756 4936 2143
1045 4936 9587 2143
2143 4936 9587 3662
1615 4936 9587 2143
1615 4936 9587 8697
3275 4936 9587 8697
3275 4251 4936 8697
3275 4235 4936 8697
3275 4235 4936 4944
4235 4944 4936 9042
3987 4235 4936 4944
3987 4936 6146 4944
2518 4936 6146 4944
2518 4936 6146 5019
3858 4936 6146 5019
3858 4936 6146 9314
3858 4936 5940 9314
3858 4936 6426 9314
1996 3858 4936 9314
3858 4936 6821 9314
2117 4936 6821 3858
532 4936 6821 3858
532 6821 8670 3858
532 8670 9763 3858
532 7244 8670 3858
532 2875 8670 3858
532 2732 8670 3858
532 2732 5674 3858
532 2732 5674 7162
532 5674 7773 7162
532 4405 7773 7162
532 4405 7773 5052
532 7773 8190 5052
532 4673 8190 5052
2813 4673 8190 5052
